[0.033s] Invoking command in '/home/toni/toni_umrt_ros/build/telemetry_interfaces': CMAKE_PREFIX_PATH=${CMAKE_PREFIX_PATH}:/opt/ros/rolling DEBUGINFOD_URLS=https://debuginfod.ubuntu.com /usr/bin/cmake --build /home/toni/toni_umrt_ros/build/telemetry_interfaces -- -j4 -l4
[0.290s] [  1%] Built target FILES__rosidl_generator_type_description
[0.319s] [  1%] Built target ament_cmake_python_copy_telemetry_interfaces
[0.346s] [  3%] Built target FILES__cpp
[0.384s] [ 24%] Built target FILES__rosidl_generator_c
[0.470s] [ 33%] Built target FILES__rosidl_typesupport_cpp
[0.473s] [ 46%] Built target FILES__rosidl_typesupport_fastrtps_cpp
[0.473s] [ 51%] Built target FILES__rosidl_typesupport_introspection_cpp
[0.533s] [ 61%] Built target FILES__rosidl_typesupport_c
[0.545s] [ 70%] Built target FILES__rosidl_typesupport_introspection_c
[0.556s] [ 79%] Built target FILES__rosidl_typesupport_fastrtps_c
[0.607s] [ 79%] Built target FILES
[0.680s] [ 81%] Built target FILES__py
[0.757s] [ 88%] Built target FILES__rosidl_generator_py
[0.812s] [ 92%] Built target telemetry_interfaces_s__rosidl_typesupport_introspection_c
[0.814s] [ 96%] Built target telemetry_interfaces_s__rosidl_typesupport_fastrtps_c
[0.821s] [100%] Built target telemetry_interfaces_s__rosidl_typesupport_c
[0.975s] running egg_info
[1.017s] writing telemetry_interfaces.egg-info/PKG-INFO
[1.017s] writing dependency_links to telemetry_interfaces.egg-info/dependency_links.txt
[1.018s] writing top-level names to telemetry_interfaces.egg-info/top_level.txt
[1.156s] reading manifest file 'telemetry_interfaces.egg-info/SOURCES.txt'
[1.158s] writing manifest file 'telemetry_interfaces.egg-info/SOURCES.txt'
[1.216s] [100%] Built target ament_cmake_python_build_telemetry_interfaces_egg
[1.247s] Invoked command in '/home/toni/toni_umrt_ros/build/telemetry_interfaces' returned '0': CMAKE_PREFIX_PATH=${CMAKE_PREFIX_PATH}:/opt/ros/rolling DEBUGINFOD_URLS=https://debuginfod.ubuntu.com /usr/bin/cmake --build /home/toni/toni_umrt_ros/build/telemetry_interfaces -- -j4 -l4
[1.515s] Invoking command in '/home/toni/toni_umrt_ros/build/telemetry_interfaces': CMAKE_PREFIX_PATH=${CMAKE_PREFIX_PATH}:/opt/ros/rolling DEBUGINFOD_URLS=https://debuginfod.ubuntu.com /usr/bin/cmake --install /home/toni/toni_umrt_ros/build/telemetry_interfaces
[1.537s] -- Install configuration: ""
[1.542s] -- Up-to-date: /home/toni/toni_umrt_ros/install/telemetry_interfaces/share/ament_index/resource_index/rosidl_interfaces/telemetry_interfaces
[1.549s] -- Up-to-date: /home/toni/toni_umrt_ros/install/telemetry_interfaces/share/telemetry_interfaces/msg/Telemetry.json
[1.550s] -- Up-to-date: /home/toni/toni_umrt_ros/install/telemetry_interfaces/share/telemetry_interfaces/msg/Gps.json
[1.550s] -- Up-to-date: /home/toni/toni_umrt_ros/install/telemetry_interfaces/share/telemetry_interfaces/msg/Imu.json
[1.550s] -- Up-to-date: /home/toni/toni_umrt_ros/install/telemetry_interfaces/include/telemetry_interfaces/telemetry_interfaces
[1.551s] -- Up-to-date: /home/toni/toni_umrt_ros/install/telemetry_interfaces/include/telemetry_interfaces/telemetry_interfaces/msg
[1.552s] -- Up-to-date: /home/toni/toni_umrt_ros/install/telemetry_interfaces/include/telemetry_interfaces/telemetry_interfaces/msg/telemetry.h
[1.552s] -- Up-to-date: /home/toni/toni_umrt_ros/install/telemetry_interfaces/include/telemetry_interfaces/telemetry_interfaces/msg/gps.h
[1.553s] -- Up-to-date: /home/toni/toni_umrt_ros/install/telemetry_interfaces/include/telemetry_interfaces/telemetry_interfaces/msg/detail
[1.553s] -- Up-to-date: /home/toni/toni_umrt_ros/install/telemetry_interfaces/include/telemetry_interfaces/telemetry_interfaces/msg/detail/gps__struct.h
[1.554s] -- Up-to-date: /home/toni/toni_umrt_ros/install/telemetry_interfaces/include/telemetry_interfaces/telemetry_interfaces/msg/detail/imu__functions.c
[1.554s] -- Up-to-date: /home/toni/toni_umrt_ros/install/telemetry_interfaces/include/telemetry_interfaces/telemetry_interfaces/msg/detail/telemetry__functions.c
[1.554s] -- Up-to-date: /home/toni/toni_umrt_ros/install/telemetry_interfaces/include/telemetry_interfaces/telemetry_interfaces/msg/detail/gps__type_support.h
[1.554s] -- Up-to-date: /home/toni/toni_umrt_ros/install/telemetry_interfaces/include/telemetry_interfaces/telemetry_interfaces/msg/detail/telemetry__functions.h
[1.555s] -- Up-to-date: /home/toni/toni_umrt_ros/install/telemetry_interfaces/include/telemetry_interfaces/telemetry_interfaces/msg/detail/telemetry__struct.h
[1.555s] -- Up-to-date: /home/toni/toni_umrt_ros/install/telemetry_interfaces/include/telemetry_interfaces/telemetry_interfaces/msg/detail/imu__struct.h
[1.555s] -- Up-to-date: /home/toni/toni_umrt_ros/install/telemetry_interfaces/include/telemetry_interfaces/telemetry_interfaces/msg/detail/imu__description.c
[1.556s] -- Up-to-date: /home/toni/toni_umrt_ros/install/telemetry_interfaces/include/telemetry_interfaces/telemetry_interfaces/msg/detail/imu__type_support.h
[1.556s] -- Installing: /home/toni/toni_umrt_ros/install/telemetry_interfaces/include/telemetry_interfaces/telemetry_interfaces/msg/detail/imu__type_support.c
[1.556s] -- Up-to-date: /home/toni/toni_umrt_ros/install/telemetry_interfaces/include/telemetry_interfaces/telemetry_interfaces/msg/detail/telemetry__type_support.h
[1.556s] -- Up-to-date: /home/toni/toni_umrt_ros/install/telemetry_interfaces/include/telemetry_interfaces/telemetry_interfaces/msg/detail/telemetry__description.c
[1.557s] -- Installing: /home/toni/toni_umrt_ros/install/telemetry_interfaces/include/telemetry_interfaces/telemetry_interfaces/msg/detail/gps__type_support.c
[1.557s] -- Up-to-date: /home/toni/toni_umrt_ros/install/telemetry_interfaces/include/telemetry_interfaces/telemetry_interfaces/msg/detail/gps__functions.c
[1.557s] -- Up-to-date: /home/toni/toni_umrt_ros/install/telemetry_interfaces/include/telemetry_interfaces/telemetry_interfaces/msg/detail/imu__functions.h
[1.557s] -- Up-to-date: /home/toni/toni_umrt_ros/install/telemetry_interfaces/include/telemetry_interfaces/telemetry_interfaces/msg/detail/gps__description.c
[1.558s] -- Up-to-date: /home/toni/toni_umrt_ros/install/telemetry_interfaces/include/telemetry_interfaces/telemetry_interfaces/msg/detail/gps__functions.h
[1.558s] -- Installing: /home/toni/toni_umrt_ros/install/telemetry_interfaces/include/telemetry_interfaces/telemetry_interfaces/msg/detail/telemetry__type_support.c
[1.558s] -- Up-to-date: /home/toni/toni_umrt_ros/install/telemetry_interfaces/include/telemetry_interfaces/telemetry_interfaces/msg/imu.h
[1.558s] -- Up-to-date: /home/toni/toni_umrt_ros/install/telemetry_interfaces/include/telemetry_interfaces/telemetry_interfaces/msg/rosidl_generator_c__visibility_control.h
[1.558s] -- Up-to-date: /home/toni/toni_umrt_ros/install/telemetry_interfaces/share/telemetry_interfaces/environment/library_path.sh
[1.558s] -- Up-to-date: /home/toni/toni_umrt_ros/install/telemetry_interfaces/share/telemetry_interfaces/environment/library_path.dsv
[1.560s] -- Up-to-date: /home/toni/toni_umrt_ros/install/telemetry_interfaces/lib/libFILES__rosidl_generator_c.so
[1.560s] -- Up-to-date: /home/toni/toni_umrt_ros/install/telemetry_interfaces/include/telemetry_interfaces/telemetry_interfaces
[1.560s] -- Up-to-date: /home/toni/toni_umrt_ros/install/telemetry_interfaces/include/telemetry_interfaces/telemetry_interfaces/msg
[1.561s] -- Up-to-date: /home/toni/toni_umrt_ros/install/telemetry_interfaces/include/telemetry_interfaces/telemetry_interfaces/msg/detail
[1.561s] -- Up-to-date: /home/toni/toni_umrt_ros/install/telemetry_interfaces/include/telemetry_interfaces/telemetry_interfaces/msg/detail/imu__rosidl_typesupport_fastrtps_c.h
[1.561s] -- Up-to-date: /home/toni/toni_umrt_ros/install/telemetry_interfaces/include/telemetry_interfaces/telemetry_interfaces/msg/detail/gps__rosidl_typesupport_fastrtps_c.h
[1.561s] -- Up-to-date: /home/toni/toni_umrt_ros/install/telemetry_interfaces/include/telemetry_interfaces/telemetry_interfaces/msg/detail/telemetry__rosidl_typesupport_fastrtps_c.h
[1.561s] -- Up-to-date: /home/toni/toni_umrt_ros/install/telemetry_interfaces/include/telemetry_interfaces/telemetry_interfaces/msg/rosidl_typesupport_fastrtps_c__visibility_control.h
[1.562s] -- Up-to-date: /home/toni/toni_umrt_ros/install/telemetry_interfaces/lib/libFILES__rosidl_typesupport_fastrtps_c.so
[1.563s] -- Up-to-date: /home/toni/toni_umrt_ros/install/telemetry_interfaces/include/telemetry_interfaces/telemetry_interfaces
[1.563s] -- Up-to-date: /home/toni/toni_umrt_ros/install/telemetry_interfaces/include/telemetry_interfaces/telemetry_interfaces/msg
[1.563s] -- Up-to-date: /home/toni/toni_umrt_ros/install/telemetry_interfaces/include/telemetry_interfaces/telemetry_interfaces/msg/rosidl_typesupport_introspection_c__visibility_control.h
[1.563s] -- Up-to-date: /home/toni/toni_umrt_ros/install/telemetry_interfaces/include/telemetry_interfaces/telemetry_interfaces/msg/detail
[1.564s] -- Installing: /home/toni/toni_umrt_ros/install/telemetry_interfaces/include/telemetry_interfaces/telemetry_interfaces/msg/detail/imu__type_support.c
[1.564s] -- Up-to-date: /home/toni/toni_umrt_ros/install/telemetry_interfaces/include/telemetry_interfaces/telemetry_interfaces/msg/detail/telemetry__rosidl_typesupport_introspection_c.h
[1.564s] -- Installing: /home/toni/toni_umrt_ros/install/telemetry_interfaces/include/telemetry_interfaces/telemetry_interfaces/msg/detail/gps__type_support.c
[1.565s] -- Up-to-date: /home/toni/toni_umrt_ros/install/telemetry_interfaces/include/telemetry_interfaces/telemetry_interfaces/msg/detail/gps__rosidl_typesupport_introspection_c.h
[1.565s] -- Up-to-date: /home/toni/toni_umrt_ros/install/telemetry_interfaces/include/telemetry_interfaces/telemetry_interfaces/msg/detail/imu__rosidl_typesupport_introspection_c.h
[1.565s] -- Installing: /home/toni/toni_umrt_ros/install/telemetry_interfaces/include/telemetry_interfaces/telemetry_interfaces/msg/detail/telemetry__type_support.c
[1.567s] -- Up-to-date: /home/toni/toni_umrt_ros/install/telemetry_interfaces/lib/libFILES__rosidl_typesupport_introspection_c.so
[1.568s] -- Up-to-date: /home/toni/toni_umrt_ros/install/telemetry_interfaces/lib/libFILES__rosidl_typesupport_c.so
[1.569s] -- Up-to-date: /home/toni/toni_umrt_ros/install/telemetry_interfaces/include/telemetry_interfaces/telemetry_interfaces
[1.569s] -- Up-to-date: /home/toni/toni_umrt_ros/install/telemetry_interfaces/include/telemetry_interfaces/telemetry_interfaces/msg
[1.569s] -- Up-to-date: /home/toni/toni_umrt_ros/install/telemetry_interfaces/include/telemetry_interfaces/telemetry_interfaces/msg/telemetry.hpp
[1.570s] -- Up-to-date: /home/toni/toni_umrt_ros/install/telemetry_interfaces/include/telemetry_interfaces/telemetry_interfaces/msg/rosidl_generator_cpp__visibility_control.hpp
[1.570s] -- Up-to-date: /home/toni/toni_umrt_ros/install/telemetry_interfaces/include/telemetry_interfaces/telemetry_interfaces/msg/detail
[1.570s] -- Up-to-date: /home/toni/toni_umrt_ros/install/telemetry_interfaces/include/telemetry_interfaces/telemetry_interfaces/msg/detail/imu__struct.hpp
[1.570s] -- Up-to-date: /home/toni/toni_umrt_ros/install/telemetry_interfaces/include/telemetry_interfaces/telemetry_interfaces/msg/detail/telemetry__type_support.hpp
[1.570s] -- Up-to-date: /home/toni/toni_umrt_ros/install/telemetry_interfaces/include/telemetry_interfaces/telemetry_interfaces/msg/detail/imu__builder.hpp
[1.570s] -- Up-to-date: /home/toni/toni_umrt_ros/install/telemetry_interfaces/include/telemetry_interfaces/telemetry_interfaces/msg/detail/imu__traits.hpp
[1.571s] -- Up-to-date: /home/toni/toni_umrt_ros/install/telemetry_interfaces/include/telemetry_interfaces/telemetry_interfaces/msg/detail/gps__type_support.hpp
[1.571s] -- Up-to-date: /home/toni/toni_umrt_ros/install/telemetry_interfaces/include/telemetry_interfaces/telemetry_interfaces/msg/detail/telemetry__traits.hpp
[1.571s] -- Up-to-date: /home/toni/toni_umrt_ros/install/telemetry_interfaces/include/telemetry_interfaces/telemetry_interfaces/msg/detail/imu__type_support.hpp
[1.571s] -- Up-to-date: /home/toni/toni_umrt_ros/install/telemetry_interfaces/include/telemetry_interfaces/telemetry_interfaces/msg/detail/gps__builder.hpp
[1.571s] -- Up-to-date: /home/toni/toni_umrt_ros/install/telemetry_interfaces/include/telemetry_interfaces/telemetry_interfaces/msg/detail/telemetry__struct.hpp
[1.572s] -- Up-to-date: /home/toni/toni_umrt_ros/install/telemetry_interfaces/include/telemetry_interfaces/telemetry_interfaces/msg/detail/telemetry__builder.hpp
[1.572s] -- Up-to-date: /home/toni/toni_umrt_ros/install/telemetry_interfaces/include/telemetry_interfaces/telemetry_interfaces/msg/detail/gps__struct.hpp
[1.572s] -- Up-to-date: /home/toni/toni_umrt_ros/install/telemetry_interfaces/include/telemetry_interfaces/telemetry_interfaces/msg/detail/gps__traits.hpp
[1.572s] -- Up-to-date: /home/toni/toni_umrt_ros/install/telemetry_interfaces/include/telemetry_interfaces/telemetry_interfaces/msg/gps.hpp
[1.572s] -- Up-to-date: /home/toni/toni_umrt_ros/install/telemetry_interfaces/include/telemetry_interfaces/telemetry_interfaces/msg/imu.hpp
[1.572s] -- Up-to-date: /home/toni/toni_umrt_ros/install/telemetry_interfaces/include/telemetry_interfaces/telemetry_interfaces
[1.572s] -- Up-to-date: /home/toni/toni_umrt_ros/install/telemetry_interfaces/include/telemetry_interfaces/telemetry_interfaces/msg
[1.573s] -- Up-to-date: /home/toni/toni_umrt_ros/install/telemetry_interfaces/include/telemetry_interfaces/telemetry_interfaces/msg/detail
[1.573s] -- Up-to-date: /home/toni/toni_umrt_ros/install/telemetry_interfaces/include/telemetry_interfaces/telemetry_interfaces/msg/detail/telemetry__rosidl_typesupport_fastrtps_cpp.hpp
[1.573s] -- Up-to-date: /home/toni/toni_umrt_ros/install/telemetry_interfaces/include/telemetry_interfaces/telemetry_interfaces/msg/detail/dds_fastrtps
[1.573s] -- Up-to-date: /home/toni/toni_umrt_ros/install/telemetry_interfaces/include/telemetry_interfaces/telemetry_interfaces/msg/detail/gps__rosidl_typesupport_fastrtps_cpp.hpp
[1.574s] -- Up-to-date: /home/toni/toni_umrt_ros/install/telemetry_interfaces/include/telemetry_interfaces/telemetry_interfaces/msg/detail/imu__rosidl_typesupport_fastrtps_cpp.hpp
[1.574s] -- Up-to-date: /home/toni/toni_umrt_ros/install/telemetry_interfaces/include/telemetry_interfaces/telemetry_interfaces/msg/rosidl_typesupport_fastrtps_cpp__visibility_control.h
[1.574s] -- Up-to-date: /home/toni/toni_umrt_ros/install/telemetry_interfaces/lib/libFILES__rosidl_typesupport_fastrtps_cpp.so
[1.574s] -- Up-to-date: /home/toni/toni_umrt_ros/install/telemetry_interfaces/include/telemetry_interfaces/telemetry_interfaces
[1.574s] -- Up-to-date: /home/toni/toni_umrt_ros/install/telemetry_interfaces/include/telemetry_interfaces/telemetry_interfaces/msg
[1.574s] -- Up-to-date: /home/toni/toni_umrt_ros/install/telemetry_interfaces/include/telemetry_interfaces/telemetry_interfaces/msg/detail
[1.574s] -- Up-to-date: /home/toni/toni_umrt_ros/install/telemetry_interfaces/include/telemetry_interfaces/telemetry_interfaces/msg/detail/imu__type_support.cpp
[1.575s] -- Up-to-date: /home/toni/toni_umrt_ros/install/telemetry_interfaces/include/telemetry_interfaces/telemetry_interfaces/msg/detail/imu__rosidl_typesupport_introspection_cpp.hpp
[1.575s] -- Up-to-date: /home/toni/toni_umrt_ros/install/telemetry_interfaces/include/telemetry_interfaces/telemetry_interfaces/msg/detail/gps__type_support.cpp
[1.575s] -- Up-to-date: /home/toni/toni_umrt_ros/install/telemetry_interfaces/include/telemetry_interfaces/telemetry_interfaces/msg/detail/telemetry__type_support.cpp
[1.575s] -- Up-to-date: /home/toni/toni_umrt_ros/install/telemetry_interfaces/include/telemetry_interfaces/telemetry_interfaces/msg/detail/telemetry__rosidl_typesupport_introspection_cpp.hpp
[1.575s] -- Up-to-date: /home/toni/toni_umrt_ros/install/telemetry_interfaces/include/telemetry_interfaces/telemetry_interfaces/msg/detail/gps__rosidl_typesupport_introspection_cpp.hpp
[1.576s] -- Up-to-date: /home/toni/toni_umrt_ros/install/telemetry_interfaces/lib/libFILES__rosidl_typesupport_introspection_cpp.so
[1.578s] -- Up-to-date: /home/toni/toni_umrt_ros/install/telemetry_interfaces/lib/libFILES__rosidl_typesupport_cpp.so
[1.579s] -- Up-to-date: /home/toni/toni_umrt_ros/install/telemetry_interfaces/share/telemetry_interfaces/environment/pythonpath.sh
[1.579s] -- Up-to-date: /home/toni/toni_umrt_ros/install/telemetry_interfaces/share/telemetry_interfaces/environment/pythonpath.dsv
[1.579s] -- Up-to-date: /home/toni/toni_umrt_ros/install/telemetry_interfaces/lib/python3.12/site-packages/telemetry_interfaces-0.0.0-py3.12.egg-info
[1.580s] -- Installing: /home/toni/toni_umrt_ros/install/telemetry_interfaces/lib/python3.12/site-packages/telemetry_interfaces-0.0.0-py3.12.egg-info/SOURCES.txt
[1.580s] -- Installing: /home/toni/toni_umrt_ros/install/telemetry_interfaces/lib/python3.12/site-packages/telemetry_interfaces-0.0.0-py3.12.egg-info/dependency_links.txt
[1.580s] -- Installing: /home/toni/toni_umrt_ros/install/telemetry_interfaces/lib/python3.12/site-packages/telemetry_interfaces-0.0.0-py3.12.egg-info/top_level.txt
[1.581s] -- Installing: /home/toni/toni_umrt_ros/install/telemetry_interfaces/lib/python3.12/site-packages/telemetry_interfaces-0.0.0-py3.12.egg-info/PKG-INFO
[1.581s] -- Up-to-date: /home/toni/toni_umrt_ros/install/telemetry_interfaces/lib/python3.12/site-packages/telemetry_interfaces
[1.582s] -- Up-to-date: /home/toni/toni_umrt_ros/install/telemetry_interfaces/lib/python3.12/site-packages/telemetry_interfaces/_telemetry_interfaces_s.ep.rosidl_typesupport_introspection_c.c
[1.582s] -- Up-to-date: /home/toni/toni_umrt_ros/install/telemetry_interfaces/lib/python3.12/site-packages/telemetry_interfaces/telemetry_interfaces_s__rosidl_typesupport_fastrtps_c.so
[1.582s] -- Up-to-date: /home/toni/toni_umrt_ros/install/telemetry_interfaces/lib/python3.12/site-packages/telemetry_interfaces/telemetry_interfaces_s__rosidl_typesupport_introspection_c.so
[1.582s] -- Up-to-date: /home/toni/toni_umrt_ros/install/telemetry_interfaces/lib/python3.12/site-packages/telemetry_interfaces/msg
[1.583s] -- Up-to-date: /home/toni/toni_umrt_ros/install/telemetry_interfaces/lib/python3.12/site-packages/telemetry_interfaces/msg/_gps.py
[1.583s] -- Up-to-date: /home/toni/toni_umrt_ros/install/telemetry_interfaces/lib/python3.12/site-packages/telemetry_interfaces/msg/_telemetry.py
[1.583s] -- Up-to-date: /home/toni/toni_umrt_ros/install/telemetry_interfaces/lib/python3.12/site-packages/telemetry_interfaces/msg/_imu.py
[1.584s] -- Up-to-date: /home/toni/toni_umrt_ros/install/telemetry_interfaces/lib/python3.12/site-packages/telemetry_interfaces/msg/_telemetry_s.c
[1.584s] -- Up-to-date: /home/toni/toni_umrt_ros/install/telemetry_interfaces/lib/python3.12/site-packages/telemetry_interfaces/msg/_gps_s.c
[1.584s] -- Up-to-date: /home/toni/toni_umrt_ros/install/telemetry_interfaces/lib/python3.12/site-packages/telemetry_interfaces/msg/__init__.py
[1.584s] -- Up-to-date: /home/toni/toni_umrt_ros/install/telemetry_interfaces/lib/python3.12/site-packages/telemetry_interfaces/msg/_imu_s.c
[1.584s] -- Up-to-date: /home/toni/toni_umrt_ros/install/telemetry_interfaces/lib/python3.12/site-packages/telemetry_interfaces/_telemetry_interfaces_s.ep.rosidl_typesupport_fastrtps_c.c
[1.585s] -- Up-to-date: /home/toni/toni_umrt_ros/install/telemetry_interfaces/lib/python3.12/site-packages/telemetry_interfaces/telemetry_interfaces_s__rosidl_typesupport_c.so
[1.585s] -- Up-to-date: /home/toni/toni_umrt_ros/install/telemetry_interfaces/lib/python3.12/site-packages/telemetry_interfaces/_telemetry_interfaces_s.ep.rosidl_typesupport_c.c
[1.585s] -- Up-to-date: /home/toni/toni_umrt_ros/install/telemetry_interfaces/lib/python3.12/site-packages/telemetry_interfaces/__init__.py
[1.683s] Listing '/home/toni/toni_umrt_ros/install/telemetry_interfaces/lib/python3.12/site-packages/telemetry_interfaces'...
[1.683s] Listing '/home/toni/toni_umrt_ros/install/telemetry_interfaces/lib/python3.12/site-packages/telemetry_interfaces/msg'...
[1.697s] -- Up-to-date: /home/toni/toni_umrt_ros/install/telemetry_interfaces/lib/python3.12/site-packages/telemetry_interfaces/telemetry_interfaces_s__rosidl_typesupport_fastrtps_c.so
[1.698s] -- Up-to-date: /home/toni/toni_umrt_ros/install/telemetry_interfaces/lib/python3.12/site-packages/telemetry_interfaces/telemetry_interfaces_s__rosidl_typesupport_introspection_c.so
[1.700s] -- Up-to-date: /home/toni/toni_umrt_ros/install/telemetry_interfaces/lib/python3.12/site-packages/telemetry_interfaces/telemetry_interfaces_s__rosidl_typesupport_c.so
[1.703s] -- Up-to-date: /home/toni/toni_umrt_ros/install/telemetry_interfaces/lib/libFILES__rosidl_generator_py.so
[1.704s] -- Up-to-date: /home/toni/toni_umrt_ros/install/telemetry_interfaces/share/telemetry_interfaces/msg/Telemetry.idl
[1.704s] -- Up-to-date: /home/toni/toni_umrt_ros/install/telemetry_interfaces/share/telemetry_interfaces/msg/Gps.idl
[1.704s] -- Up-to-date: /home/toni/toni_umrt_ros/install/telemetry_interfaces/share/telemetry_interfaces/msg/Imu.idl
[1.705s] -- Up-to-date: /home/toni/toni_umrt_ros/install/telemetry_interfaces/share/telemetry_interfaces/msg/Telemetry.msg
[1.705s] -- Up-to-date: /home/toni/toni_umrt_ros/install/telemetry_interfaces/share/telemetry_interfaces/msg/Gps.msg
[1.705s] -- Up-to-date: /home/toni/toni_umrt_ros/install/telemetry_interfaces/share/telemetry_interfaces/msg/Imu.msg
[1.706s] -- Up-to-date: /home/toni/toni_umrt_ros/install/telemetry_interfaces/share/ament_index/resource_index/package_run_dependencies/telemetry_interfaces
[1.707s] -- Up-to-date: /home/toni/toni_umrt_ros/install/telemetry_interfaces/share/ament_index/resource_index/parent_prefix_path/telemetry_interfaces
[1.707s] -- Up-to-date: /home/toni/toni_umrt_ros/install/telemetry_interfaces/share/telemetry_interfaces/environment/ament_prefix_path.sh
[1.707s] -- Up-to-date: /home/toni/toni_umrt_ros/install/telemetry_interfaces/share/telemetry_interfaces/environment/ament_prefix_path.dsv
[1.707s] -- Up-to-date: /home/toni/toni_umrt_ros/install/telemetry_interfaces/share/telemetry_interfaces/environment/path.sh
[1.708s] -- Up-to-date: /home/toni/toni_umrt_ros/install/telemetry_interfaces/share/telemetry_interfaces/environment/path.dsv
[1.708s] -- Up-to-date: /home/toni/toni_umrt_ros/install/telemetry_interfaces/share/telemetry_interfaces/local_setup.bash
[1.708s] -- Up-to-date: /home/toni/toni_umrt_ros/install/telemetry_interfaces/share/telemetry_interfaces/local_setup.sh
[1.708s] -- Up-to-date: /home/toni/toni_umrt_ros/install/telemetry_interfaces/share/telemetry_interfaces/local_setup.zsh
[1.709s] -- Up-to-date: /home/toni/toni_umrt_ros/install/telemetry_interfaces/share/telemetry_interfaces/local_setup.dsv
[1.709s] -- Installing: /home/toni/toni_umrt_ros/install/telemetry_interfaces/share/telemetry_interfaces/package.dsv
[1.710s] -- Up-to-date: /home/toni/toni_umrt_ros/install/telemetry_interfaces/share/ament_index/resource_index/packages/telemetry_interfaces
[1.713s] -- Up-to-date: /home/toni/toni_umrt_ros/install/telemetry_interfaces/share/telemetry_interfaces/cmake/export_FILES__rosidl_generator_cExport.cmake
[1.714s] -- Up-to-date: /home/toni/toni_umrt_ros/install/telemetry_interfaces/share/telemetry_interfaces/cmake/export_FILES__rosidl_generator_cExport-noconfig.cmake
[1.715s] -- Up-to-date: /home/toni/toni_umrt_ros/install/telemetry_interfaces/share/telemetry_interfaces/cmake/export_FILES__rosidl_typesupport_fastrtps_cExport.cmake
[1.716s] -- Up-to-date: /home/toni/toni_umrt_ros/install/telemetry_interfaces/share/telemetry_interfaces/cmake/export_FILES__rosidl_typesupport_fastrtps_cExport-noconfig.cmake
[1.718s] -- Up-to-date: /home/toni/toni_umrt_ros/install/telemetry_interfaces/share/telemetry_interfaces/cmake/FILES__rosidl_typesupport_introspection_cExport.cmake
[1.718s] -- Up-to-date: /home/toni/toni_umrt_ros/install/telemetry_interfaces/share/telemetry_interfaces/cmake/FILES__rosidl_typesupport_introspection_cExport-noconfig.cmake
[1.720s] -- Up-to-date: /home/toni/toni_umrt_ros/install/telemetry_interfaces/share/telemetry_interfaces/cmake/FILES__rosidl_typesupport_cExport.cmake
[1.720s] -- Up-to-date: /home/toni/toni_umrt_ros/install/telemetry_interfaces/share/telemetry_interfaces/cmake/FILES__rosidl_typesupport_cExport-noconfig.cmake
[1.722s] -- Up-to-date: /home/toni/toni_umrt_ros/install/telemetry_interfaces/share/telemetry_interfaces/cmake/export_FILES__rosidl_generator_cppExport.cmake
[1.723s] -- Up-to-date: /home/toni/toni_umrt_ros/install/telemetry_interfaces/share/telemetry_interfaces/cmake/export_FILES__rosidl_typesupport_fastrtps_cppExport.cmake
[1.724s] -- Up-to-date: /home/toni/toni_umrt_ros/install/telemetry_interfaces/share/telemetry_interfaces/cmake/export_FILES__rosidl_typesupport_fastrtps_cppExport-noconfig.cmake
[1.725s] -- Up-to-date: /home/toni/toni_umrt_ros/install/telemetry_interfaces/share/telemetry_interfaces/cmake/FILES__rosidl_typesupport_introspection_cppExport.cmake
[1.726s] -- Up-to-date: /home/toni/toni_umrt_ros/install/telemetry_interfaces/share/telemetry_interfaces/cmake/FILES__rosidl_typesupport_introspection_cppExport-noconfig.cmake
[1.727s] -- Up-to-date: /home/toni/toni_umrt_ros/install/telemetry_interfaces/share/telemetry_interfaces/cmake/FILES__rosidl_typesupport_cppExport.cmake
[1.727s] -- Up-to-date: /home/toni/toni_umrt_ros/install/telemetry_interfaces/share/telemetry_interfaces/cmake/FILES__rosidl_typesupport_cppExport-noconfig.cmake
[1.729s] -- Up-to-date: /home/toni/toni_umrt_ros/install/telemetry_interfaces/share/telemetry_interfaces/cmake/export_FILES__rosidl_generator_pyExport.cmake
[1.729s] -- Up-to-date: /home/toni/toni_umrt_ros/install/telemetry_interfaces/share/telemetry_interfaces/cmake/export_FILES__rosidl_generator_pyExport-noconfig.cmake
[1.730s] -- Up-to-date: /home/toni/toni_umrt_ros/install/telemetry_interfaces/share/telemetry_interfaces/cmake/rosidl_cmake-extras.cmake
[1.730s] -- Up-to-date: /home/toni/toni_umrt_ros/install/telemetry_interfaces/share/telemetry_interfaces/cmake/ament_cmake_export_include_directories-extras.cmake
[1.730s] -- Up-to-date: /home/toni/toni_umrt_ros/install/telemetry_interfaces/share/telemetry_interfaces/cmake/ament_cmake_export_libraries-extras.cmake
[1.731s] -- Up-to-date: /home/toni/toni_umrt_ros/install/telemetry_interfaces/share/telemetry_interfaces/cmake/ament_cmake_export_targets-extras.cmake
[1.731s] -- Up-to-date: /home/toni/toni_umrt_ros/install/telemetry_interfaces/share/telemetry_interfaces/cmake/rosidl_cmake_export_typesupport_targets-extras.cmake
[1.731s] -- Up-to-date: /home/toni/toni_umrt_ros/install/telemetry_interfaces/share/telemetry_interfaces/cmake/ament_cmake_export_dependencies-extras.cmake
[1.731s] -- Up-to-date: /home/toni/toni_umrt_ros/install/telemetry_interfaces/share/telemetry_interfaces/cmake/rosidl_cmake_export_typesupport_libraries-extras.cmake
[1.732s] -- Up-to-date: /home/toni/toni_umrt_ros/install/telemetry_interfaces/share/telemetry_interfaces/cmake/telemetry_interfacesConfig.cmake
[1.732s] -- Up-to-date: /home/toni/toni_umrt_ros/install/telemetry_interfaces/share/telemetry_interfaces/cmake/telemetry_interfacesConfig-version.cmake
[1.732s] -- Up-to-date: /home/toni/toni_umrt_ros/install/telemetry_interfaces/share/telemetry_interfaces/package.xml
[1.735s] Invoked command in '/home/toni/toni_umrt_ros/build/telemetry_interfaces' returned '0': CMAKE_PREFIX_PATH=${CMAKE_PREFIX_PATH}:/opt/ros/rolling DEBUGINFOD_URLS=https://debuginfod.ubuntu.com /usr/bin/cmake --install /home/toni/toni_umrt_ros/build/telemetry_interfaces
