[ 80%] Built target telemetry_master
[ 60%] [32mBuilding CXX object CMakeFiles/telemetry_tester.dir/src/telemetry_tester.cpp.o[0m
[100%] [32m[1mLinking CXX executable telemetry_tester[0m
[100%] Built target telemetry_tester
-- Install configuration: ""
-- Up-to-date: /home/toni/toni_umrt_ros/install/telemetry/lib/telemetry/telemetry_master
-- Installing: /home/toni/toni_umrt_ros/install/telemetry/lib/telemetry/telemetry_tester
-- Set non-toolchain portion of runtime path of "/home/toni/toni_umrt_ros/install/telemetry/lib/telemetry/telemetry_tester" to ""
-- Up-to-date: /home/toni/toni_umrt_ros/install/telemetry/share/ament_index/resource_index/package_run_dependencies/telemetry
-- Installing: /home/toni/toni_umrt_ros/install/telemetry/share/ament_index/resource_index/parent_prefix_path/telemetry
-- Up-to-date: /home/toni/toni_umrt_ros/install/telemetry/share/telemetry/environment/ament_prefix_path.sh
-- Up-to-date: /home/toni/toni_umrt_ros/install/telemetry/share/telemetry/environment/ament_prefix_path.dsv
-- Up-to-date: /home/toni/toni_umrt_ros/install/telemetry/share/telemetry/environment/path.sh
-- Up-to-date: /home/toni/toni_umrt_ros/install/telemetry/share/telemetry/environment/path.dsv
-- Up-to-date: /home/toni/toni_umrt_ros/install/telemetry/share/telemetry/local_setup.bash
-- Up-to-date: /home/toni/toni_umrt_ros/install/telemetry/share/telemetry/local_setup.sh
-- Up-to-date: /home/toni/toni_umrt_ros/install/telemetry/share/telemetry/local_setup.zsh
-- Up-to-date: /home/toni/toni_umrt_ros/install/telemetry/share/telemetry/local_setup.dsv
-- Installing: /home/toni/toni_umrt_ros/install/telemetry/share/telemetry/package.dsv
-- Up-to-date: /home/toni/toni_umrt_ros/install/telemetry/share/ament_index/resource_index/packages/telemetry
-- Up-to-date: /home/toni/toni_umrt_ros/install/telemetry/share/telemetry/cmake/telemetryConfig.cmake
-- Up-to-date: /home/toni/toni_umrt_ros/install/telemetry/share/telemetry/cmake/telemetryConfig-version.cmake
-- Up-to-date: /home/toni/toni_umrt_ros/install/telemetry/share/telemetry/package.xml
