[33mCMake Warning at CMakeLists.txt:11 (find_package):
  By not providing "Findtelemetry_interface.cmake" in CMAKE_MODULE_PATH this
  project has asked CMake to find a package configuration file provided by
  "telemetry_interface", but CMake did not find one.

  Could not find a package configuration file provided by
  "telemetry_interface" with any of the following names:

    telemetry_interfaceConfig.cmake
    telemetry_interface-config.cmake

  Add the installation prefix of "telemetry_interface" to CMAKE_PREFIX_PATH
  or set "telemetry_interface_DIR" to a directory containing one of the above
  files.  If "telemetry_interface" provides a separate development package or
  SDK, be sure it has been installed.

[0m
In file included from [01m[K/home/toni/toni_umrt_ros/src/telemetry/src/telemetry_master.cpp:1[m[K:
[01m[K/home/toni/toni_umrt_ros/src/telemetry/src/telemetry_master.h:1:25:[m[K [01;35m[Kwarning: [m[Kextra tokens at end of #ifndef directive
    1 | #ifndef TELEMETRY_MASTER[01;35m[K;[m[K
      |                         [01;35m[K^[m[K
[01m[K/home/toni/toni_umrt_ros/src/telemetry/src/telemetry_master.h:2:9:[m[K [01;35m[Kwarning: [m[KISO C++11 requires whitespace after the macro name
    2 | #define [01;35m[KTELEMETRY_MASTER[m[K;
      |         [01;35m[K^~~~~~~~~~~~~~~~[m[K
[01m[K/home/toni/toni_umrt_ros/src/telemetry/src/telemetry_master.h:7:10:[m[K [01;31m[Kfatal error: [m[Ktelemetry_interfaces/msg/telemetry.hpp: No such file or directory
    7 | #include [01;31m[K"telemetry_interfaces/msg/telemetry.hpp"[m[K
      |          [01;31m[K^~~~~~~~~~~~~~~~~~~~~~~~~~~~~~~~~~~~~~~~[m[K
compilation terminated.
gmake[2]: *** [CMakeFiles/telemetry_master.dir/build.make:76: CMakeFiles/telemetry_master.dir/src/telemetry_master.cpp.o] Error 1
gmake[2]: *** Waiting for unfinished jobs....
In file included from [01m[K/home/toni/toni_umrt_ros/src/telemetry/src/main.cpp:2[m[K:
[01m[K/home/toni/toni_umrt_ros/src/telemetry/src/telemetry_master.h:1:25:[m[K [01;35m[Kwarning: [m[Kextra tokens at end of #ifndef directive
    1 | #ifndef TELEMETRY_MASTER[01;35m[K;[m[K
      |                         [01;35m[K^[m[K
[01m[K/home/toni/toni_umrt_ros/src/telemetry/src/telemetry_master.h:2:9:[m[K [01;35m[Kwarning: [m[KISO C++11 requires whitespace after the macro name
    2 | #define [01;35m[KTELEMETRY_MASTER[m[K;
      |         [01;35m[K^~~~~~~~~~~~~~~~[m[K
[01m[K/home/toni/toni_umrt_ros/src/telemetry/src/telemetry_master.h:7:10:[m[K [01;31m[Kfatal error: [m[Ktelemetry_interfaces/msg/telemetry.hpp: No such file or directory
    7 | #include [01;31m[K"telemetry_interfaces/msg/telemetry.hpp"[m[K
      |          [01;31m[K^~~~~~~~~~~~~~~~~~~~~~~~~~~~~~~~~~~~~~~~[m[K
compilation terminated.
gmake[2]: *** [CMakeFiles/telemetry_master.dir/build.make:90: CMakeFiles/telemetry_master.dir/src/main.cpp.o] Error 1
gmake[1]: *** [CMakeFiles/Makefile2:137: CMakeFiles/telemetry_master.dir/all] Error 2
gmake: *** [Makefile:146: all] Error 2
