[  1%] [34m[1mGenerating type hashes for ROS interfaces[0m
[  1%] Built target ament_cmake_python_copy_telemetry_interfaces
running egg_info
creating telemetry_interfaces.egg-info
[  1%] Built target FILES__rosidl_generator_type_description
[  3%] [34m[1mGenerating C code for ROS interfaces[0m
writing telemetry_interfaces.egg-info/PKG-INFO
writing dependency_links to telemetry_interfaces.egg-info/dependency_links.txt
writing top-level names to telemetry_interfaces.egg-info/top_level.txt
writing manifest file 'telemetry_interfaces.egg-info/SOURCES.txt'
[  5%] [34m[1mGenerating C++ code for ROS interfaces[0m
reading manifest file 'telemetry_interfaces.egg-info/SOURCES.txt'
writing manifest file 'telemetry_interfaces.egg-info/SOURCES.txt'
[  5%] Built target ament_cmake_python_build_telemetry_interfaces_egg
[  5%] Built target FILES__cpp
[  9%] [32mBuilding C object CMakeFiles/FILES__rosidl_generator_c.dir/rosidl_generator_c/telemetry_interfaces/msg/detail/telemetry__functions.c.o[0m
[  9%] [32mBuilding C object CMakeFiles/FILES__rosidl_generator_c.dir/rosidl_generator_c/telemetry_interfaces/msg/detail/gps__description.c.o[0m
[ 11%] [32mBuilding C object CMakeFiles/FILES__rosidl_generator_c.dir/rosidl_generator_c/telemetry_interfaces/msg/detail/telemetry__description.c.o[0m
[ 12%] [32mBuilding C object CMakeFiles/FILES__rosidl_generator_c.dir/rosidl_generator_c/telemetry_interfaces/msg/detail/telemetry__type_support.c.o[0m
[ 14%] [32mBuilding C object CMakeFiles/FILES__rosidl_generator_c.dir/rosidl_generator_c/telemetry_interfaces/msg/detail/gps__functions.c.o[0m
[ 16%] [32mBuilding C object CMakeFiles/FILES__rosidl_generator_c.dir/rosidl_generator_c/telemetry_interfaces/msg/detail/imu__description.c.o[0m
[ 18%] [32mBuilding C object CMakeFiles/FILES__rosidl_generator_c.dir/rosidl_generator_c/telemetry_interfaces/msg/detail/gps__type_support.c.o[0m
[ 20%] [32mBuilding C object CMakeFiles/FILES__rosidl_generator_c.dir/rosidl_generator_c/telemetry_interfaces/msg/detail/imu__functions.c.o[0m
[ 22%] [32mBuilding C object CMakeFiles/FILES__rosidl_generator_c.dir/rosidl_generator_c/telemetry_interfaces/msg/detail/imu__type_support.c.o[0m
[ 24%] [32m[1mLinking C shared library libFILES__rosidl_generator_c.so[0m
[ 24%] Built target FILES__rosidl_generator_c
[ 25%] [34m[1mGenerating C++ type support for eProsima Fast-RTPS[0m
[ 27%] [34m[1mGenerating C++ type support dispatch for ROS interfaces[0m
[ 31%] [34m[1mGenerating C type support for eProsima Fast-RTPS[0m
[ 31%] [34m[1mGenerating C++ introspection for ROS interfaces[0m
[ 33%] [32mBuilding CXX object CMakeFiles/FILES__rosidl_typesupport_cpp.dir/rosidl_typesupport_cpp/telemetry_interfaces/msg/telemetry__type_support.cpp.o[0m
[ 35%] [32mBuilding CXX object CMakeFiles/FILES__rosidl_typesupport_introspection_cpp.dir/rosidl_typesupport_introspection_cpp/telemetry_interfaces/msg/detail/telemetry__type_support.cpp.o[0m
[ 37%] [32mBuilding CXX object CMakeFiles/FILES__rosidl_typesupport_fastrtps_c.dir/rosidl_typesupport_fastrtps_c/telemetry_interfaces/msg/detail/telemetry__type_support_c.cpp.o[0m
[ 38%] [32mBuilding CXX object CMakeFiles/FILES__rosidl_typesupport_fastrtps_cpp.dir/rosidl_typesupport_fastrtps_cpp/telemetry_interfaces/msg/detail/dds_fastrtps/telemetry__type_support.cpp.o[0m
[ 40%] [32mBuilding CXX object CMakeFiles/FILES__rosidl_typesupport_cpp.dir/rosidl_typesupport_cpp/telemetry_interfaces/msg/gps__type_support.cpp.o[0m
[ 42%] [32mBuilding CXX object CMakeFiles/FILES__rosidl_typesupport_introspection_cpp.dir/rosidl_typesupport_introspection_cpp/telemetry_interfaces/msg/detail/gps__type_support.cpp.o[0m
[ 44%] [32mBuilding CXX object CMakeFiles/FILES__rosidl_typesupport_fastrtps_cpp.dir/rosidl_typesupport_fastrtps_cpp/telemetry_interfaces/msg/detail/dds_fastrtps/gps__type_support.cpp.o[0m
[ 46%] [32mBuilding CXX object CMakeFiles/FILES__rosidl_typesupport_fastrtps_c.dir/rosidl_typesupport_fastrtps_c/telemetry_interfaces/msg/detail/gps__type_support_c.cpp.o[0m
[ 48%] [32mBuilding CXX object CMakeFiles/FILES__rosidl_typesupport_cpp.dir/rosidl_typesupport_cpp/telemetry_interfaces/msg/imu__type_support.cpp.o[0m
[ 50%] [32mBuilding CXX object CMakeFiles/FILES__rosidl_typesupport_introspection_cpp.dir/rosidl_typesupport_introspection_cpp/telemetry_interfaces/msg/detail/imu__type_support.cpp.o[0m
[ 51%] [32m[1mLinking CXX shared library libFILES__rosidl_typesupport_cpp.so[0m
[ 51%] Built target FILES__rosidl_typesupport_cpp
[ 53%] [32mBuilding CXX object CMakeFiles/FILES__rosidl_typesupport_fastrtps_cpp.dir/rosidl_typesupport_fastrtps_cpp/telemetry_interfaces/msg/detail/dds_fastrtps/imu__type_support.cpp.o[0m
[ 55%] [32m[1mLinking CXX shared library libFILES__rosidl_typesupport_introspection_cpp.so[0m
[ 55%] Built target FILES__rosidl_typesupport_introspection_cpp
[ 57%] [32mBuilding CXX object CMakeFiles/FILES__rosidl_typesupport_fastrtps_c.dir/rosidl_typesupport_fastrtps_c/telemetry_interfaces/msg/detail/imu__type_support_c.cpp.o[0m
[ 59%] [34m[1mGenerating C introspection for ROS interfaces[0m
[ 61%] [34m[1mGenerating C type support dispatch for ROS interfaces[0m
[ 62%] [32mBuilding CXX object CMakeFiles/FILES__rosidl_typesupport_c.dir/rosidl_typesupport_c/telemetry_interfaces/msg/telemetry__type_support.cpp.o[0m
[ 64%] [32mBuilding CXX object CMakeFiles/FILES__rosidl_typesupport_c.dir/rosidl_typesupport_c/telemetry_interfaces/msg/gps__type_support.cpp.o[0m
[ 66%] [32mBuilding C object CMakeFiles/FILES__rosidl_typesupport_introspection_c.dir/rosidl_typesupport_introspection_c/telemetry_interfaces/msg/detail/telemetry__type_support.c.o[0m
[ 68%] [32mBuilding CXX object CMakeFiles/FILES__rosidl_typesupport_c.dir/rosidl_typesupport_c/telemetry_interfaces/msg/imu__type_support.cpp.o[0m
[ 70%] [32mBuilding C object CMakeFiles/FILES__rosidl_typesupport_introspection_c.dir/rosidl_typesupport_introspection_c/telemetry_interfaces/msg/detail/gps__type_support.c.o[0m
[ 72%] [32m[1mLinking CXX shared library libFILES__rosidl_typesupport_fastrtps_cpp.so[0m
[ 74%] [32m[1mLinking CXX shared library libFILES__rosidl_typesupport_c.so[0m
[ 75%] [32mBuilding C object CMakeFiles/FILES__rosidl_typesupport_introspection_c.dir/rosidl_typesupport_introspection_c/telemetry_interfaces/msg/detail/imu__type_support.c.o[0m
[ 75%] Built target FILES__rosidl_typesupport_c
[ 77%] [32m[1mLinking C shared library libFILES__rosidl_typesupport_introspection_c.so[0m
[ 77%] Built target FILES__rosidl_typesupport_fastrtps_cpp
[ 77%] Built target FILES__rosidl_typesupport_introspection_c
[ 79%] [32m[1mLinking CXX shared library libFILES__rosidl_typesupport_fastrtps_c.so[0m
[ 79%] Built target FILES__rosidl_typesupport_fastrtps_c
[ 79%] Built target FILES
[ 81%] [34m[1mGenerating Python code for ROS interfaces[0m
[ 81%] Built target FILES__py
[ 83%] [32mBuilding C object CMakeFiles/FILES__rosidl_generator_py.dir/rosidl_generator_py/telemetry_interfaces/msg/_gps_s.c.o[0m
[ 85%] [32mBuilding C object CMakeFiles/FILES__rosidl_generator_py.dir/rosidl_generator_py/telemetry_interfaces/msg/_telemetry_s.c.o[0m
[ 87%] [32mBuilding C object CMakeFiles/FILES__rosidl_generator_py.dir/rosidl_generator_py/telemetry_interfaces/msg/_imu_s.c.o[0m
[ 88%] [32m[1mLinking C shared library libFILES__rosidl_generator_py.so[0m
[ 88%] Built target FILES__rosidl_generator_py
[ 90%] [32mBuilding C object CMakeFiles/telemetry_interfaces_s__rosidl_typesupport_c.dir/rosidl_generator_py/telemetry_interfaces/_telemetry_interfaces_s.ep.rosidl_typesupport_c.c.o[0m
[ 92%] [32mBuilding C object CMakeFiles/telemetry_interfaces_s__rosidl_typesupport_fastrtps_c.dir/rosidl_generator_py/telemetry_interfaces/_telemetry_interfaces_s.ep.rosidl_typesupport_fastrtps_c.c.o[0m
[ 94%] [32mBuilding C object CMakeFiles/telemetry_interfaces_s__rosidl_typesupport_introspection_c.dir/rosidl_generator_py/telemetry_interfaces/_telemetry_interfaces_s.ep.rosidl_typesupport_introspection_c.c.o[0m
[ 96%] [32m[1mLinking C shared module rosidl_generator_py/telemetry_interfaces/telemetry_interfaces_s__rosidl_typesupport_fastrtps_c.so[0m
[ 98%] [32m[1mLinking C shared module rosidl_generator_py/telemetry_interfaces/telemetry_interfaces_s__rosidl_typesupport_c.so[0m
[100%] [32m[1mLinking C shared module rosidl_generator_py/telemetry_interfaces/telemetry_interfaces_s__rosidl_typesupport_introspection_c.so[0m
[100%] Built target telemetry_interfaces_s__rosidl_typesupport_fastrtps_c
[100%] Built target telemetry_interfaces_s__rosidl_typesupport_c
[100%] Built target telemetry_interfaces_s__rosidl_typesupport_introspection_c
-- Install configuration: ""
-- Installing: /home/toni/toni_umrt_ros/install/telemetry_interfaces/share/ament_index/resource_index/rosidl_interfaces/telemetry_interfaces
-- Installing: /home/toni/toni_umrt_ros/install/telemetry_interfaces/share/telemetry_interfaces/msg/Telemetry.json
-- Installing: /home/toni/toni_umrt_ros/install/telemetry_interfaces/share/telemetry_interfaces/msg/Gps.json
-- Installing: /home/toni/toni_umrt_ros/install/telemetry_interfaces/share/telemetry_interfaces/msg/Imu.json
-- Installing: /home/toni/toni_umrt_ros/install/telemetry_interfaces/include/telemetry_interfaces/telemetry_interfaces
-- Installing: /home/toni/toni_umrt_ros/install/telemetry_interfaces/include/telemetry_interfaces/telemetry_interfaces/msg
-- Installing: /home/toni/toni_umrt_ros/install/telemetry_interfaces/include/telemetry_interfaces/telemetry_interfaces/msg/telemetry.h
-- Installing: /home/toni/toni_umrt_ros/install/telemetry_interfaces/include/telemetry_interfaces/telemetry_interfaces/msg/gps.h
-- Installing: /home/toni/toni_umrt_ros/install/telemetry_interfaces/include/telemetry_interfaces/telemetry_interfaces/msg/detail
-- Installing: /home/toni/toni_umrt_ros/install/telemetry_interfaces/include/telemetry_interfaces/telemetry_interfaces/msg/detail/gps__struct.h
-- Installing: /home/toni/toni_umrt_ros/install/telemetry_interfaces/include/telemetry_interfaces/telemetry_interfaces/msg/detail/imu__functions.c
-- Installing: /home/toni/toni_umrt_ros/install/telemetry_interfaces/include/telemetry_interfaces/telemetry_interfaces/msg/detail/telemetry__functions.c
-- Installing: /home/toni/toni_umrt_ros/install/telemetry_interfaces/include/telemetry_interfaces/telemetry_interfaces/msg/detail/gps__type_support.h
-- Installing: /home/toni/toni_umrt_ros/install/telemetry_interfaces/include/telemetry_interfaces/telemetry_interfaces/msg/detail/telemetry__functions.h
-- Installing: /home/toni/toni_umrt_ros/install/telemetry_interfaces/include/telemetry_interfaces/telemetry_interfaces/msg/detail/telemetry__struct.h
-- Installing: /home/toni/toni_umrt_ros/install/telemetry_interfaces/include/telemetry_interfaces/telemetry_interfaces/msg/detail/imu__struct.h
-- Installing: /home/toni/toni_umrt_ros/install/telemetry_interfaces/include/telemetry_interfaces/telemetry_interfaces/msg/detail/imu__description.c
-- Installing: /home/toni/toni_umrt_ros/install/telemetry_interfaces/include/telemetry_interfaces/telemetry_interfaces/msg/detail/imu__type_support.h
-- Installing: /home/toni/toni_umrt_ros/install/telemetry_interfaces/include/telemetry_interfaces/telemetry_interfaces/msg/detail/imu__type_support.c
-- Installing: /home/toni/toni_umrt_ros/install/telemetry_interfaces/include/telemetry_interfaces/telemetry_interfaces/msg/detail/telemetry__type_support.h
-- Installing: /home/toni/toni_umrt_ros/install/telemetry_interfaces/include/telemetry_interfaces/telemetry_interfaces/msg/detail/telemetry__description.c
-- Installing: /home/toni/toni_umrt_ros/install/telemetry_interfaces/include/telemetry_interfaces/telemetry_interfaces/msg/detail/gps__type_support.c
-- Installing: /home/toni/toni_umrt_ros/install/telemetry_interfaces/include/telemetry_interfaces/telemetry_interfaces/msg/detail/gps__functions.c
-- Installing: /home/toni/toni_umrt_ros/install/telemetry_interfaces/include/telemetry_interfaces/telemetry_interfaces/msg/detail/imu__functions.h
-- Installing: /home/toni/toni_umrt_ros/install/telemetry_interfaces/include/telemetry_interfaces/telemetry_interfaces/msg/detail/gps__description.c
-- Installing: /home/toni/toni_umrt_ros/install/telemetry_interfaces/include/telemetry_interfaces/telemetry_interfaces/msg/detail/gps__functions.h
-- Installing: /home/toni/toni_umrt_ros/install/telemetry_interfaces/include/telemetry_interfaces/telemetry_interfaces/msg/detail/telemetry__type_support.c
-- Installing: /home/toni/toni_umrt_ros/install/telemetry_interfaces/include/telemetry_interfaces/telemetry_interfaces/msg/imu.h
-- Installing: /home/toni/toni_umrt_ros/install/telemetry_interfaces/include/telemetry_interfaces/telemetry_interfaces/msg/rosidl_generator_c__visibility_control.h
-- Installing: /home/toni/toni_umrt_ros/install/telemetry_interfaces/share/telemetry_interfaces/environment/library_path.sh
-- Installing: /home/toni/toni_umrt_ros/install/telemetry_interfaces/share/telemetry_interfaces/environment/library_path.dsv
-- Installing: /home/toni/toni_umrt_ros/install/telemetry_interfaces/lib/libFILES__rosidl_generator_c.so
-- Set non-toolchain portion of runtime path of "/home/toni/toni_umrt_ros/install/telemetry_interfaces/lib/libFILES__rosidl_generator_c.so" to ""
-- Up-to-date: /home/toni/toni_umrt_ros/install/telemetry_interfaces/include/telemetry_interfaces/telemetry_interfaces
-- Up-to-date: /home/toni/toni_umrt_ros/install/telemetry_interfaces/include/telemetry_interfaces/telemetry_interfaces/msg
-- Up-to-date: /home/toni/toni_umrt_ros/install/telemetry_interfaces/include/telemetry_interfaces/telemetry_interfaces/msg/detail
-- Installing: /home/toni/toni_umrt_ros/install/telemetry_interfaces/include/telemetry_interfaces/telemetry_interfaces/msg/detail/imu__rosidl_typesupport_fastrtps_c.h
-- Installing: /home/toni/toni_umrt_ros/install/telemetry_interfaces/include/telemetry_interfaces/telemetry_interfaces/msg/detail/gps__rosidl_typesupport_fastrtps_c.h
-- Installing: /home/toni/toni_umrt_ros/install/telemetry_interfaces/include/telemetry_interfaces/telemetry_interfaces/msg/detail/telemetry__rosidl_typesupport_fastrtps_c.h
-- Installing: /home/toni/toni_umrt_ros/install/telemetry_interfaces/include/telemetry_interfaces/telemetry_interfaces/msg/rosidl_typesupport_fastrtps_c__visibility_control.h
-- Installing: /home/toni/toni_umrt_ros/install/telemetry_interfaces/lib/libFILES__rosidl_typesupport_fastrtps_c.so
-- Set non-toolchain portion of runtime path of "/home/toni/toni_umrt_ros/install/telemetry_interfaces/lib/libFILES__rosidl_typesupport_fastrtps_c.so" to ""
-- Up-to-date: /home/toni/toni_umrt_ros/install/telemetry_interfaces/include/telemetry_interfaces/telemetry_interfaces
-- Up-to-date: /home/toni/toni_umrt_ros/install/telemetry_interfaces/include/telemetry_interfaces/telemetry_interfaces/msg
-- Installing: /home/toni/toni_umrt_ros/install/telemetry_interfaces/include/telemetry_interfaces/telemetry_interfaces/msg/rosidl_typesupport_introspection_c__visibility_control.h
-- Up-to-date: /home/toni/toni_umrt_ros/install/telemetry_interfaces/include/telemetry_interfaces/telemetry_interfaces/msg/detail
-- Installing: /home/toni/toni_umrt_ros/install/telemetry_interfaces/include/telemetry_interfaces/telemetry_interfaces/msg/detail/imu__type_support.c
-- Installing: /home/toni/toni_umrt_ros/install/telemetry_interfaces/include/telemetry_interfaces/telemetry_interfaces/msg/detail/telemetry__rosidl_typesupport_introspection_c.h
-- Installing: /home/toni/toni_umrt_ros/install/telemetry_interfaces/include/telemetry_interfaces/telemetry_interfaces/msg/detail/gps__type_support.c
-- Installing: /home/toni/toni_umrt_ros/install/telemetry_interfaces/include/telemetry_interfaces/telemetry_interfaces/msg/detail/gps__rosidl_typesupport_introspection_c.h
-- Installing: /home/toni/toni_umrt_ros/install/telemetry_interfaces/include/telemetry_interfaces/telemetry_interfaces/msg/detail/imu__rosidl_typesupport_introspection_c.h
-- Installing: /home/toni/toni_umrt_ros/install/telemetry_interfaces/include/telemetry_interfaces/telemetry_interfaces/msg/detail/telemetry__type_support.c
-- Installing: /home/toni/toni_umrt_ros/install/telemetry_interfaces/lib/libFILES__rosidl_typesupport_introspection_c.so
-- Set non-toolchain portion of runtime path of "/home/toni/toni_umrt_ros/install/telemetry_interfaces/lib/libFILES__rosidl_typesupport_introspection_c.so" to ""
-- Installing: /home/toni/toni_umrt_ros/install/telemetry_interfaces/lib/libFILES__rosidl_typesupport_c.so
-- Set non-toolchain portion of runtime path of "/home/toni/toni_umrt_ros/install/telemetry_interfaces/lib/libFILES__rosidl_typesupport_c.so" to ""
-- Up-to-date: /home/toni/toni_umrt_ros/install/telemetry_interfaces/include/telemetry_interfaces/telemetry_interfaces
-- Up-to-date: /home/toni/toni_umrt_ros/install/telemetry_interfaces/include/telemetry_interfaces/telemetry_interfaces/msg
-- Installing: /home/toni/toni_umrt_ros/install/telemetry_interfaces/include/telemetry_interfaces/telemetry_interfaces/msg/telemetry.hpp
-- Installing: /home/toni/toni_umrt_ros/install/telemetry_interfaces/include/telemetry_interfaces/telemetry_interfaces/msg/rosidl_generator_cpp__visibility_control.hpp
-- Up-to-date: /home/toni/toni_umrt_ros/install/telemetry_interfaces/include/telemetry_interfaces/telemetry_interfaces/msg/detail
-- Installing: /home/toni/toni_umrt_ros/install/telemetry_interfaces/include/telemetry_interfaces/telemetry_interfaces/msg/detail/imu__struct.hpp
-- Installing: /home/toni/toni_umrt_ros/install/telemetry_interfaces/include/telemetry_interfaces/telemetry_interfaces/msg/detail/telemetry__type_support.hpp
-- Installing: /home/toni/toni_umrt_ros/install/telemetry_interfaces/include/telemetry_interfaces/telemetry_interfaces/msg/detail/imu__builder.hpp
-- Installing: /home/toni/toni_umrt_ros/install/telemetry_interfaces/include/telemetry_interfaces/telemetry_interfaces/msg/detail/imu__traits.hpp
-- Installing: /home/toni/toni_umrt_ros/install/telemetry_interfaces/include/telemetry_interfaces/telemetry_interfaces/msg/detail/gps__type_support.hpp
-- Installing: /home/toni/toni_umrt_ros/install/telemetry_interfaces/include/telemetry_interfaces/telemetry_interfaces/msg/detail/telemetry__traits.hpp
-- Installing: /home/toni/toni_umrt_ros/install/telemetry_interfaces/include/telemetry_interfaces/telemetry_interfaces/msg/detail/imu__type_support.hpp
-- Installing: /home/toni/toni_umrt_ros/install/telemetry_interfaces/include/telemetry_interfaces/telemetry_interfaces/msg/detail/gps__builder.hpp
-- Installing: /home/toni/toni_umrt_ros/install/telemetry_interfaces/include/telemetry_interfaces/telemetry_interfaces/msg/detail/telemetry__struct.hpp
-- Installing: /home/toni/toni_umrt_ros/install/telemetry_interfaces/include/telemetry_interfaces/telemetry_interfaces/msg/detail/telemetry__builder.hpp
-- Installing: /home/toni/toni_umrt_ros/install/telemetry_interfaces/include/telemetry_interfaces/telemetry_interfaces/msg/detail/gps__struct.hpp
-- Installing: /home/toni/toni_umrt_ros/install/telemetry_interfaces/include/telemetry_interfaces/telemetry_interfaces/msg/detail/gps__traits.hpp
-- Installing: /home/toni/toni_umrt_ros/install/telemetry_interfaces/include/telemetry_interfaces/telemetry_interfaces/msg/gps.hpp
-- Installing: /home/toni/toni_umrt_ros/install/telemetry_interfaces/include/telemetry_interfaces/telemetry_interfaces/msg/imu.hpp
-- Up-to-date: /home/toni/toni_umrt_ros/install/telemetry_interfaces/include/telemetry_interfaces/telemetry_interfaces
-- Up-to-date: /home/toni/toni_umrt_ros/install/telemetry_interfaces/include/telemetry_interfaces/telemetry_interfaces/msg
-- Up-to-date: /home/toni/toni_umrt_ros/install/telemetry_interfaces/include/telemetry_interfaces/telemetry_interfaces/msg/detail
-- Installing: /home/toni/toni_umrt_ros/install/telemetry_interfaces/include/telemetry_interfaces/telemetry_interfaces/msg/detail/telemetry__rosidl_typesupport_fastrtps_cpp.hpp
-- Installing: /home/toni/toni_umrt_ros/install/telemetry_interfaces/include/telemetry_interfaces/telemetry_interfaces/msg/detail/dds_fastrtps
-- Installing: /home/toni/toni_umrt_ros/install/telemetry_interfaces/include/telemetry_interfaces/telemetry_interfaces/msg/detail/gps__rosidl_typesupport_fastrtps_cpp.hpp
-- Installing: /home/toni/toni_umrt_ros/install/telemetry_interfaces/include/telemetry_interfaces/telemetry_interfaces/msg/detail/imu__rosidl_typesupport_fastrtps_cpp.hpp
-- Installing: /home/toni/toni_umrt_ros/install/telemetry_interfaces/include/telemetry_interfaces/telemetry_interfaces/msg/rosidl_typesupport_fastrtps_cpp__visibility_control.h
-- Installing: /home/toni/toni_umrt_ros/install/telemetry_interfaces/lib/libFILES__rosidl_typesupport_fastrtps_cpp.so
-- Set non-toolchain portion of runtime path of "/home/toni/toni_umrt_ros/install/telemetry_interfaces/lib/libFILES__rosidl_typesupport_fastrtps_cpp.so" to ""
-- Up-to-date: /home/toni/toni_umrt_ros/install/telemetry_interfaces/include/telemetry_interfaces/telemetry_interfaces
-- Up-to-date: /home/toni/toni_umrt_ros/install/telemetry_interfaces/include/telemetry_interfaces/telemetry_interfaces/msg
-- Up-to-date: /home/toni/toni_umrt_ros/install/telemetry_interfaces/include/telemetry_interfaces/telemetry_interfaces/msg/detail
-- Installing: /home/toni/toni_umrt_ros/install/telemetry_interfaces/include/telemetry_interfaces/telemetry_interfaces/msg/detail/imu__type_support.cpp
-- Installing: /home/toni/toni_umrt_ros/install/telemetry_interfaces/include/telemetry_interfaces/telemetry_interfaces/msg/detail/imu__rosidl_typesupport_introspection_cpp.hpp
-- Installing: /home/toni/toni_umrt_ros/install/telemetry_interfaces/include/telemetry_interfaces/telemetry_interfaces/msg/detail/gps__type_support.cpp
-- Installing: /home/toni/toni_umrt_ros/install/telemetry_interfaces/include/telemetry_interfaces/telemetry_interfaces/msg/detail/telemetry__type_support.cpp
-- Installing: /home/toni/toni_umrt_ros/install/telemetry_interfaces/include/telemetry_interfaces/telemetry_interfaces/msg/detail/telemetry__rosidl_typesupport_introspection_cpp.hpp
-- Installing: /home/toni/toni_umrt_ros/install/telemetry_interfaces/include/telemetry_interfaces/telemetry_interfaces/msg/detail/gps__rosidl_typesupport_introspection_cpp.hpp
-- Installing: /home/toni/toni_umrt_ros/install/telemetry_interfaces/lib/libFILES__rosidl_typesupport_introspection_cpp.so
-- Set non-toolchain portion of runtime path of "/home/toni/toni_umrt_ros/install/telemetry_interfaces/lib/libFILES__rosidl_typesupport_introspection_cpp.so" to ""
-- Installing: /home/toni/toni_umrt_ros/install/telemetry_interfaces/lib/libFILES__rosidl_typesupport_cpp.so
-- Set non-toolchain portion of runtime path of "/home/toni/toni_umrt_ros/install/telemetry_interfaces/lib/libFILES__rosidl_typesupport_cpp.so" to ""
-- Installing: /home/toni/toni_umrt_ros/install/telemetry_interfaces/share/telemetry_interfaces/environment/pythonpath.sh
-- Installing: /home/toni/toni_umrt_ros/install/telemetry_interfaces/share/telemetry_interfaces/environment/pythonpath.dsv
-- Installing: /home/toni/toni_umrt_ros/install/telemetry_interfaces/lib/python3.12/site-packages/telemetry_interfaces-0.0.0-py3.12.egg-info
-- Installing: /home/toni/toni_umrt_ros/install/telemetry_interfaces/lib/python3.12/site-packages/telemetry_interfaces-0.0.0-py3.12.egg-info/SOURCES.txt
-- Installing: /home/toni/toni_umrt_ros/install/telemetry_interfaces/lib/python3.12/site-packages/telemetry_interfaces-0.0.0-py3.12.egg-info/dependency_links.txt
-- Installing: /home/toni/toni_umrt_ros/install/telemetry_interfaces/lib/python3.12/site-packages/telemetry_interfaces-0.0.0-py3.12.egg-info/top_level.txt
-- Installing: /home/toni/toni_umrt_ros/install/telemetry_interfaces/lib/python3.12/site-packages/telemetry_interfaces-0.0.0-py3.12.egg-info/PKG-INFO
-- Installing: /home/toni/toni_umrt_ros/install/telemetry_interfaces/lib/python3.12/site-packages/telemetry_interfaces
-- Installing: /home/toni/toni_umrt_ros/install/telemetry_interfaces/lib/python3.12/site-packages/telemetry_interfaces/_telemetry_interfaces_s.ep.rosidl_typesupport_introspection_c.c
-- Installing: /home/toni/toni_umrt_ros/install/telemetry_interfaces/lib/python3.12/site-packages/telemetry_interfaces/telemetry_interfaces_s__rosidl_typesupport_fastrtps_c.so
-- Installing: /home/toni/toni_umrt_ros/install/telemetry_interfaces/lib/python3.12/site-packages/telemetry_interfaces/telemetry_interfaces_s__rosidl_typesupport_introspection_c.so
-- Installing: /home/toni/toni_umrt_ros/install/telemetry_interfaces/lib/python3.12/site-packages/telemetry_interfaces/msg
-- Installing: /home/toni/toni_umrt_ros/install/telemetry_interfaces/lib/python3.12/site-packages/telemetry_interfaces/msg/_gps.py
-- Installing: /home/toni/toni_umrt_ros/install/telemetry_interfaces/lib/python3.12/site-packages/telemetry_interfaces/msg/_telemetry.py
-- Installing: /home/toni/toni_umrt_ros/install/telemetry_interfaces/lib/python3.12/site-packages/telemetry_interfaces/msg/_imu.py
-- Installing: /home/toni/toni_umrt_ros/install/telemetry_interfaces/lib/python3.12/site-packages/telemetry_interfaces/msg/_telemetry_s.c
-- Installing: /home/toni/toni_umrt_ros/install/telemetry_interfaces/lib/python3.12/site-packages/telemetry_interfaces/msg/_gps_s.c
-- Installing: /home/toni/toni_umrt_ros/install/telemetry_interfaces/lib/python3.12/site-packages/telemetry_interfaces/msg/__init__.py
-- Installing: /home/toni/toni_umrt_ros/install/telemetry_interfaces/lib/python3.12/site-packages/telemetry_interfaces/msg/_imu_s.c
-- Installing: /home/toni/toni_umrt_ros/install/telemetry_interfaces/lib/python3.12/site-packages/telemetry_interfaces/_telemetry_interfaces_s.ep.rosidl_typesupport_fastrtps_c.c
-- Installing: /home/toni/toni_umrt_ros/install/telemetry_interfaces/lib/python3.12/site-packages/telemetry_interfaces/telemetry_interfaces_s__rosidl_typesupport_c.so
-- Installing: /home/toni/toni_umrt_ros/install/telemetry_interfaces/lib/python3.12/site-packages/telemetry_interfaces/_telemetry_interfaces_s.ep.rosidl_typesupport_c.c
-- Installing: /home/toni/toni_umrt_ros/install/telemetry_interfaces/lib/python3.12/site-packages/telemetry_interfaces/__init__.py
Listing '/home/toni/toni_umrt_ros/install/telemetry_interfaces/lib/python3.12/site-packages/telemetry_interfaces'...
Compiling '/home/toni/toni_umrt_ros/install/telemetry_interfaces/lib/python3.12/site-packages/telemetry_interfaces/__init__.py'...
Listing '/home/toni/toni_umrt_ros/install/telemetry_interfaces/lib/python3.12/site-packages/telemetry_interfaces/msg'...
Compiling '/home/toni/toni_umrt_ros/install/telemetry_interfaces/lib/python3.12/site-packages/telemetry_interfaces/msg/__init__.py'...
Compiling '/home/toni/toni_umrt_ros/install/telemetry_interfaces/lib/python3.12/site-packages/telemetry_interfaces/msg/_gps.py'...
Compiling '/home/toni/toni_umrt_ros/install/telemetry_interfaces/lib/python3.12/site-packages/telemetry_interfaces/msg/_imu.py'...
Compiling '/home/toni/toni_umrt_ros/install/telemetry_interfaces/lib/python3.12/site-packages/telemetry_interfaces/msg/_telemetry.py'...
-- Installing: /home/toni/toni_umrt_ros/install/telemetry_interfaces/lib/python3.12/site-packages/telemetry_interfaces/telemetry_interfaces_s__rosidl_typesupport_fastrtps_c.so
-- Set non-toolchain portion of runtime path of "/home/toni/toni_umrt_ros/install/telemetry_interfaces/lib/python3.12/site-packages/telemetry_interfaces/telemetry_interfaces_s__rosidl_typesupport_fastrtps_c.so" to ""
-- Installing: /home/toni/toni_umrt_ros/install/telemetry_interfaces/lib/python3.12/site-packages/telemetry_interfaces/telemetry_interfaces_s__rosidl_typesupport_introspection_c.so
-- Set non-toolchain portion of runtime path of "/home/toni/toni_umrt_ros/install/telemetry_interfaces/lib/python3.12/site-packages/telemetry_interfaces/telemetry_interfaces_s__rosidl_typesupport_introspection_c.so" to ""
-- Installing: /home/toni/toni_umrt_ros/install/telemetry_interfaces/lib/python3.12/site-packages/telemetry_interfaces/telemetry_interfaces_s__rosidl_typesupport_c.so
-- Set non-toolchain portion of runtime path of "/home/toni/toni_umrt_ros/install/telemetry_interfaces/lib/python3.12/site-packages/telemetry_interfaces/telemetry_interfaces_s__rosidl_typesupport_c.so" to ""
-- Installing: /home/toni/toni_umrt_ros/install/telemetry_interfaces/lib/libFILES__rosidl_generator_py.so
-- Set non-toolchain portion of runtime path of "/home/toni/toni_umrt_ros/install/telemetry_interfaces/lib/libFILES__rosidl_generator_py.so" to ""
-- Installing: /home/toni/toni_umrt_ros/install/telemetry_interfaces/share/telemetry_interfaces/msg/Telemetry.idl
-- Installing: /home/toni/toni_umrt_ros/install/telemetry_interfaces/share/telemetry_interfaces/msg/Gps.idl
-- Installing: /home/toni/toni_umrt_ros/install/telemetry_interfaces/share/telemetry_interfaces/msg/Imu.idl
-- Installing: /home/toni/toni_umrt_ros/install/telemetry_interfaces/share/telemetry_interfaces/msg/Telemetry.msg
-- Installing: /home/toni/toni_umrt_ros/install/telemetry_interfaces/share/telemetry_interfaces/msg/Gps.msg
-- Installing: /home/toni/toni_umrt_ros/install/telemetry_interfaces/share/telemetry_interfaces/msg/Imu.msg
-- Installing: /home/toni/toni_umrt_ros/install/telemetry_interfaces/share/ament_index/resource_index/package_run_dependencies/telemetry_interfaces
-- Installing: /home/toni/toni_umrt_ros/install/telemetry_interfaces/share/ament_index/resource_index/parent_prefix_path/telemetry_interfaces
-- Installing: /home/toni/toni_umrt_ros/install/telemetry_interfaces/share/telemetry_interfaces/environment/ament_prefix_path.sh
-- Installing: /home/toni/toni_umrt_ros/install/telemetry_interfaces/share/telemetry_interfaces/environment/ament_prefix_path.dsv
-- Installing: /home/toni/toni_umrt_ros/install/telemetry_interfaces/share/telemetry_interfaces/environment/path.sh
-- Installing: /home/toni/toni_umrt_ros/install/telemetry_interfaces/share/telemetry_interfaces/environment/path.dsv
-- Installing: /home/toni/toni_umrt_ros/install/telemetry_interfaces/share/telemetry_interfaces/local_setup.bash
-- Installing: /home/toni/toni_umrt_ros/install/telemetry_interfaces/share/telemetry_interfaces/local_setup.sh
-- Installing: /home/toni/toni_umrt_ros/install/telemetry_interfaces/share/telemetry_interfaces/local_setup.zsh
-- Installing: /home/toni/toni_umrt_ros/install/telemetry_interfaces/share/telemetry_interfaces/local_setup.dsv
-- Installing: /home/toni/toni_umrt_ros/install/telemetry_interfaces/share/telemetry_interfaces/package.dsv
-- Installing: /home/toni/toni_umrt_ros/install/telemetry_interfaces/share/ament_index/resource_index/packages/telemetry_interfaces
-- Installing: /home/toni/toni_umrt_ros/install/telemetry_interfaces/share/telemetry_interfaces/cmake/export_FILES__rosidl_generator_cExport.cmake
-- Installing: /home/toni/toni_umrt_ros/install/telemetry_interfaces/share/telemetry_interfaces/cmake/export_FILES__rosidl_generator_cExport-noconfig.cmake
-- Installing: /home/toni/toni_umrt_ros/install/telemetry_interfaces/share/telemetry_interfaces/cmake/export_FILES__rosidl_typesupport_fastrtps_cExport.cmake
-- Installing: /home/toni/toni_umrt_ros/install/telemetry_interfaces/share/telemetry_interfaces/cmake/export_FILES__rosidl_typesupport_fastrtps_cExport-noconfig.cmake
-- Installing: /home/toni/toni_umrt_ros/install/telemetry_interfaces/share/telemetry_interfaces/cmake/FILES__rosidl_typesupport_introspection_cExport.cmake
-- Installing: /home/toni/toni_umrt_ros/install/telemetry_interfaces/share/telemetry_interfaces/cmake/FILES__rosidl_typesupport_introspection_cExport-noconfig.cmake
-- Installing: /home/toni/toni_umrt_ros/install/telemetry_interfaces/share/telemetry_interfaces/cmake/FILES__rosidl_typesupport_cExport.cmake
-- Installing: /home/toni/toni_umrt_ros/install/telemetry_interfaces/share/telemetry_interfaces/cmake/FILES__rosidl_typesupport_cExport-noconfig.cmake
-- Installing: /home/toni/toni_umrt_ros/install/telemetry_interfaces/share/telemetry_interfaces/cmake/export_FILES__rosidl_generator_cppExport.cmake
-- Installing: /home/toni/toni_umrt_ros/install/telemetry_interfaces/share/telemetry_interfaces/cmake/export_FILES__rosidl_typesupport_fastrtps_cppExport.cmake
-- Installing: /home/toni/toni_umrt_ros/install/telemetry_interfaces/share/telemetry_interfaces/cmake/export_FILES__rosidl_typesupport_fastrtps_cppExport-noconfig.cmake
-- Installing: /home/toni/toni_umrt_ros/install/telemetry_interfaces/share/telemetry_interfaces/cmake/FILES__rosidl_typesupport_introspection_cppExport.cmake
-- Installing: /home/toni/toni_umrt_ros/install/telemetry_interfaces/share/telemetry_interfaces/cmake/FILES__rosidl_typesupport_introspection_cppExport-noconfig.cmake
-- Installing: /home/toni/toni_umrt_ros/install/telemetry_interfaces/share/telemetry_interfaces/cmake/FILES__rosidl_typesupport_cppExport.cmake
-- Installing: /home/toni/toni_umrt_ros/install/telemetry_interfaces/share/telemetry_interfaces/cmake/FILES__rosidl_typesupport_cppExport-noconfig.cmake
-- Installing: /home/toni/toni_umrt_ros/install/telemetry_interfaces/share/telemetry_interfaces/cmake/export_FILES__rosidl_generator_pyExport.cmake
-- Installing: /home/toni/toni_umrt_ros/install/telemetry_interfaces/share/telemetry_interfaces/cmake/export_FILES__rosidl_generator_pyExport-noconfig.cmake
-- Installing: /home/toni/toni_umrt_ros/install/telemetry_interfaces/share/telemetry_interfaces/cmake/rosidl_cmake-extras.cmake
-- Installing: /home/toni/toni_umrt_ros/install/telemetry_interfaces/share/telemetry_interfaces/cmake/ament_cmake_export_include_directories-extras.cmake
-- Installing: /home/toni/toni_umrt_ros/install/telemetry_interfaces/share/telemetry_interfaces/cmake/ament_cmake_export_libraries-extras.cmake
-- Installing: /home/toni/toni_umrt_ros/install/telemetry_interfaces/share/telemetry_interfaces/cmake/ament_cmake_export_targets-extras.cmake
-- Installing: /home/toni/toni_umrt_ros/install/telemetry_interfaces/share/telemetry_interfaces/cmake/rosidl_cmake_export_typesupport_targets-extras.cmake
-- Installing: /home/toni/toni_umrt_ros/install/telemetry_interfaces/share/telemetry_interfaces/cmake/ament_cmake_export_dependencies-extras.cmake
-- Installing: /home/toni/toni_umrt_ros/install/telemetry_interfaces/share/telemetry_interfaces/cmake/rosidl_cmake_export_typesupport_libraries-extras.cmake
-- Installing: /home/toni/toni_umrt_ros/install/telemetry_interfaces/share/telemetry_interfaces/cmake/telemetry_interfacesConfig.cmake
-- Installing: /home/toni/toni_umrt_ros/install/telemetry_interfaces/share/telemetry_interfaces/cmake/telemetry_interfacesConfig-version.cmake
-- Installing: /home/toni/toni_umrt_ros/install/telemetry_interfaces/share/telemetry_interfaces/package.xml
