-- Found ament_cmake: 2.7.0 (/opt/ros/rolling/share/ament_cmake/cmake)
-- Found rclcpp: 28.3.3 (/opt/ros/rolling/share/rclcpp/cmake)
-- Found rosidl_generator_c: 4.8.1 (/opt/ros/rolling/share/rosidl_generator_c/cmake)
-- Found rosidl_generator_cpp: 4.8.1 (/opt/ros/rolling/share/rosidl_generator_cpp/cmake)
-- Using all available rosidl_typesupport_c: rosidl_typesupport_fastrtps_c;rosidl_typesupport_introspection_c
-- Using all available rosidl_typesupport_cpp: rosidl_typesupport_fastrtps_cpp;rosidl_typesupport_introspection_cpp
-- Found rmw_implementation_cmake: 7.4.3 (/opt/ros/rolling/share/rmw_implementation_cmake/cmake)
-- Found rmw_fastrtps_cpp: 9.0.1 (/opt/ros/rolling/share/rmw_fastrtps_cpp/cmake)
-- Using RMW implementation 'rmw_fastrtps_cpp' as default
-- Found telemetry_interfaces: 0.0.0 (/home/toni/toni_umrt_ros/install/telemetry_interfaces/share/telemetry_interfaces/cmake)
-- Configuring done (1.3s)
-- Generating done (0.0s)
-- Build files have been written to: /home/toni/toni_umrt_ros/build/telemetry
[ 33%] [32mBuilding CXX object CMakeFiles/telemetry_master.dir/src/telemetry_master.cpp.o[0m
[ 66%] [32mBuilding CXX object CMakeFiles/telemetry_master.dir/src/main.cpp.o[0m
[100%] [32m[1mLinking CXX executable telemetry_master[0m
[100%] Built target telemetry_master
-- Install configuration: ""
-- Installing: /home/toni/toni_umrt_ros/install/telemetry/lib/telemetry/telemetry_master
-- Set non-toolchain portion of runtime path of "/home/toni/toni_umrt_ros/install/telemetry/lib/telemetry/telemetry_master" to ""
-- Installing: /home/toni/toni_umrt_ros/install/telemetry/share/ament_index/resource_index/package_run_dependencies/telemetry
-- Installing: /home/toni/toni_umrt_ros/install/telemetry/share/ament_index/resource_index/parent_prefix_path/telemetry
-- Installing: /home/toni/toni_umrt_ros/install/telemetry/share/telemetry/environment/ament_prefix_path.sh
-- Installing: /home/toni/toni_umrt_ros/install/telemetry/share/telemetry/environment/ament_prefix_path.dsv
-- Installing: /home/toni/toni_umrt_ros/install/telemetry/share/telemetry/environment/path.sh
-- Installing: /home/toni/toni_umrt_ros/install/telemetry/share/telemetry/environment/path.dsv
-- Installing: /home/toni/toni_umrt_ros/install/telemetry/share/telemetry/local_setup.bash
-- Installing: /home/toni/toni_umrt_ros/install/telemetry/share/telemetry/local_setup.sh
-- Installing: /home/toni/toni_umrt_ros/install/telemetry/share/telemetry/local_setup.zsh
-- Installing: /home/toni/toni_umrt_ros/install/telemetry/share/telemetry/local_setup.dsv
-- Up-to-date: /home/toni/toni_umrt_ros/install/telemetry/share/telemetry/package.dsv
-- Installing: /home/toni/toni_umrt_ros/install/telemetry/share/ament_index/resource_index/packages/telemetry
-- Installing: /home/toni/toni_umrt_ros/install/telemetry/share/telemetry/cmake/telemetryConfig.cmake
-- Installing: /home/toni/toni_umrt_ros/install/telemetry/share/telemetry/cmake/telemetryConfig-version.cmake
-- Installing: /home/toni/toni_umrt_ros/install/telemetry/share/telemetry/package.xml
