[0.022s] Invoking command in '/home/toni/toni_umrt_ros/build/telemetry': AMENT_PREFIX_PATH=/home/toni/toni_umrt_ros/install/telemetry_interfaces:${AMENT_PREFIX_PATH} CMAKE_PREFIX_PATH=/home/toni/toni_umrt_ros/install/telemetry_interfaces:/opt/ros/rolling/opt/gz_math_vendor:/opt/ros/rolling/opt/gz_utils_vendor:/opt/ros/rolling/opt/gz_cmake_vendor:/opt/ros/rolling DEBUGINFOD_URLS=https://debuginfod.ubuntu.com LD_LIBRARY_PATH=/home/toni/toni_umrt_ros/install/telemetry_interfaces/lib:${LD_LIBRARY_PATH} PYTHONPATH=/home/toni/toni_umrt_ros/install/telemetry_interfaces/lib/python3.12/site-packages:${PYTHONPATH} /usr/bin/cmake --build /home/toni/toni_umrt_ros/build/telemetry -- -j4 -l4
[0.086s] -- Found ament_cmake: 2.7.0 (/opt/ros/rolling/share/ament_cmake/cmake)
[0.585s] -- Found rclcpp: 28.3.3 (/opt/ros/rolling/share/rclcpp/cmake)
[0.643s] -- Found rosidl_generator_c: 4.8.1 (/opt/ros/rolling/share/rosidl_generator_c/cmake)
[0.673s] -- Found rosidl_generator_cpp: 4.8.1 (/opt/ros/rolling/share/rosidl_generator_cpp/cmake)
[0.697s] -- Using all available rosidl_typesupport_c: rosidl_typesupport_fastrtps_c;rosidl_typesupport_introspection_c
[0.729s] -- Using all available rosidl_typesupport_cpp: rosidl_typesupport_fastrtps_cpp;rosidl_typesupport_introspection_cpp
[0.873s] -- Found rmw_implementation_cmake: 7.4.3 (/opt/ros/rolling/share/rmw_implementation_cmake/cmake)
[0.876s] -- Found rmw_fastrtps_cpp: 9.0.1 (/opt/ros/rolling/share/rmw_fastrtps_cpp/cmake)
[1.017s] -- Using RMW implementation 'rmw_fastrtps_cpp' as default
[1.157s] -- Found telemetry_interfaces: 0.0.0 (/home/toni/toni_umrt_ros/install/telemetry_interfaces/share/telemetry_interfaces/cmake)
[1.390s] -- Configuring done (1.3s)
[1.414s] -- Generating done (0.0s)
[1.418s] -- Build files have been written to: /home/toni/toni_umrt_ros/build/telemetry
[1.496s] [ 33%] [32mBuilding CXX object CMakeFiles/telemetry_master.dir/src/telemetry_master.cpp.o[0m
[1.497s] [ 66%] [32mBuilding CXX object CMakeFiles/telemetry_master.dir/src/main.cpp.o[0m
[1.537s] In file included from [01m[K/home/toni/toni_umrt_ros/src/telemetry/src/telemetry_master.cpp:1[m[K:
[1.538s] [01m[K/home/toni/toni_umrt_ros/src/telemetry/src/telemetry_master.h:1:25:[m[K [01;35m[Kwarning: [m[Kextra tokens at end of #ifndef directive
[1.538s]     1 | #ifndef TELEMETRY_MASTER[01;35m[K;[m[K
[1.538s]       |                         [01;35m[K^[m[K
[1.538s] [01m[K/home/toni/toni_umrt_ros/src/telemetry/src/telemetry_master.h:2:9:[m[K [01;35m[Kwarning: [m[KISO C++11 requires whitespace after the macro name
[1.538s]     2 | #define [01;35m[KTELEMETRY_MASTER[m[K;
[1.538s]       |         [01;35m[K^~~~~~~~~~~~~~~~[m[K
[2.015s] [01m[K/home/toni/toni_umrt_ros/src/telemetry/src/telemetry_master.h:40:7:[m[K [01;35m[Kwarning: [m[Kextra tokens at end of #endif directive [[01;35m[K]8;;https://gcc.gnu.org/onlinedocs/gcc/Warning-Options.html#index-Wendif-labels-Wendif-labels]8;;[m[K]
[2.015s]    40 | #endif[01;35m[K;[m[K
[2.016s]       |       [01;35m[K^[m[K
[2.057s] In file included from [01m[K/home/toni/toni_umrt_ros/src/telemetry/src/main.cpp:2[m[K:
[2.058s] [01m[K/home/toni/toni_umrt_ros/src/telemetry/src/telemetry_master.h:1:25:[m[K [01;35m[Kwarning: [m[Kextra tokens at end of #ifndef directive
[2.058s]     1 | #ifndef TELEMETRY_MASTER[01;35m[K;[m[K
[2.058s]       |                         [01;35m[K^[m[K
[2.058s] [01m[K/home/toni/toni_umrt_ros/src/telemetry/src/telemetry_master.h:2:9:[m[K [01;35m[Kwarning: [m[KISO C++11 requires whitespace after the macro name
[2.059s]     2 | #define [01;35m[KTELEMETRY_MASTER[m[K;
[2.059s]       |         [01;35m[K^~~~~~~~~~~~~~~~[m[K
[2.059s] [01m[K/home/toni/toni_umrt_ros/src/telemetry/src/telemetry_master.h:40:7:[m[K [01;35m[Kwarning: [m[Kextra tokens at end of #endif directive [[01;35m[K]8;;https://gcc.gnu.org/onlinedocs/gcc/Warning-Options.html#index-Wendif-labels-Wendif-labels]8;;[m[K]
[2.060s]    40 | #endif[01;35m[K;[m[K
[2.060s]       |       [01;35m[K^[m[K
[27.257s] [100%] [32m[1mLinking CXX executable telemetry_master[0m
[28.087s] [100%] Built target telemetry_master
[28.116s] Invoked command in '/home/toni/toni_umrt_ros/build/telemetry' returned '0': AMENT_PREFIX_PATH=/home/toni/toni_umrt_ros/install/telemetry_interfaces:${AMENT_PREFIX_PATH} CMAKE_PREFIX_PATH=/home/toni/toni_umrt_ros/install/telemetry_interfaces:/opt/ros/rolling/opt/gz_math_vendor:/opt/ros/rolling/opt/gz_utils_vendor:/opt/ros/rolling/opt/gz_cmake_vendor:/opt/ros/rolling DEBUGINFOD_URLS=https://debuginfod.ubuntu.com LD_LIBRARY_PATH=/home/toni/toni_umrt_ros/install/telemetry_interfaces/lib:${LD_LIBRARY_PATH} PYTHONPATH=/home/toni/toni_umrt_ros/install/telemetry_interfaces/lib/python3.12/site-packages:${PYTHONPATH} /usr/bin/cmake --build /home/toni/toni_umrt_ros/build/telemetry -- -j4 -l4
[28.176s] Invoking command in '/home/toni/toni_umrt_ros/build/telemetry': AMENT_PREFIX_PATH=/home/toni/toni_umrt_ros/install/telemetry_interfaces:${AMENT_PREFIX_PATH} CMAKE_PREFIX_PATH=/home/toni/toni_umrt_ros/install/telemetry_interfaces:/opt/ros/rolling/opt/gz_math_vendor:/opt/ros/rolling/opt/gz_utils_vendor:/opt/ros/rolling/opt/gz_cmake_vendor:/opt/ros/rolling DEBUGINFOD_URLS=https://debuginfod.ubuntu.com LD_LIBRARY_PATH=/home/toni/toni_umrt_ros/install/telemetry_interfaces/lib:${LD_LIBRARY_PATH} PYTHONPATH=/home/toni/toni_umrt_ros/install/telemetry_interfaces/lib/python3.12/site-packages:${PYTHONPATH} /usr/bin/cmake --install /home/toni/toni_umrt_ros/build/telemetry
[28.193s] -- Install configuration: ""
[28.193s] -- Installing: /home/toni/toni_umrt_ros/install/telemetry/lib/telemetry/telemetry_master
[28.217s] -- Set non-toolchain portion of runtime path of "/home/toni/toni_umrt_ros/install/telemetry/lib/telemetry/telemetry_master" to ""
[28.218s] -- Installing: /home/toni/toni_umrt_ros/install/telemetry/share/ament_index/resource_index/package_run_dependencies/telemetry
[28.218s] -- Installing: /home/toni/toni_umrt_ros/install/telemetry/share/ament_index/resource_index/parent_prefix_path/telemetry
[28.218s] -- Installing: /home/toni/toni_umrt_ros/install/telemetry/share/telemetry/environment/ament_prefix_path.sh
[28.218s] -- Installing: /home/toni/toni_umrt_ros/install/telemetry/share/telemetry/environment/ament_prefix_path.dsv
[28.218s] -- Installing: /home/toni/toni_umrt_ros/install/telemetry/share/telemetry/environment/path.sh
[28.219s] -- Installing: /home/toni/toni_umrt_ros/install/telemetry/share/telemetry/environment/path.dsv
[28.219s] -- Installing: /home/toni/toni_umrt_ros/install/telemetry/share/telemetry/local_setup.bash
[28.219s] -- Installing: /home/toni/toni_umrt_ros/install/telemetry/share/telemetry/local_setup.sh
[28.219s] -- Installing: /home/toni/toni_umrt_ros/install/telemetry/share/telemetry/local_setup.zsh
[28.220s] -- Installing: /home/toni/toni_umrt_ros/install/telemetry/share/telemetry/local_setup.dsv
[28.220s] -- Up-to-date: /home/toni/toni_umrt_ros/install/telemetry/share/telemetry/package.dsv
[28.220s] -- Installing: /home/toni/toni_umrt_ros/install/telemetry/share/ament_index/resource_index/packages/telemetry
[28.221s] -- Installing: /home/toni/toni_umrt_ros/install/telemetry/share/telemetry/cmake/telemetryConfig.cmake
[28.222s] -- Installing: /home/toni/toni_umrt_ros/install/telemetry/share/telemetry/cmake/telemetryConfig-version.cmake
[28.222s] -- Installing: /home/toni/toni_umrt_ros/install/telemetry/share/telemetry/package.xml
[28.222s] Invoked command in '/home/toni/toni_umrt_ros/build/telemetry' returned '0': AMENT_PREFIX_PATH=/home/toni/toni_umrt_ros/install/telemetry_interfaces:${AMENT_PREFIX_PATH} CMAKE_PREFIX_PATH=/home/toni/toni_umrt_ros/install/telemetry_interfaces:/opt/ros/rolling/opt/gz_math_vendor:/opt/ros/rolling/opt/gz_utils_vendor:/opt/ros/rolling/opt/gz_cmake_vendor:/opt/ros/rolling DEBUGINFOD_URLS=https://debuginfod.ubuntu.com LD_LIBRARY_PATH=/home/toni/toni_umrt_ros/install/telemetry_interfaces/lib:${LD_LIBRARY_PATH} PYTHONPATH=/home/toni/toni_umrt_ros/install/telemetry_interfaces/lib/python3.12/site-packages:${PYTHONPATH} /usr/bin/cmake --install /home/toni/toni_umrt_ros/build/telemetry
