[0.008s] Invoking command in '/home/toni/toni_umrt_ros/build/telemetry': CMAKE_PREFIX_PATH=/home/toni/toni_umrt_ros/install/telemetry_interfaces:/home/toni/toni_umrt_ros/install/telemetry:/opt/ros/rolling/opt/gz_math_vendor:/opt/ros/rolling/opt/gz_utils_vendor:/opt/ros/rolling/opt/gz_cmake_vendor:/opt/ros/rolling DEBUGINFOD_URLS=https://debuginfod.ubuntu.com /usr/bin/cmake --build /home/toni/toni_umrt_ros/build/telemetry -- -j4 -l4
[0.053s] [ 20%] [32mBuilding CXX object CMakeFiles/telemetry_master.dir/src/telemetry_master.cpp.o[0m
[0.058s] [ 60%] Built target telemetry_tester
[8.746s] [ 80%] [32m[1mLinking CXX executable telemetry_master[0m
[9.169s] [100%] Built target telemetry_master
[9.180s] Invoked command in '/home/toni/toni_umrt_ros/build/telemetry' returned '0': CMAKE_PREFIX_PATH=/home/toni/toni_umrt_ros/install/telemetry_interfaces:/home/toni/toni_umrt_ros/install/telemetry:/opt/ros/rolling/opt/gz_math_vendor:/opt/ros/rolling/opt/gz_utils_vendor:/opt/ros/rolling/opt/gz_cmake_vendor:/opt/ros/rolling DEBUGINFOD_URLS=https://debuginfod.ubuntu.com /usr/bin/cmake --build /home/toni/toni_umrt_ros/build/telemetry -- -j4 -l4
[9.203s] Invoking command in '/home/toni/toni_umrt_ros/build/telemetry': CMAKE_PREFIX_PATH=/home/toni/toni_umrt_ros/install/telemetry_interfaces:/home/toni/toni_umrt_ros/install/telemetry:/opt/ros/rolling/opt/gz_math_vendor:/opt/ros/rolling/opt/gz_utils_vendor:/opt/ros/rolling/opt/gz_cmake_vendor:/opt/ros/rolling DEBUGINFOD_URLS=https://debuginfod.ubuntu.com /usr/bin/cmake --install /home/toni/toni_umrt_ros/build/telemetry
[9.209s] -- Install configuration: ""
[9.209s] -- Installing: /home/toni/toni_umrt_ros/install/telemetry/lib/telemetry/telemetry_master
[9.215s] -- Set non-toolchain portion of runtime path of "/home/toni/toni_umrt_ros/install/telemetry/lib/telemetry/telemetry_master" to ""
[9.215s] -- Up-to-date: /home/toni/toni_umrt_ros/install/telemetry/lib/telemetry/telemetry_tester
[9.215s] -- Up-to-date: /home/toni/toni_umrt_ros/install/telemetry/share/ament_index/resource_index/package_run_dependencies/telemetry
[9.215s] -- Up-to-date: /home/toni/toni_umrt_ros/install/telemetry/share/ament_index/resource_index/parent_prefix_path/telemetry
[9.215s] -- Up-to-date: /home/toni/toni_umrt_ros/install/telemetry/share/telemetry/environment/ament_prefix_path.sh
[9.215s] -- Up-to-date: /home/toni/toni_umrt_ros/install/telemetry/share/telemetry/environment/ament_prefix_path.dsv
[9.215s] -- Up-to-date: /home/toni/toni_umrt_ros/install/telemetry/share/telemetry/environment/path.sh
[9.216s] -- Up-to-date: /home/toni/toni_umrt_ros/install/telemetry/share/telemetry/environment/path.dsv
[9.216s] -- Up-to-date: /home/toni/toni_umrt_ros/install/telemetry/share/telemetry/local_setup.bash
[9.216s] -- Up-to-date: /home/toni/toni_umrt_ros/install/telemetry/share/telemetry/local_setup.sh
[9.216s] -- Up-to-date: /home/toni/toni_umrt_ros/install/telemetry/share/telemetry/local_setup.zsh
[9.216s] -- Up-to-date: /home/toni/toni_umrt_ros/install/telemetry/share/telemetry/local_setup.dsv
[9.216s] -- Installing: /home/toni/toni_umrt_ros/install/telemetry/share/telemetry/package.dsv
[9.216s] -- Up-to-date: /home/toni/toni_umrt_ros/install/telemetry/share/ament_index/resource_index/packages/telemetry
[9.216s] -- Up-to-date: /home/toni/toni_umrt_ros/install/telemetry/share/telemetry/cmake/telemetryConfig.cmake
[9.216s] -- Up-to-date: /home/toni/toni_umrt_ros/install/telemetry/share/telemetry/cmake/telemetryConfig-version.cmake
[9.216s] -- Up-to-date: /home/toni/toni_umrt_ros/install/telemetry/share/telemetry/package.xml
[9.233s] Invoked command in '/home/toni/toni_umrt_ros/build/telemetry' returned '0': CMAKE_PREFIX_PATH=/home/toni/toni_umrt_ros/install/telemetry_interfaces:/home/toni/toni_umrt_ros/install/telemetry:/opt/ros/rolling/opt/gz_math_vendor:/opt/ros/rolling/opt/gz_utils_vendor:/opt/ros/rolling/opt/gz_cmake_vendor:/opt/ros/rolling DEBUGINFOD_URLS=https://debuginfod.ubuntu.com /usr/bin/cmake --install /home/toni/toni_umrt_ros/build/telemetry
