[0.767s] DEBUG:colcon:Command line arguments: ['/usr/bin/colcon', 'build']
[0.768s] DEBUG:colcon:Parsed command line arguments: Namespace(log_base=None, log_level=None, verb_name='build', build_base='build', install_base='install', merge_install=False, symlink_install=False, test_result_base=None, continue_on_error=False, executor='parallel', parallel_workers=4, event_handlers=None, ignore_user_meta=False, metas=['./colcon.meta'], base_paths=['.'], packages_ignore=None, packages_ignore_regex=None, paths=None, packages_up_to=None, packages_up_to_regex=None, packages_above=None, packages_above_and_dependencies=None, packages_above_depth=None, packages_select_by_dep=None, packages_skip_by_dep=None, packages_skip_up_to=None, packages_select_build_failed=False, packages_skip_build_finished=False, packages_select_test_failures=False, packages_skip_test_passed=False, packages_select=None, packages_skip=None, packages_select_regex=None, packages_skip_regex=None, packages_start=None, packages_end=None, allow_overriding=[], cmake_args=None, cmake_target=None, cmake_target_skip_unavailable=False, cmake_clean_cache=False, cmake_clean_first=False, cmake_force_configure=False, ament_cmake_args=None, catkin_cmake_args=None, catkin_skip_building_tests=False, mixin_files=None, mixin=None, verb_parser=<colcon_mixin.mixin.mixin_argument.MixinArgumentDecorator object at 0x76fe1c57d700>, verb_extension=<colcon_core.verb.build.BuildVerb object at 0x76fe1c57d160>, main=<bound method BuildVerb.main of <colcon_core.verb.build.BuildVerb object at 0x76fe1c57d160>>, mixin_verb=('build',))
[0.946s] Level 1:colcon.colcon_core.package_discovery:discover_packages(colcon_meta) check parameters
[0.946s] Level 1:colcon.colcon_core.package_discovery:discover_packages(recursive) check parameters
[0.946s] Level 1:colcon.colcon_core.package_discovery:discover_packages(ignore) check parameters
[0.946s] Level 1:colcon.colcon_core.package_discovery:discover_packages(path) check parameters
[0.947s] Level 1:colcon.colcon_core.package_discovery:discover_packages(colcon_meta) discover
[0.947s] Level 1:colcon.colcon_core.package_discovery:discover_packages(recursive) discover
[0.947s] INFO:colcon.colcon_core.package_discovery:Crawling recursively for packages in '/home/toni/toni_umrt_ros'
[0.947s] Level 1:colcon.colcon_core.package_identification:_identify(.) by extensions ['ignore', 'ignore_ament_install']
[0.947s] Level 1:colcon.colcon_core.package_identification:_identify(.) by extension 'ignore'
[0.947s] Level 1:colcon.colcon_core.package_identification:_identify(.) by extension 'ignore_ament_install'
[0.947s] Level 1:colcon.colcon_core.package_identification:_identify(.) by extensions ['colcon_pkg']
[0.948s] Level 1:colcon.colcon_core.package_identification:_identify(.) by extension 'colcon_pkg'
[0.948s] Level 1:colcon.colcon_core.package_identification:_identify(.) by extensions ['colcon_meta']
[0.948s] Level 1:colcon.colcon_core.package_identification:_identify(.) by extension 'colcon_meta'
[0.948s] Level 1:colcon.colcon_core.package_identification:_identify(.) by extensions ['ros']
[0.948s] Level 1:colcon.colcon_core.package_identification:_identify(.) by extension 'ros'
[1.024s] Level 1:colcon.colcon_core.package_identification:_identify(.) by extensions ['cmake', 'python']
[1.024s] Level 1:colcon.colcon_core.package_identification:_identify(.) by extension 'cmake'
[1.025s] Level 1:colcon.colcon_core.package_identification:_identify(.) by extension 'python'
[1.025s] Level 1:colcon.colcon_core.package_identification:_identify(.) by extensions ['python_setup_py']
[1.025s] Level 1:colcon.colcon_core.package_identification:_identify(.) by extension 'python_setup_py'
[1.025s] Level 1:colcon.colcon_core.package_identification:_identify(build) by extensions ['ignore', 'ignore_ament_install']
[1.025s] Level 1:colcon.colcon_core.package_identification:_identify(build) by extension 'ignore'
[1.025s] Level 1:colcon.colcon_core.package_identification:_identify(build) ignored
[1.026s] Level 1:colcon.colcon_core.package_identification:_identify(install) by extensions ['ignore', 'ignore_ament_install']
[1.026s] Level 1:colcon.colcon_core.package_identification:_identify(install) by extension 'ignore'
[1.026s] Level 1:colcon.colcon_core.package_identification:_identify(install) ignored
[1.026s] Level 1:colcon.colcon_core.package_identification:_identify(log) by extensions ['ignore', 'ignore_ament_install']
[1.026s] Level 1:colcon.colcon_core.package_identification:_identify(log) by extension 'ignore'
[1.026s] Level 1:colcon.colcon_core.package_identification:_identify(log) ignored
[1.029s] Level 1:colcon.colcon_core.package_identification:_identify(src) by extensions ['ignore', 'ignore_ament_install']
[1.029s] Level 1:colcon.colcon_core.package_identification:_identify(src) by extension 'ignore'
[1.029s] Level 1:colcon.colcon_core.package_identification:_identify(src) by extension 'ignore_ament_install'
[1.029s] Level 1:colcon.colcon_core.package_identification:_identify(src) by extensions ['colcon_pkg']
[1.029s] Level 1:colcon.colcon_core.package_identification:_identify(src) by extension 'colcon_pkg'
[1.029s] Level 1:colcon.colcon_core.package_identification:_identify(src) by extensions ['colcon_meta']
[1.030s] Level 1:colcon.colcon_core.package_identification:_identify(src) by extension 'colcon_meta'
[1.030s] Level 1:colcon.colcon_core.package_identification:_identify(src) by extensions ['ros']
[1.030s] Level 1:colcon.colcon_core.package_identification:_identify(src) by extension 'ros'
[1.030s] Level 1:colcon.colcon_core.package_identification:_identify(src) by extensions ['cmake', 'python']
[1.030s] Level 1:colcon.colcon_core.package_identification:_identify(src) by extension 'cmake'
[1.030s] Level 1:colcon.colcon_core.package_identification:_identify(src) by extension 'python'
[1.030s] Level 1:colcon.colcon_core.package_identification:_identify(src) by extensions ['python_setup_py']
[1.030s] Level 1:colcon.colcon_core.package_identification:_identify(src) by extension 'python_setup_py'
[1.031s] Level 1:colcon.colcon_core.package_identification:_identify(src/telemetry) by extensions ['ignore', 'ignore_ament_install']
[1.031s] Level 1:colcon.colcon_core.package_identification:_identify(src/telemetry) by extension 'ignore'
[1.032s] Level 1:colcon.colcon_core.package_identification:_identify(src/telemetry) by extension 'ignore_ament_install'
[1.032s] Level 1:colcon.colcon_core.package_identification:_identify(src/telemetry) by extensions ['colcon_pkg']
[1.032s] Level 1:colcon.colcon_core.package_identification:_identify(src/telemetry) by extension 'colcon_pkg'
[1.032s] Level 1:colcon.colcon_core.package_identification:_identify(src/telemetry) by extensions ['colcon_meta']
[1.032s] Level 1:colcon.colcon_core.package_identification:_identify(src/telemetry) by extension 'colcon_meta'
[1.032s] Level 1:colcon.colcon_core.package_identification:_identify(src/telemetry) by extensions ['ros']
[1.032s] Level 1:colcon.colcon_core.package_identification:_identify(src/telemetry) by extension 'ros'
[1.041s] DEBUG:colcon.colcon_core.package_identification:Package 'src/telemetry' with type 'ros.ament_cmake' and name 'telemetry'
[1.042s] Level 1:colcon.colcon_core.package_identification:_identify(src/telemetry_interfaces) by extensions ['ignore', 'ignore_ament_install']
[1.042s] Level 1:colcon.colcon_core.package_identification:_identify(src/telemetry_interfaces) by extension 'ignore'
[1.042s] Level 1:colcon.colcon_core.package_identification:_identify(src/telemetry_interfaces) by extension 'ignore_ament_install'
[1.042s] Level 1:colcon.colcon_core.package_identification:_identify(src/telemetry_interfaces) by extensions ['colcon_pkg']
[1.042s] Level 1:colcon.colcon_core.package_identification:_identify(src/telemetry_interfaces) by extension 'colcon_pkg'
[1.042s] Level 1:colcon.colcon_core.package_identification:_identify(src/telemetry_interfaces) by extensions ['colcon_meta']
[1.042s] Level 1:colcon.colcon_core.package_identification:_identify(src/telemetry_interfaces) by extension 'colcon_meta'
[1.042s] Level 1:colcon.colcon_core.package_identification:_identify(src/telemetry_interfaces) by extensions ['ros']
[1.043s] Level 1:colcon.colcon_core.package_identification:_identify(src/telemetry_interfaces) by extension 'ros'
[1.044s] DEBUG:colcon.colcon_core.package_identification:Package 'src/telemetry_interfaces' with type 'ros.ament_cmake' and name 'telemetry_interfaces'
[1.044s] Level 1:colcon.colcon_core.package_discovery:discover_packages(recursive) using defaults
[1.045s] Level 1:colcon.colcon_core.package_discovery:discover_packages(ignore) discover
[1.045s] Level 1:colcon.colcon_core.package_discovery:discover_packages(ignore) using defaults
[1.045s] Level 1:colcon.colcon_core.package_discovery:discover_packages(path) discover
[1.045s] Level 1:colcon.colcon_core.package_discovery:discover_packages(path) using defaults
[1.105s] Level 1:colcon.colcon_core.package_discovery:discover_packages(prefix_path) check parameters
[1.105s] Level 1:colcon.colcon_core.package_discovery:discover_packages(prefix_path) discover
[1.116s] DEBUG:colcon.colcon_installed_package_information.package_discovery:Found 286 installed packages in /opt/ros/rolling
[1.118s] Level 1:colcon.colcon_core.package_discovery:discover_packages(prefix_path) using defaults
[1.209s] Level 5:colcon.colcon_core.verb:set package 'telemetry_interfaces' build argument 'cmake_args' from command line to 'None'
[1.209s] Level 5:colcon.colcon_core.verb:set package 'telemetry_interfaces' build argument 'cmake_target' from command line to 'None'
[1.209s] Level 5:colcon.colcon_core.verb:set package 'telemetry_interfaces' build argument 'cmake_target_skip_unavailable' from command line to 'False'
[1.209s] Level 5:colcon.colcon_core.verb:set package 'telemetry_interfaces' build argument 'cmake_clean_cache' from command line to 'False'
[1.209s] Level 5:colcon.colcon_core.verb:set package 'telemetry_interfaces' build argument 'cmake_clean_first' from command line to 'False'
[1.209s] Level 5:colcon.colcon_core.verb:set package 'telemetry_interfaces' build argument 'cmake_force_configure' from command line to 'False'
[1.209s] Level 5:colcon.colcon_core.verb:set package 'telemetry_interfaces' build argument 'ament_cmake_args' from command line to 'None'
[1.209s] Level 5:colcon.colcon_core.verb:set package 'telemetry_interfaces' build argument 'catkin_cmake_args' from command line to 'None'
[1.209s] Level 5:colcon.colcon_core.verb:set package 'telemetry_interfaces' build argument 'catkin_skip_building_tests' from command line to 'False'
[1.209s] DEBUG:colcon.colcon_core.verb:Building package 'telemetry_interfaces' with the following arguments: {'ament_cmake_args': None, 'build_base': '/home/toni/toni_umrt_ros/build/telemetry_interfaces', 'catkin_cmake_args': None, 'catkin_skip_building_tests': False, 'cmake_args': None, 'cmake_clean_cache': False, 'cmake_clean_first': False, 'cmake_force_configure': False, 'cmake_target': None, 'cmake_target_skip_unavailable': False, 'install_base': '/home/toni/toni_umrt_ros/install/telemetry_interfaces', 'merge_install': False, 'path': '/home/toni/toni_umrt_ros/src/telemetry_interfaces', 'symlink_install': False, 'test_result_base': None}
[1.210s] Level 5:colcon.colcon_core.verb:set package 'telemetry' build argument 'cmake_args' from command line to 'None'
[1.210s] Level 5:colcon.colcon_core.verb:set package 'telemetry' build argument 'cmake_target' from command line to 'None'
[1.210s] Level 5:colcon.colcon_core.verb:set package 'telemetry' build argument 'cmake_target_skip_unavailable' from command line to 'False'
[1.210s] Level 5:colcon.colcon_core.verb:set package 'telemetry' build argument 'cmake_clean_cache' from command line to 'False'
[1.210s] Level 5:colcon.colcon_core.verb:set package 'telemetry' build argument 'cmake_clean_first' from command line to 'False'
[1.210s] Level 5:colcon.colcon_core.verb:set package 'telemetry' build argument 'cmake_force_configure' from command line to 'False'
[1.210s] Level 5:colcon.colcon_core.verb:set package 'telemetry' build argument 'ament_cmake_args' from command line to 'None'
[1.210s] Level 5:colcon.colcon_core.verb:set package 'telemetry' build argument 'catkin_cmake_args' from command line to 'None'
[1.210s] Level 5:colcon.colcon_core.verb:set package 'telemetry' build argument 'catkin_skip_building_tests' from command line to 'False'
[1.210s] DEBUG:colcon.colcon_core.verb:Building package 'telemetry' with the following arguments: {'ament_cmake_args': None, 'build_base': '/home/toni/toni_umrt_ros/build/telemetry', 'catkin_cmake_args': None, 'catkin_skip_building_tests': False, 'cmake_args': None, 'cmake_clean_cache': False, 'cmake_clean_first': False, 'cmake_force_configure': False, 'cmake_target': None, 'cmake_target_skip_unavailable': False, 'install_base': '/home/toni/toni_umrt_ros/install/telemetry', 'merge_install': False, 'path': '/home/toni/toni_umrt_ros/src/telemetry', 'symlink_install': False, 'test_result_base': None}
[1.210s] INFO:colcon.colcon_core.executor:Executing jobs using 'parallel' executor
[1.212s] DEBUG:colcon.colcon_parallel_executor.executor.parallel:run_until_complete
[1.212s] INFO:colcon.colcon_ros.task.ament_cmake.build:Building ROS package in '/home/toni/toni_umrt_ros/src/telemetry_interfaces' with build type 'ament_cmake'
[1.213s] INFO:colcon.colcon_cmake.task.cmake.build:Building CMake package in '/home/toni/toni_umrt_ros/src/telemetry_interfaces'
[1.248s] INFO:colcon.colcon_core.plugin_system:Skipping extension 'colcon_core.shell.bat': Not used on non-Windows systems
[1.248s] INFO:colcon.colcon_core.shell:Skip shell extension 'powershell' for command environment: Not usable outside of PowerShell
[1.248s] DEBUG:colcon.colcon_core.shell:Skip shell extension 'dsv' for command environment
[1.285s] DEBUG:colcon.colcon_core.event_handler.log_command:Invoking command in '/home/toni/toni_umrt_ros/build/telemetry_interfaces': CMAKE_PREFIX_PATH=${CMAKE_PREFIX_PATH}:/opt/ros/rolling DEBUGINFOD_URLS=https://debuginfod.ubuntu.com /usr/bin/cmake --build /home/toni/toni_umrt_ros/build/telemetry_interfaces -- -j4 -l4
[2.446s] DEBUG:colcon.colcon_core.event_handler.log_command:Invoked command in '/home/toni/toni_umrt_ros/build/telemetry_interfaces' returned '0': CMAKE_PREFIX_PATH=${CMAKE_PREFIX_PATH}:/opt/ros/rolling DEBUGINFOD_URLS=https://debuginfod.ubuntu.com /usr/bin/cmake --build /home/toni/toni_umrt_ros/build/telemetry_interfaces -- -j4 -l4
[2.703s] DEBUG:colcon.colcon_core.event_handler.log_command:Invoking command in '/home/toni/toni_umrt_ros/build/telemetry_interfaces': CMAKE_PREFIX_PATH=${CMAKE_PREFIX_PATH}:/opt/ros/rolling DEBUGINFOD_URLS=https://debuginfod.ubuntu.com /usr/bin/cmake --install /home/toni/toni_umrt_ros/build/telemetry_interfaces
[2.907s] Level 1:colcon.colcon_core.environment:create_environment_scripts_only(telemetry_interfaces)
[2.908s] DEBUG:colcon.colcon_core.event_handler.log_command:Invoked command in '/home/toni/toni_umrt_ros/build/telemetry_interfaces' returned '0': CMAKE_PREFIX_PATH=${CMAKE_PREFIX_PATH}:/opt/ros/rolling DEBUGINFOD_URLS=https://debuginfod.ubuntu.com /usr/bin/cmake --install /home/toni/toni_umrt_ros/build/telemetry_interfaces
[2.924s] Level 1:colcon.colcon_core.environment:checking '/home/toni/toni_umrt_ros/install/telemetry_interfaces' for CMake module files
[2.926s] Level 1:colcon.colcon_core.environment:checking '/home/toni/toni_umrt_ros/install/telemetry_interfaces' for CMake config files
[2.928s] Level 1:colcon.colcon_core.shell:create_environment_hook('telemetry_interfaces', 'cmake_prefix_path')
[2.928s] INFO:colcon.colcon_core.shell:Creating environment hook '/home/toni/toni_umrt_ros/install/telemetry_interfaces/share/telemetry_interfaces/hook/cmake_prefix_path.ps1'
[2.934s] INFO:colcon.colcon_core.shell:Creating environment descriptor '/home/toni/toni_umrt_ros/install/telemetry_interfaces/share/telemetry_interfaces/hook/cmake_prefix_path.dsv'
[2.935s] INFO:colcon.colcon_core.shell:Creating environment hook '/home/toni/toni_umrt_ros/install/telemetry_interfaces/share/telemetry_interfaces/hook/cmake_prefix_path.sh'
[2.938s] Level 1:colcon.colcon_core.environment:checking '/home/toni/toni_umrt_ros/install/telemetry_interfaces/lib'
[2.938s] Level 1:colcon.colcon_core.shell:create_environment_hook('telemetry_interfaces', 'ld_library_path_lib')
[2.938s] INFO:colcon.colcon_core.shell:Creating environment hook '/home/toni/toni_umrt_ros/install/telemetry_interfaces/share/telemetry_interfaces/hook/ld_library_path_lib.ps1'
[2.939s] INFO:colcon.colcon_core.shell:Creating environment descriptor '/home/toni/toni_umrt_ros/install/telemetry_interfaces/share/telemetry_interfaces/hook/ld_library_path_lib.dsv'
[2.940s] INFO:colcon.colcon_core.shell:Creating environment hook '/home/toni/toni_umrt_ros/install/telemetry_interfaces/share/telemetry_interfaces/hook/ld_library_path_lib.sh'
[2.941s] Level 1:colcon.colcon_core.environment:checking '/home/toni/toni_umrt_ros/install/telemetry_interfaces/bin'
[2.941s] Level 1:colcon.colcon_core.environment:checking '/home/toni/toni_umrt_ros/install/telemetry_interfaces/lib/pkgconfig/telemetry_interfaces.pc'
[2.941s] Level 1:colcon.colcon_core.environment:checking '/home/toni/toni_umrt_ros/install/telemetry_interfaces/lib/python3.12/site-packages'
[2.942s] Level 1:colcon.colcon_core.shell:create_environment_hook('telemetry_interfaces', 'pythonpath')
[2.942s] INFO:colcon.colcon_core.shell:Creating environment hook '/home/toni/toni_umrt_ros/install/telemetry_interfaces/share/telemetry_interfaces/hook/pythonpath.ps1'
[2.943s] INFO:colcon.colcon_core.shell:Creating environment descriptor '/home/toni/toni_umrt_ros/install/telemetry_interfaces/share/telemetry_interfaces/hook/pythonpath.dsv'
[2.944s] INFO:colcon.colcon_core.shell:Creating environment hook '/home/toni/toni_umrt_ros/install/telemetry_interfaces/share/telemetry_interfaces/hook/pythonpath.sh'
[2.945s] Level 1:colcon.colcon_core.environment:checking '/home/toni/toni_umrt_ros/install/telemetry_interfaces/bin'
[2.946s] INFO:colcon.colcon_core.shell:Creating package script '/home/toni/toni_umrt_ros/install/telemetry_interfaces/share/telemetry_interfaces/package.ps1'
[2.948s] INFO:colcon.colcon_core.shell:Creating package descriptor '/home/toni/toni_umrt_ros/install/telemetry_interfaces/share/telemetry_interfaces/package.dsv'
[2.950s] INFO:colcon.colcon_core.shell:Creating package script '/home/toni/toni_umrt_ros/install/telemetry_interfaces/share/telemetry_interfaces/package.sh'
[2.952s] INFO:colcon.colcon_core.shell:Creating package script '/home/toni/toni_umrt_ros/install/telemetry_interfaces/share/telemetry_interfaces/package.bash'
[2.954s] INFO:colcon.colcon_core.shell:Creating package script '/home/toni/toni_umrt_ros/install/telemetry_interfaces/share/telemetry_interfaces/package.zsh'
[2.957s] Level 1:colcon.colcon_core.environment:create_file_with_runtime_dependencies(/home/toni/toni_umrt_ros/install/telemetry_interfaces/share/colcon-core/packages/telemetry_interfaces)
[3.193s] Level 1:colcon.colcon_core.environment:create_environment_scripts_only(telemetry_interfaces)
[3.193s] Level 1:colcon.colcon_core.environment:checking '/home/toni/toni_umrt_ros/install/telemetry_interfaces' for CMake module files
[3.194s] Level 1:colcon.colcon_core.environment:checking '/home/toni/toni_umrt_ros/install/telemetry_interfaces' for CMake config files
[3.195s] Level 1:colcon.colcon_core.shell:create_environment_hook('telemetry_interfaces', 'cmake_prefix_path')
[3.196s] INFO:colcon.colcon_core.shell:Creating environment hook '/home/toni/toni_umrt_ros/install/telemetry_interfaces/share/telemetry_interfaces/hook/cmake_prefix_path.ps1'
[3.196s] INFO:colcon.colcon_core.shell:Creating environment descriptor '/home/toni/toni_umrt_ros/install/telemetry_interfaces/share/telemetry_interfaces/hook/cmake_prefix_path.dsv'
[3.197s] INFO:colcon.colcon_core.shell:Creating environment hook '/home/toni/toni_umrt_ros/install/telemetry_interfaces/share/telemetry_interfaces/hook/cmake_prefix_path.sh'
[3.198s] Level 1:colcon.colcon_core.environment:checking '/home/toni/toni_umrt_ros/install/telemetry_interfaces/lib'
[3.199s] Level 1:colcon.colcon_core.shell:create_environment_hook('telemetry_interfaces', 'ld_library_path_lib')
[3.199s] INFO:colcon.colcon_core.shell:Creating environment hook '/home/toni/toni_umrt_ros/install/telemetry_interfaces/share/telemetry_interfaces/hook/ld_library_path_lib.ps1'
[3.200s] INFO:colcon.colcon_core.shell:Creating environment descriptor '/home/toni/toni_umrt_ros/install/telemetry_interfaces/share/telemetry_interfaces/hook/ld_library_path_lib.dsv'
[3.200s] INFO:colcon.colcon_core.shell:Creating environment hook '/home/toni/toni_umrt_ros/install/telemetry_interfaces/share/telemetry_interfaces/hook/ld_library_path_lib.sh'
[3.201s] Level 1:colcon.colcon_core.environment:checking '/home/toni/toni_umrt_ros/install/telemetry_interfaces/bin'
[3.201s] Level 1:colcon.colcon_core.environment:checking '/home/toni/toni_umrt_ros/install/telemetry_interfaces/lib/pkgconfig/telemetry_interfaces.pc'
[3.202s] Level 1:colcon.colcon_core.environment:checking '/home/toni/toni_umrt_ros/install/telemetry_interfaces/lib/python3.12/site-packages'
[3.202s] Level 1:colcon.colcon_core.shell:create_environment_hook('telemetry_interfaces', 'pythonpath')
[3.202s] INFO:colcon.colcon_core.shell:Creating environment hook '/home/toni/toni_umrt_ros/install/telemetry_interfaces/share/telemetry_interfaces/hook/pythonpath.ps1'
[3.203s] INFO:colcon.colcon_core.shell:Creating environment descriptor '/home/toni/toni_umrt_ros/install/telemetry_interfaces/share/telemetry_interfaces/hook/pythonpath.dsv'
[3.203s] INFO:colcon.colcon_core.shell:Creating environment hook '/home/toni/toni_umrt_ros/install/telemetry_interfaces/share/telemetry_interfaces/hook/pythonpath.sh'
[3.205s] Level 1:colcon.colcon_core.environment:checking '/home/toni/toni_umrt_ros/install/telemetry_interfaces/bin'
[3.205s] INFO:colcon.colcon_core.shell:Creating package script '/home/toni/toni_umrt_ros/install/telemetry_interfaces/share/telemetry_interfaces/package.ps1'
[3.206s] INFO:colcon.colcon_core.shell:Creating package descriptor '/home/toni/toni_umrt_ros/install/telemetry_interfaces/share/telemetry_interfaces/package.dsv'
[3.207s] INFO:colcon.colcon_core.shell:Creating package script '/home/toni/toni_umrt_ros/install/telemetry_interfaces/share/telemetry_interfaces/package.sh'
[3.208s] INFO:colcon.colcon_core.shell:Creating package script '/home/toni/toni_umrt_ros/install/telemetry_interfaces/share/telemetry_interfaces/package.bash'
[3.209s] INFO:colcon.colcon_core.shell:Creating package script '/home/toni/toni_umrt_ros/install/telemetry_interfaces/share/telemetry_interfaces/package.zsh'
[3.210s] Level 1:colcon.colcon_core.environment:create_file_with_runtime_dependencies(/home/toni/toni_umrt_ros/install/telemetry_interfaces/share/colcon-core/packages/telemetry_interfaces)
[3.211s] INFO:colcon.colcon_ros.task.ament_cmake.build:Building ROS package in '/home/toni/toni_umrt_ros/src/telemetry' with build type 'ament_cmake'
[3.211s] INFO:colcon.colcon_cmake.task.cmake.build:Building CMake package in '/home/toni/toni_umrt_ros/src/telemetry'
[3.211s] INFO:colcon.colcon_core.shell:Skip shell extension 'powershell' for command environment: Not usable outside of PowerShell
[3.211s] DEBUG:colcon.colcon_core.shell:Skip shell extension 'dsv' for command environment
[3.252s] DEBUG:colcon.colcon_core.event_handler.log_command:Invoking command in '/home/toni/toni_umrt_ros/build/telemetry': AMENT_PREFIX_PATH=/home/toni/toni_umrt_ros/install/telemetry_interfaces:${AMENT_PREFIX_PATH} CMAKE_PREFIX_PATH=/home/toni/toni_umrt_ros/install/telemetry_interfaces:/opt/ros/rolling/opt/gz_math_vendor:/opt/ros/rolling/opt/gz_utils_vendor:/opt/ros/rolling/opt/gz_cmake_vendor:/opt/ros/rolling DEBUGINFOD_URLS=https://debuginfod.ubuntu.com LD_LIBRARY_PATH=/home/toni/toni_umrt_ros/install/telemetry_interfaces/lib:${LD_LIBRARY_PATH} PYTHONPATH=/home/toni/toni_umrt_ros/install/telemetry_interfaces/lib/python3.12/site-packages:${PYTHONPATH} /usr/bin/cmake --build /home/toni/toni_umrt_ros/build/telemetry -- -j4 -l4
[30.283s] DEBUG:colcon.colcon_core.event_handler.log_command:Invoked command in '/home/toni/toni_umrt_ros/build/telemetry' returned '0': AMENT_PREFIX_PATH=/home/toni/toni_umrt_ros/install/telemetry_interfaces:${AMENT_PREFIX_PATH} CMAKE_PREFIX_PATH=/home/toni/toni_umrt_ros/install/telemetry_interfaces:/opt/ros/rolling/opt/gz_math_vendor:/opt/ros/rolling/opt/gz_utils_vendor:/opt/ros/rolling/opt/gz_cmake_vendor:/opt/ros/rolling DEBUGINFOD_URLS=https://debuginfod.ubuntu.com LD_LIBRARY_PATH=/home/toni/toni_umrt_ros/install/telemetry_interfaces/lib:${LD_LIBRARY_PATH} PYTHONPATH=/home/toni/toni_umrt_ros/install/telemetry_interfaces/lib/python3.12/site-packages:${PYTHONPATH} /usr/bin/cmake --build /home/toni/toni_umrt_ros/build/telemetry -- -j4 -l4
[30.340s] DEBUG:colcon.colcon_core.event_handler.log_command:Invoking command in '/home/toni/toni_umrt_ros/build/telemetry': AMENT_PREFIX_PATH=/home/toni/toni_umrt_ros/install/telemetry_interfaces:${AMENT_PREFIX_PATH} CMAKE_PREFIX_PATH=/home/toni/toni_umrt_ros/install/telemetry_interfaces:/opt/ros/rolling/opt/gz_math_vendor:/opt/ros/rolling/opt/gz_utils_vendor:/opt/ros/rolling/opt/gz_cmake_vendor:/opt/ros/rolling DEBUGINFOD_URLS=https://debuginfod.ubuntu.com LD_LIBRARY_PATH=/home/toni/toni_umrt_ros/install/telemetry_interfaces/lib:${LD_LIBRARY_PATH} PYTHONPATH=/home/toni/toni_umrt_ros/install/telemetry_interfaces/lib/python3.12/site-packages:${PYTHONPATH} /usr/bin/cmake --install /home/toni/toni_umrt_ros/build/telemetry
[30.399s] Level 1:colcon.colcon_core.environment:create_environment_scripts_only(telemetry)
[30.399s] DEBUG:colcon.colcon_core.event_handler.log_command:Invoked command in '/home/toni/toni_umrt_ros/build/telemetry' returned '0': AMENT_PREFIX_PATH=/home/toni/toni_umrt_ros/install/telemetry_interfaces:${AMENT_PREFIX_PATH} CMAKE_PREFIX_PATH=/home/toni/toni_umrt_ros/install/telemetry_interfaces:/opt/ros/rolling/opt/gz_math_vendor:/opt/ros/rolling/opt/gz_utils_vendor:/opt/ros/rolling/opt/gz_cmake_vendor:/opt/ros/rolling DEBUGINFOD_URLS=https://debuginfod.ubuntu.com LD_LIBRARY_PATH=/home/toni/toni_umrt_ros/install/telemetry_interfaces/lib:${LD_LIBRARY_PATH} PYTHONPATH=/home/toni/toni_umrt_ros/install/telemetry_interfaces/lib/python3.12/site-packages:${PYTHONPATH} /usr/bin/cmake --install /home/toni/toni_umrt_ros/build/telemetry
[30.400s] Level 1:colcon.colcon_core.environment:checking '/home/toni/toni_umrt_ros/install/telemetry' for CMake module files
[30.401s] Level 1:colcon.colcon_core.environment:checking '/home/toni/toni_umrt_ros/install/telemetry' for CMake config files
[30.402s] Level 1:colcon.colcon_core.shell:create_environment_hook('telemetry', 'cmake_prefix_path')
[30.402s] INFO:colcon.colcon_core.shell:Creating environment hook '/home/toni/toni_umrt_ros/install/telemetry/share/telemetry/hook/cmake_prefix_path.ps1'
[30.404s] INFO:colcon.colcon_core.shell:Creating environment descriptor '/home/toni/toni_umrt_ros/install/telemetry/share/telemetry/hook/cmake_prefix_path.dsv'
[30.405s] INFO:colcon.colcon_core.shell:Creating environment hook '/home/toni/toni_umrt_ros/install/telemetry/share/telemetry/hook/cmake_prefix_path.sh'
[30.406s] Level 1:colcon.colcon_core.environment:checking '/home/toni/toni_umrt_ros/install/telemetry/lib'
[30.406s] Level 1:colcon.colcon_core.environment:checking '/home/toni/toni_umrt_ros/install/telemetry/bin'
[30.406s] Level 1:colcon.colcon_core.environment:checking '/home/toni/toni_umrt_ros/install/telemetry/lib/pkgconfig/telemetry.pc'
[30.407s] Level 1:colcon.colcon_core.environment:checking '/home/toni/toni_umrt_ros/install/telemetry/lib/python3.12/site-packages'
[30.407s] Level 1:colcon.colcon_core.environment:checking '/home/toni/toni_umrt_ros/install/telemetry/bin'
[30.407s] INFO:colcon.colcon_core.shell:Creating package script '/home/toni/toni_umrt_ros/install/telemetry/share/telemetry/package.ps1'
[30.408s] INFO:colcon.colcon_core.shell:Creating package descriptor '/home/toni/toni_umrt_ros/install/telemetry/share/telemetry/package.dsv'
[30.409s] INFO:colcon.colcon_core.shell:Creating package script '/home/toni/toni_umrt_ros/install/telemetry/share/telemetry/package.sh'
[30.410s] INFO:colcon.colcon_core.shell:Creating package script '/home/toni/toni_umrt_ros/install/telemetry/share/telemetry/package.bash'
[30.411s] INFO:colcon.colcon_core.shell:Creating package script '/home/toni/toni_umrt_ros/install/telemetry/share/telemetry/package.zsh'
[30.412s] Level 1:colcon.colcon_core.environment:create_file_with_runtime_dependencies(/home/toni/toni_umrt_ros/install/telemetry/share/colcon-core/packages/telemetry)
[30.466s] Level 1:colcon.colcon_core.environment:create_environment_scripts_only(telemetry)
[30.467s] Level 1:colcon.colcon_core.environment:checking '/home/toni/toni_umrt_ros/install/telemetry' for CMake module files
[30.468s] Level 1:colcon.colcon_core.environment:checking '/home/toni/toni_umrt_ros/install/telemetry' for CMake config files
[30.469s] Level 1:colcon.colcon_core.shell:create_environment_hook('telemetry', 'cmake_prefix_path')
[30.470s] INFO:colcon.colcon_core.shell:Creating environment hook '/home/toni/toni_umrt_ros/install/telemetry/share/telemetry/hook/cmake_prefix_path.ps1'
[30.471s] INFO:colcon.colcon_core.shell:Creating environment descriptor '/home/toni/toni_umrt_ros/install/telemetry/share/telemetry/hook/cmake_prefix_path.dsv'
[30.472s] INFO:colcon.colcon_core.shell:Creating environment hook '/home/toni/toni_umrt_ros/install/telemetry/share/telemetry/hook/cmake_prefix_path.sh'
[30.474s] Level 1:colcon.colcon_core.environment:checking '/home/toni/toni_umrt_ros/install/telemetry/lib'
[30.474s] Level 1:colcon.colcon_core.environment:checking '/home/toni/toni_umrt_ros/install/telemetry/bin'
[30.474s] Level 1:colcon.colcon_core.environment:checking '/home/toni/toni_umrt_ros/install/telemetry/lib/pkgconfig/telemetry.pc'
[30.475s] Level 1:colcon.colcon_core.environment:checking '/home/toni/toni_umrt_ros/install/telemetry/lib/python3.12/site-packages'
[30.475s] Level 1:colcon.colcon_core.environment:checking '/home/toni/toni_umrt_ros/install/telemetry/bin'
[30.476s] INFO:colcon.colcon_core.shell:Creating package script '/home/toni/toni_umrt_ros/install/telemetry/share/telemetry/package.ps1'
[30.478s] INFO:colcon.colcon_core.shell:Creating package descriptor '/home/toni/toni_umrt_ros/install/telemetry/share/telemetry/package.dsv'
[30.479s] INFO:colcon.colcon_core.shell:Creating package script '/home/toni/toni_umrt_ros/install/telemetry/share/telemetry/package.sh'
[30.480s] INFO:colcon.colcon_core.shell:Creating package script '/home/toni/toni_umrt_ros/install/telemetry/share/telemetry/package.bash'
[30.481s] INFO:colcon.colcon_core.shell:Creating package script '/home/toni/toni_umrt_ros/install/telemetry/share/telemetry/package.zsh'
[30.482s] Level 1:colcon.colcon_core.environment:create_file_with_runtime_dependencies(/home/toni/toni_umrt_ros/install/telemetry/share/colcon-core/packages/telemetry)
[30.484s] DEBUG:colcon.colcon_parallel_executor.executor.parallel:closing loop
[30.484s] DEBUG:colcon.colcon_parallel_executor.executor.parallel:loop closed
[30.484s] DEBUG:colcon.colcon_parallel_executor.executor.parallel:run_until_complete finished with '0'
[30.484s] DEBUG:colcon.colcon_core.event_reactor:joining thread
[30.499s] INFO:colcon.colcon_core.plugin_system:Skipping extension 'colcon_notification.desktop_notification.terminal_notifier': Not used on non-Darwin systems
[30.499s] INFO:colcon.colcon_core.plugin_system:Skipping extension 'colcon_notification.desktop_notification.win32': Not used on non-Windows systems
[30.499s] INFO:colcon.colcon_notification.desktop_notification:Sending desktop notification using 'notify2'
[30.559s] DEBUG:colcon.colcon_core.event_reactor:joined thread
[30.560s] INFO:colcon.colcon_core.shell:Creating prefix script '/home/toni/toni_umrt_ros/install/local_setup.ps1'
[30.562s] INFO:colcon.colcon_core.shell:Creating prefix util module '/home/toni/toni_umrt_ros/install/_local_setup_util_ps1.py'
[30.565s] INFO:colcon.colcon_core.shell:Creating prefix chain script '/home/toni/toni_umrt_ros/install/setup.ps1'
[30.568s] INFO:colcon.colcon_core.shell:Creating prefix script '/home/toni/toni_umrt_ros/install/local_setup.sh'
[30.570s] INFO:colcon.colcon_core.shell:Creating prefix util module '/home/toni/toni_umrt_ros/install/_local_setup_util_sh.py'
[30.571s] INFO:colcon.colcon_core.shell:Creating prefix chain script '/home/toni/toni_umrt_ros/install/setup.sh'
[30.573s] INFO:colcon.colcon_core.shell:Creating prefix script '/home/toni/toni_umrt_ros/install/local_setup.bash'
[30.575s] INFO:colcon.colcon_core.shell:Creating prefix chain script '/home/toni/toni_umrt_ros/install/setup.bash'
[30.577s] INFO:colcon.colcon_core.shell:Creating prefix script '/home/toni/toni_umrt_ros/install/local_setup.zsh'
[30.579s] INFO:colcon.colcon_core.shell:Creating prefix chain script '/home/toni/toni_umrt_ros/install/setup.zsh'
