[0.226s] DEBUG:colcon:Command line arguments: ['/usr/bin/colcon', 'build']
[0.226s] DEBUG:colcon:Parsed command line arguments: Namespace(log_base=None, log_level=None, verb_name='build', build_base='build', install_base='install', merge_install=False, symlink_install=False, test_result_base=None, continue_on_error=False, executor='parallel', parallel_workers=4, event_handlers=None, ignore_user_meta=False, metas=['./colcon.meta'], base_paths=['.'], packages_ignore=None, packages_ignore_regex=None, paths=None, packages_up_to=None, packages_up_to_regex=None, packages_above=None, packages_above_and_dependencies=None, packages_above_depth=None, packages_select_by_dep=None, packages_skip_by_dep=None, packages_skip_up_to=None, packages_select_build_failed=False, packages_skip_build_finished=False, packages_select_test_failures=False, packages_skip_test_passed=False, packages_select=None, packages_skip=None, packages_select_regex=None, packages_skip_regex=None, packages_start=None, packages_end=None, allow_overriding=[], cmake_args=None, cmake_target=None, cmake_target_skip_unavailable=False, cmake_clean_cache=False, cmake_clean_first=False, cmake_force_configure=False, ament_cmake_args=None, catkin_cmake_args=None, catkin_skip_building_tests=False, mixin_files=None, mixin=None, verb_parser=<colcon_mixin.mixin.mixin_argument.MixinArgumentDecorator object at 0x79e1d32898b0>, verb_extension=<colcon_core.verb.build.BuildVerb object at 0x79e1d32894f0>, main=<bound method BuildVerb.main of <colcon_core.verb.build.BuildVerb object at 0x79e1d32894f0>>, mixin_verb=('build',))
[0.301s] Level 1:colcon.colcon_core.package_discovery:discover_packages(colcon_meta) check parameters
[0.301s] Level 1:colcon.colcon_core.package_discovery:discover_packages(recursive) check parameters
[0.301s] Level 1:colcon.colcon_core.package_discovery:discover_packages(ignore) check parameters
[0.301s] Level 1:colcon.colcon_core.package_discovery:discover_packages(path) check parameters
[0.301s] Level 1:colcon.colcon_core.package_discovery:discover_packages(colcon_meta) discover
[0.301s] Level 1:colcon.colcon_core.package_discovery:discover_packages(recursive) discover
[0.302s] INFO:colcon.colcon_core.package_discovery:Crawling recursively for packages in '/home/toni/toni_umrt_ros'
[0.302s] Level 1:colcon.colcon_core.package_identification:_identify(.) by extensions ['ignore', 'ignore_ament_install']
[0.302s] Level 1:colcon.colcon_core.package_identification:_identify(.) by extension 'ignore'
[0.302s] Level 1:colcon.colcon_core.package_identification:_identify(.) by extension 'ignore_ament_install'
[0.302s] Level 1:colcon.colcon_core.package_identification:_identify(.) by extensions ['colcon_pkg']
[0.302s] Level 1:colcon.colcon_core.package_identification:_identify(.) by extension 'colcon_pkg'
[0.302s] Level 1:colcon.colcon_core.package_identification:_identify(.) by extensions ['colcon_meta']
[0.302s] Level 1:colcon.colcon_core.package_identification:_identify(.) by extension 'colcon_meta'
[0.302s] Level 1:colcon.colcon_core.package_identification:_identify(.) by extensions ['ros']
[0.302s] Level 1:colcon.colcon_core.package_identification:_identify(.) by extension 'ros'
[0.362s] Level 1:colcon.colcon_core.package_identification:_identify(.) by extensions ['cmake', 'python']
[0.362s] Level 1:colcon.colcon_core.package_identification:_identify(.) by extension 'cmake'
[0.362s] Level 1:colcon.colcon_core.package_identification:_identify(.) by extension 'python'
[0.363s] Level 1:colcon.colcon_core.package_identification:_identify(.) by extensions ['python_setup_py']
[0.363s] Level 1:colcon.colcon_core.package_identification:_identify(.) by extension 'python_setup_py'
[0.363s] Level 1:colcon.colcon_core.package_identification:_identify(build) by extensions ['ignore', 'ignore_ament_install']
[0.363s] Level 1:colcon.colcon_core.package_identification:_identify(build) by extension 'ignore'
[0.364s] Level 1:colcon.colcon_core.package_identification:_identify(build) ignored
[0.364s] Level 1:colcon.colcon_core.package_identification:_identify(install) by extensions ['ignore', 'ignore_ament_install']
[0.364s] Level 1:colcon.colcon_core.package_identification:_identify(install) by extension 'ignore'
[0.364s] Level 1:colcon.colcon_core.package_identification:_identify(install) ignored
[0.364s] Level 1:colcon.colcon_core.package_identification:_identify(log) by extensions ['ignore', 'ignore_ament_install']
[0.365s] Level 1:colcon.colcon_core.package_identification:_identify(log) by extension 'ignore'
[0.365s] Level 1:colcon.colcon_core.package_identification:_identify(log) ignored
[0.365s] Level 1:colcon.colcon_core.package_identification:_identify(src) by extensions ['ignore', 'ignore_ament_install']
[0.365s] Level 1:colcon.colcon_core.package_identification:_identify(src) by extension 'ignore'
[0.365s] Level 1:colcon.colcon_core.package_identification:_identify(src) by extension 'ignore_ament_install'
[0.366s] Level 1:colcon.colcon_core.package_identification:_identify(src) by extensions ['colcon_pkg']
[0.366s] Level 1:colcon.colcon_core.package_identification:_identify(src) by extension 'colcon_pkg'
[0.366s] Level 1:colcon.colcon_core.package_identification:_identify(src) by extensions ['colcon_meta']
[0.366s] Level 1:colcon.colcon_core.package_identification:_identify(src) by extension 'colcon_meta'
[0.366s] Level 1:colcon.colcon_core.package_identification:_identify(src) by extensions ['ros']
[0.366s] Level 1:colcon.colcon_core.package_identification:_identify(src) by extension 'ros'
[0.366s] Level 1:colcon.colcon_core.package_identification:_identify(src) by extensions ['cmake', 'python']
[0.367s] Level 1:colcon.colcon_core.package_identification:_identify(src) by extension 'cmake'
[0.367s] Level 1:colcon.colcon_core.package_identification:_identify(src) by extension 'python'
[0.367s] Level 1:colcon.colcon_core.package_identification:_identify(src) by extensions ['python_setup_py']
[0.367s] Level 1:colcon.colcon_core.package_identification:_identify(src) by extension 'python_setup_py'
[0.367s] Level 1:colcon.colcon_core.package_identification:_identify(src/telemetry) by extensions ['ignore', 'ignore_ament_install']
[0.367s] Level 1:colcon.colcon_core.package_identification:_identify(src/telemetry) by extension 'ignore'
[0.368s] Level 1:colcon.colcon_core.package_identification:_identify(src/telemetry) by extension 'ignore_ament_install'
[0.368s] Level 1:colcon.colcon_core.package_identification:_identify(src/telemetry) by extensions ['colcon_pkg']
[0.368s] Level 1:colcon.colcon_core.package_identification:_identify(src/telemetry) by extension 'colcon_pkg'
[0.368s] Level 1:colcon.colcon_core.package_identification:_identify(src/telemetry) by extensions ['colcon_meta']
[0.368s] Level 1:colcon.colcon_core.package_identification:_identify(src/telemetry) by extension 'colcon_meta'
[0.368s] Level 1:colcon.colcon_core.package_identification:_identify(src/telemetry) by extensions ['ros']
[0.368s] Level 1:colcon.colcon_core.package_identification:_identify(src/telemetry) by extension 'ros'
[0.373s] DEBUG:colcon.colcon_core.package_identification:Package 'src/telemetry' with type 'ros.ament_cmake' and name 'telemetry'
[0.374s] Level 1:colcon.colcon_core.package_identification:_identify(src/telemetry_interfaces) by extensions ['ignore', 'ignore_ament_install']
[0.374s] Level 1:colcon.colcon_core.package_identification:_identify(src/telemetry_interfaces) by extension 'ignore'
[0.374s] Level 1:colcon.colcon_core.package_identification:_identify(src/telemetry_interfaces) by extension 'ignore_ament_install'
[0.375s] Level 1:colcon.colcon_core.package_identification:_identify(src/telemetry_interfaces) by extensions ['colcon_pkg']
[0.375s] Level 1:colcon.colcon_core.package_identification:_identify(src/telemetry_interfaces) by extension 'colcon_pkg'
[0.375s] Level 1:colcon.colcon_core.package_identification:_identify(src/telemetry_interfaces) by extensions ['colcon_meta']
[0.375s] Level 1:colcon.colcon_core.package_identification:_identify(src/telemetry_interfaces) by extension 'colcon_meta'
[0.375s] Level 1:colcon.colcon_core.package_identification:_identify(src/telemetry_interfaces) by extensions ['ros']
[0.375s] Level 1:colcon.colcon_core.package_identification:_identify(src/telemetry_interfaces) by extension 'ros'
[0.376s] DEBUG:colcon.colcon_core.package_identification:Package 'src/telemetry_interfaces' with type 'ros.ament_cmake' and name 'telemetry_interfaces'
[0.376s] Level 1:colcon.colcon_core.package_discovery:discover_packages(recursive) using defaults
[0.377s] Level 1:colcon.colcon_core.package_discovery:discover_packages(ignore) discover
[0.377s] Level 1:colcon.colcon_core.package_discovery:discover_packages(ignore) using defaults
[0.377s] Level 1:colcon.colcon_core.package_discovery:discover_packages(path) discover
[0.377s] Level 1:colcon.colcon_core.package_discovery:discover_packages(path) using defaults
[0.416s] Level 1:colcon.colcon_core.package_discovery:discover_packages(prefix_path) check parameters
[0.416s] Level 1:colcon.colcon_core.package_discovery:discover_packages(prefix_path) discover
[0.422s] DEBUG:colcon.colcon_installed_package_information.package_discovery:Found 286 installed packages in /opt/ros/rolling
[0.424s] Level 1:colcon.colcon_core.package_discovery:discover_packages(prefix_path) using defaults
[0.513s] Level 5:colcon.colcon_core.verb:set package 'telemetry_interfaces' build argument 'cmake_args' from command line to 'None'
[0.513s] Level 5:colcon.colcon_core.verb:set package 'telemetry_interfaces' build argument 'cmake_target' from command line to 'None'
[0.513s] Level 5:colcon.colcon_core.verb:set package 'telemetry_interfaces' build argument 'cmake_target_skip_unavailable' from command line to 'False'
[0.514s] Level 5:colcon.colcon_core.verb:set package 'telemetry_interfaces' build argument 'cmake_clean_cache' from command line to 'False'
[0.514s] Level 5:colcon.colcon_core.verb:set package 'telemetry_interfaces' build argument 'cmake_clean_first' from command line to 'False'
[0.514s] Level 5:colcon.colcon_core.verb:set package 'telemetry_interfaces' build argument 'cmake_force_configure' from command line to 'False'
[0.514s] Level 5:colcon.colcon_core.verb:set package 'telemetry_interfaces' build argument 'ament_cmake_args' from command line to 'None'
[0.514s] Level 5:colcon.colcon_core.verb:set package 'telemetry_interfaces' build argument 'catkin_cmake_args' from command line to 'None'
[0.514s] Level 5:colcon.colcon_core.verb:set package 'telemetry_interfaces' build argument 'catkin_skip_building_tests' from command line to 'False'
[0.514s] DEBUG:colcon.colcon_core.verb:Building package 'telemetry_interfaces' with the following arguments: {'ament_cmake_args': None, 'build_base': '/home/toni/toni_umrt_ros/build/telemetry_interfaces', 'catkin_cmake_args': None, 'catkin_skip_building_tests': False, 'cmake_args': None, 'cmake_clean_cache': False, 'cmake_clean_first': False, 'cmake_force_configure': False, 'cmake_target': None, 'cmake_target_skip_unavailable': False, 'install_base': '/home/toni/toni_umrt_ros/install/telemetry_interfaces', 'merge_install': False, 'path': '/home/toni/toni_umrt_ros/src/telemetry_interfaces', 'symlink_install': False, 'test_result_base': None}
[0.515s] Level 5:colcon.colcon_core.verb:set package 'telemetry' build argument 'cmake_args' from command line to 'None'
[0.515s] Level 5:colcon.colcon_core.verb:set package 'telemetry' build argument 'cmake_target' from command line to 'None'
[0.515s] Level 5:colcon.colcon_core.verb:set package 'telemetry' build argument 'cmake_target_skip_unavailable' from command line to 'False'
[0.515s] Level 5:colcon.colcon_core.verb:set package 'telemetry' build argument 'cmake_clean_cache' from command line to 'False'
[0.515s] Level 5:colcon.colcon_core.verb:set package 'telemetry' build argument 'cmake_clean_first' from command line to 'False'
[0.515s] Level 5:colcon.colcon_core.verb:set package 'telemetry' build argument 'cmake_force_configure' from command line to 'False'
[0.515s] Level 5:colcon.colcon_core.verb:set package 'telemetry' build argument 'ament_cmake_args' from command line to 'None'
[0.515s] Level 5:colcon.colcon_core.verb:set package 'telemetry' build argument 'catkin_cmake_args' from command line to 'None'
[0.515s] Level 5:colcon.colcon_core.verb:set package 'telemetry' build argument 'catkin_skip_building_tests' from command line to 'False'
[0.516s] DEBUG:colcon.colcon_core.verb:Building package 'telemetry' with the following arguments: {'ament_cmake_args': None, 'build_base': '/home/toni/toni_umrt_ros/build/telemetry', 'catkin_cmake_args': None, 'catkin_skip_building_tests': False, 'cmake_args': None, 'cmake_clean_cache': False, 'cmake_clean_first': False, 'cmake_force_configure': False, 'cmake_target': None, 'cmake_target_skip_unavailable': False, 'install_base': '/home/toni/toni_umrt_ros/install/telemetry', 'merge_install': False, 'path': '/home/toni/toni_umrt_ros/src/telemetry', 'symlink_install': False, 'test_result_base': None}
[0.516s] INFO:colcon.colcon_core.executor:Executing jobs using 'parallel' executor
[0.518s] DEBUG:colcon.colcon_parallel_executor.executor.parallel:run_until_complete
[0.518s] INFO:colcon.colcon_ros.task.ament_cmake.build:Building ROS package in '/home/toni/toni_umrt_ros/src/telemetry_interfaces' with build type 'ament_cmake'
[0.518s] INFO:colcon.colcon_cmake.task.cmake.build:Building CMake package in '/home/toni/toni_umrt_ros/src/telemetry_interfaces'
[0.523s] INFO:colcon.colcon_core.plugin_system:Skipping extension 'colcon_core.shell.bat': Not used on non-Windows systems
[0.523s] INFO:colcon.colcon_core.shell:Skip shell extension 'powershell' for command environment: Not usable outside of PowerShell
[0.524s] DEBUG:colcon.colcon_core.shell:Skip shell extension 'dsv' for command environment
[0.541s] DEBUG:colcon.colcon_core.event_handler.log_command:Invoking command in '/home/toni/toni_umrt_ros/build/telemetry_interfaces': CMAKE_PREFIX_PATH=${CMAKE_PREFIX_PATH}:/opt/ros/rolling DEBUGINFOD_URLS=https://debuginfod.ubuntu.com /usr/bin/cmake --build /home/toni/toni_umrt_ros/build/telemetry_interfaces -- -j4 -l4
[1.495s] DEBUG:colcon.colcon_core.event_handler.log_command:Invoked command in '/home/toni/toni_umrt_ros/build/telemetry_interfaces' returned '0': CMAKE_PREFIX_PATH=${CMAKE_PREFIX_PATH}:/opt/ros/rolling DEBUGINFOD_URLS=https://debuginfod.ubuntu.com /usr/bin/cmake --build /home/toni/toni_umrt_ros/build/telemetry_interfaces -- -j4 -l4
[1.797s] DEBUG:colcon.colcon_core.event_handler.log_command:Invoking command in '/home/toni/toni_umrt_ros/build/telemetry_interfaces': CMAKE_PREFIX_PATH=${CMAKE_PREFIX_PATH}:/opt/ros/rolling DEBUGINFOD_URLS=https://debuginfod.ubuntu.com /usr/bin/cmake --install /home/toni/toni_umrt_ros/build/telemetry_interfaces
[1.949s] Level 1:colcon.colcon_core.environment:create_environment_scripts_only(telemetry_interfaces)
[1.950s] DEBUG:colcon.colcon_core.event_handler.log_command:Invoked command in '/home/toni/toni_umrt_ros/build/telemetry_interfaces' returned '0': CMAKE_PREFIX_PATH=${CMAKE_PREFIX_PATH}:/opt/ros/rolling DEBUGINFOD_URLS=https://debuginfod.ubuntu.com /usr/bin/cmake --install /home/toni/toni_umrt_ros/build/telemetry_interfaces
[1.955s] Level 1:colcon.colcon_core.environment:checking '/home/toni/toni_umrt_ros/install/telemetry_interfaces' for CMake module files
[1.957s] Level 1:colcon.colcon_core.environment:checking '/home/toni/toni_umrt_ros/install/telemetry_interfaces' for CMake config files
[1.958s] Level 1:colcon.colcon_core.shell:create_environment_hook('telemetry_interfaces', 'cmake_prefix_path')
[1.958s] INFO:colcon.colcon_core.shell:Creating environment hook '/home/toni/toni_umrt_ros/install/telemetry_interfaces/share/telemetry_interfaces/hook/cmake_prefix_path.ps1'
[1.960s] INFO:colcon.colcon_core.shell:Creating environment descriptor '/home/toni/toni_umrt_ros/install/telemetry_interfaces/share/telemetry_interfaces/hook/cmake_prefix_path.dsv'
[1.961s] INFO:colcon.colcon_core.shell:Creating environment hook '/home/toni/toni_umrt_ros/install/telemetry_interfaces/share/telemetry_interfaces/hook/cmake_prefix_path.sh'
[1.963s] Level 1:colcon.colcon_core.environment:checking '/home/toni/toni_umrt_ros/install/telemetry_interfaces/lib'
[1.964s] Level 1:colcon.colcon_core.shell:create_environment_hook('telemetry_interfaces', 'ld_library_path_lib')
[1.964s] INFO:colcon.colcon_core.shell:Creating environment hook '/home/toni/toni_umrt_ros/install/telemetry_interfaces/share/telemetry_interfaces/hook/ld_library_path_lib.ps1'
[1.965s] INFO:colcon.colcon_core.shell:Creating environment descriptor '/home/toni/toni_umrt_ros/install/telemetry_interfaces/share/telemetry_interfaces/hook/ld_library_path_lib.dsv'
[1.966s] INFO:colcon.colcon_core.shell:Creating environment hook '/home/toni/toni_umrt_ros/install/telemetry_interfaces/share/telemetry_interfaces/hook/ld_library_path_lib.sh'
[1.966s] Level 1:colcon.colcon_core.environment:checking '/home/toni/toni_umrt_ros/install/telemetry_interfaces/bin'
[1.967s] Level 1:colcon.colcon_core.environment:checking '/home/toni/toni_umrt_ros/install/telemetry_interfaces/lib/pkgconfig/telemetry_interfaces.pc'
[1.967s] Level 1:colcon.colcon_core.environment:checking '/home/toni/toni_umrt_ros/install/telemetry_interfaces/lib/python3.12/site-packages'
[1.968s] Level 1:colcon.colcon_core.shell:create_environment_hook('telemetry_interfaces', 'pythonpath')
[1.968s] INFO:colcon.colcon_core.shell:Creating environment hook '/home/toni/toni_umrt_ros/install/telemetry_interfaces/share/telemetry_interfaces/hook/pythonpath.ps1'
[1.969s] INFO:colcon.colcon_core.shell:Creating environment descriptor '/home/toni/toni_umrt_ros/install/telemetry_interfaces/share/telemetry_interfaces/hook/pythonpath.dsv'
[1.970s] INFO:colcon.colcon_core.shell:Creating environment hook '/home/toni/toni_umrt_ros/install/telemetry_interfaces/share/telemetry_interfaces/hook/pythonpath.sh'
[1.971s] Level 1:colcon.colcon_core.environment:checking '/home/toni/toni_umrt_ros/install/telemetry_interfaces/bin'
[1.971s] INFO:colcon.colcon_core.shell:Creating package script '/home/toni/toni_umrt_ros/install/telemetry_interfaces/share/telemetry_interfaces/package.ps1'
[1.973s] INFO:colcon.colcon_core.shell:Creating package descriptor '/home/toni/toni_umrt_ros/install/telemetry_interfaces/share/telemetry_interfaces/package.dsv'
[1.975s] INFO:colcon.colcon_core.shell:Creating package script '/home/toni/toni_umrt_ros/install/telemetry_interfaces/share/telemetry_interfaces/package.sh'
[1.976s] INFO:colcon.colcon_core.shell:Creating package script '/home/toni/toni_umrt_ros/install/telemetry_interfaces/share/telemetry_interfaces/package.bash'
[1.977s] INFO:colcon.colcon_core.shell:Creating package script '/home/toni/toni_umrt_ros/install/telemetry_interfaces/share/telemetry_interfaces/package.zsh'
[1.978s] Level 1:colcon.colcon_core.environment:create_file_with_runtime_dependencies(/home/toni/toni_umrt_ros/install/telemetry_interfaces/share/colcon-core/packages/telemetry_interfaces)
[2.215s] Level 1:colcon.colcon_core.environment:create_environment_scripts_only(telemetry_interfaces)
[2.215s] Level 1:colcon.colcon_core.environment:checking '/home/toni/toni_umrt_ros/install/telemetry_interfaces' for CMake module files
[2.216s] Level 1:colcon.colcon_core.environment:checking '/home/toni/toni_umrt_ros/install/telemetry_interfaces' for CMake config files
[2.217s] Level 1:colcon.colcon_core.shell:create_environment_hook('telemetry_interfaces', 'cmake_prefix_path')
[2.218s] INFO:colcon.colcon_core.shell:Creating environment hook '/home/toni/toni_umrt_ros/install/telemetry_interfaces/share/telemetry_interfaces/hook/cmake_prefix_path.ps1'
[2.219s] INFO:colcon.colcon_core.shell:Creating environment descriptor '/home/toni/toni_umrt_ros/install/telemetry_interfaces/share/telemetry_interfaces/hook/cmake_prefix_path.dsv'
[2.219s] INFO:colcon.colcon_core.shell:Creating environment hook '/home/toni/toni_umrt_ros/install/telemetry_interfaces/share/telemetry_interfaces/hook/cmake_prefix_path.sh'
[2.220s] Level 1:colcon.colcon_core.environment:checking '/home/toni/toni_umrt_ros/install/telemetry_interfaces/lib'
[2.221s] Level 1:colcon.colcon_core.shell:create_environment_hook('telemetry_interfaces', 'ld_library_path_lib')
[2.221s] INFO:colcon.colcon_core.shell:Creating environment hook '/home/toni/toni_umrt_ros/install/telemetry_interfaces/share/telemetry_interfaces/hook/ld_library_path_lib.ps1'
[2.222s] INFO:colcon.colcon_core.shell:Creating environment descriptor '/home/toni/toni_umrt_ros/install/telemetry_interfaces/share/telemetry_interfaces/hook/ld_library_path_lib.dsv'
[2.222s] INFO:colcon.colcon_core.shell:Creating environment hook '/home/toni/toni_umrt_ros/install/telemetry_interfaces/share/telemetry_interfaces/hook/ld_library_path_lib.sh'
[2.223s] Level 1:colcon.colcon_core.environment:checking '/home/toni/toni_umrt_ros/install/telemetry_interfaces/bin'
[2.223s] Level 1:colcon.colcon_core.environment:checking '/home/toni/toni_umrt_ros/install/telemetry_interfaces/lib/pkgconfig/telemetry_interfaces.pc'
[2.224s] Level 1:colcon.colcon_core.environment:checking '/home/toni/toni_umrt_ros/install/telemetry_interfaces/lib/python3.12/site-packages'
[2.224s] Level 1:colcon.colcon_core.shell:create_environment_hook('telemetry_interfaces', 'pythonpath')
[2.224s] INFO:colcon.colcon_core.shell:Creating environment hook '/home/toni/toni_umrt_ros/install/telemetry_interfaces/share/telemetry_interfaces/hook/pythonpath.ps1'
[2.225s] INFO:colcon.colcon_core.shell:Creating environment descriptor '/home/toni/toni_umrt_ros/install/telemetry_interfaces/share/telemetry_interfaces/hook/pythonpath.dsv'
[2.225s] INFO:colcon.colcon_core.shell:Creating environment hook '/home/toni/toni_umrt_ros/install/telemetry_interfaces/share/telemetry_interfaces/hook/pythonpath.sh'
[2.227s] Level 1:colcon.colcon_core.environment:checking '/home/toni/toni_umrt_ros/install/telemetry_interfaces/bin'
[2.227s] INFO:colcon.colcon_core.shell:Creating package script '/home/toni/toni_umrt_ros/install/telemetry_interfaces/share/telemetry_interfaces/package.ps1'
[2.228s] INFO:colcon.colcon_core.shell:Creating package descriptor '/home/toni/toni_umrt_ros/install/telemetry_interfaces/share/telemetry_interfaces/package.dsv'
[2.230s] INFO:colcon.colcon_core.shell:Creating package script '/home/toni/toni_umrt_ros/install/telemetry_interfaces/share/telemetry_interfaces/package.sh'
[2.231s] INFO:colcon.colcon_core.shell:Creating package script '/home/toni/toni_umrt_ros/install/telemetry_interfaces/share/telemetry_interfaces/package.bash'
[2.232s] INFO:colcon.colcon_core.shell:Creating package script '/home/toni/toni_umrt_ros/install/telemetry_interfaces/share/telemetry_interfaces/package.zsh'
[2.233s] Level 1:colcon.colcon_core.environment:create_file_with_runtime_dependencies(/home/toni/toni_umrt_ros/install/telemetry_interfaces/share/colcon-core/packages/telemetry_interfaces)
[2.233s] INFO:colcon.colcon_ros.task.ament_cmake.build:Building ROS package in '/home/toni/toni_umrt_ros/src/telemetry' with build type 'ament_cmake'
[2.234s] INFO:colcon.colcon_cmake.task.cmake.build:Building CMake package in '/home/toni/toni_umrt_ros/src/telemetry'
[2.234s] INFO:colcon.colcon_core.shell:Skip shell extension 'powershell' for command environment: Not usable outside of PowerShell
[2.234s] DEBUG:colcon.colcon_core.shell:Skip shell extension 'dsv' for command environment
[2.265s] DEBUG:colcon.colcon_core.event_handler.log_command:Invoking command in '/home/toni/toni_umrt_ros/build/telemetry': AMENT_PREFIX_PATH=/home/toni/toni_umrt_ros/install/telemetry_interfaces:${AMENT_PREFIX_PATH} CMAKE_PREFIX_PATH=/home/toni/toni_umrt_ros/install/telemetry_interfaces:/opt/ros/rolling/opt/gz_math_vendor:/opt/ros/rolling/opt/gz_utils_vendor:/opt/ros/rolling/opt/gz_cmake_vendor:/opt/ros/rolling DEBUGINFOD_URLS=https://debuginfod.ubuntu.com LD_LIBRARY_PATH=/home/toni/toni_umrt_ros/install/telemetry_interfaces/lib:${LD_LIBRARY_PATH} PYTHONPATH=/home/toni/toni_umrt_ros/install/telemetry_interfaces/lib/python3.12/site-packages:${PYTHONPATH} /usr/bin/cmake --build /home/toni/toni_umrt_ros/build/telemetry -- -j4 -l4
[30.595s] DEBUG:colcon.colcon_core.event_handler.log_command:Invoked command in '/home/toni/toni_umrt_ros/build/telemetry' returned '0': AMENT_PREFIX_PATH=/home/toni/toni_umrt_ros/install/telemetry_interfaces:${AMENT_PREFIX_PATH} CMAKE_PREFIX_PATH=/home/toni/toni_umrt_ros/install/telemetry_interfaces:/opt/ros/rolling/opt/gz_math_vendor:/opt/ros/rolling/opt/gz_utils_vendor:/opt/ros/rolling/opt/gz_cmake_vendor:/opt/ros/rolling DEBUGINFOD_URLS=https://debuginfod.ubuntu.com LD_LIBRARY_PATH=/home/toni/toni_umrt_ros/install/telemetry_interfaces/lib:${LD_LIBRARY_PATH} PYTHONPATH=/home/toni/toni_umrt_ros/install/telemetry_interfaces/lib/python3.12/site-packages:${PYTHONPATH} /usr/bin/cmake --build /home/toni/toni_umrt_ros/build/telemetry -- -j4 -l4
[30.657s] DEBUG:colcon.colcon_core.event_handler.log_command:Invoking command in '/home/toni/toni_umrt_ros/build/telemetry': AMENT_PREFIX_PATH=/home/toni/toni_umrt_ros/install/telemetry_interfaces:${AMENT_PREFIX_PATH} CMAKE_PREFIX_PATH=/home/toni/toni_umrt_ros/install/telemetry_interfaces:/opt/ros/rolling/opt/gz_math_vendor:/opt/ros/rolling/opt/gz_utils_vendor:/opt/ros/rolling/opt/gz_cmake_vendor:/opt/ros/rolling DEBUGINFOD_URLS=https://debuginfod.ubuntu.com LD_LIBRARY_PATH=/home/toni/toni_umrt_ros/install/telemetry_interfaces/lib:${LD_LIBRARY_PATH} PYTHONPATH=/home/toni/toni_umrt_ros/install/telemetry_interfaces/lib/python3.12/site-packages:${PYTHONPATH} /usr/bin/cmake --install /home/toni/toni_umrt_ros/build/telemetry
[30.703s] Level 1:colcon.colcon_core.environment:create_environment_scripts_only(telemetry)
[30.703s] Level 1:colcon.colcon_core.environment:checking '/home/toni/toni_umrt_ros/install/telemetry' for CMake module files
[30.704s] DEBUG:colcon.colcon_core.event_handler.log_command:Invoked command in '/home/toni/toni_umrt_ros/build/telemetry' returned '0': AMENT_PREFIX_PATH=/home/toni/toni_umrt_ros/install/telemetry_interfaces:${AMENT_PREFIX_PATH} CMAKE_PREFIX_PATH=/home/toni/toni_umrt_ros/install/telemetry_interfaces:/opt/ros/rolling/opt/gz_math_vendor:/opt/ros/rolling/opt/gz_utils_vendor:/opt/ros/rolling/opt/gz_cmake_vendor:/opt/ros/rolling DEBUGINFOD_URLS=https://debuginfod.ubuntu.com LD_LIBRARY_PATH=/home/toni/toni_umrt_ros/install/telemetry_interfaces/lib:${LD_LIBRARY_PATH} PYTHONPATH=/home/toni/toni_umrt_ros/install/telemetry_interfaces/lib/python3.12/site-packages:${PYTHONPATH} /usr/bin/cmake --install /home/toni/toni_umrt_ros/build/telemetry
[30.705s] Level 1:colcon.colcon_core.environment:checking '/home/toni/toni_umrt_ros/install/telemetry' for CMake config files
[30.705s] Level 1:colcon.colcon_core.shell:create_environment_hook('telemetry', 'cmake_prefix_path')
[30.706s] INFO:colcon.colcon_core.shell:Creating environment hook '/home/toni/toni_umrt_ros/install/telemetry/share/telemetry/hook/cmake_prefix_path.ps1'
[30.707s] INFO:colcon.colcon_core.shell:Creating environment descriptor '/home/toni/toni_umrt_ros/install/telemetry/share/telemetry/hook/cmake_prefix_path.dsv'
[30.707s] INFO:colcon.colcon_core.shell:Creating environment hook '/home/toni/toni_umrt_ros/install/telemetry/share/telemetry/hook/cmake_prefix_path.sh'
[30.709s] Level 1:colcon.colcon_core.environment:checking '/home/toni/toni_umrt_ros/install/telemetry/lib'
[30.709s] Level 1:colcon.colcon_core.environment:checking '/home/toni/toni_umrt_ros/install/telemetry/bin'
[30.709s] Level 1:colcon.colcon_core.environment:checking '/home/toni/toni_umrt_ros/install/telemetry/lib/pkgconfig/telemetry.pc'
[30.710s] Level 1:colcon.colcon_core.environment:checking '/home/toni/toni_umrt_ros/install/telemetry/lib/python3.12/site-packages'
[30.710s] Level 1:colcon.colcon_core.environment:checking '/home/toni/toni_umrt_ros/install/telemetry/bin'
[30.710s] INFO:colcon.colcon_core.shell:Creating package script '/home/toni/toni_umrt_ros/install/telemetry/share/telemetry/package.ps1'
[30.711s] INFO:colcon.colcon_core.shell:Creating package descriptor '/home/toni/toni_umrt_ros/install/telemetry/share/telemetry/package.dsv'
[30.712s] INFO:colcon.colcon_core.shell:Creating package script '/home/toni/toni_umrt_ros/install/telemetry/share/telemetry/package.sh'
[30.713s] INFO:colcon.colcon_core.shell:Creating package script '/home/toni/toni_umrt_ros/install/telemetry/share/telemetry/package.bash'
[30.714s] INFO:colcon.colcon_core.shell:Creating package script '/home/toni/toni_umrt_ros/install/telemetry/share/telemetry/package.zsh'
[30.714s] Level 1:colcon.colcon_core.environment:create_file_with_runtime_dependencies(/home/toni/toni_umrt_ros/install/telemetry/share/colcon-core/packages/telemetry)
[30.769s] Level 1:colcon.colcon_core.environment:create_environment_scripts_only(telemetry)
[30.770s] Level 1:colcon.colcon_core.environment:checking '/home/toni/toni_umrt_ros/install/telemetry' for CMake module files
[30.771s] Level 1:colcon.colcon_core.environment:checking '/home/toni/toni_umrt_ros/install/telemetry' for CMake config files
[30.771s] Level 1:colcon.colcon_core.shell:create_environment_hook('telemetry', 'cmake_prefix_path')
[30.772s] INFO:colcon.colcon_core.shell:Creating environment hook '/home/toni/toni_umrt_ros/install/telemetry/share/telemetry/hook/cmake_prefix_path.ps1'
[30.773s] INFO:colcon.colcon_core.shell:Creating environment descriptor '/home/toni/toni_umrt_ros/install/telemetry/share/telemetry/hook/cmake_prefix_path.dsv'
[30.774s] INFO:colcon.colcon_core.shell:Creating environment hook '/home/toni/toni_umrt_ros/install/telemetry/share/telemetry/hook/cmake_prefix_path.sh'
[30.776s] Level 1:colcon.colcon_core.environment:checking '/home/toni/toni_umrt_ros/install/telemetry/lib'
[30.776s] Level 1:colcon.colcon_core.environment:checking '/home/toni/toni_umrt_ros/install/telemetry/bin'
[30.776s] Level 1:colcon.colcon_core.environment:checking '/home/toni/toni_umrt_ros/install/telemetry/lib/pkgconfig/telemetry.pc'
[30.777s] Level 1:colcon.colcon_core.environment:checking '/home/toni/toni_umrt_ros/install/telemetry/lib/python3.12/site-packages'
[30.777s] Level 1:colcon.colcon_core.environment:checking '/home/toni/toni_umrt_ros/install/telemetry/bin'
[30.778s] INFO:colcon.colcon_core.shell:Creating package script '/home/toni/toni_umrt_ros/install/telemetry/share/telemetry/package.ps1'
[30.779s] INFO:colcon.colcon_core.shell:Creating package descriptor '/home/toni/toni_umrt_ros/install/telemetry/share/telemetry/package.dsv'
[30.781s] INFO:colcon.colcon_core.shell:Creating package script '/home/toni/toni_umrt_ros/install/telemetry/share/telemetry/package.sh'
[30.782s] INFO:colcon.colcon_core.shell:Creating package script '/home/toni/toni_umrt_ros/install/telemetry/share/telemetry/package.bash'
[30.783s] INFO:colcon.colcon_core.shell:Creating package script '/home/toni/toni_umrt_ros/install/telemetry/share/telemetry/package.zsh'
[30.785s] Level 1:colcon.colcon_core.environment:create_file_with_runtime_dependencies(/home/toni/toni_umrt_ros/install/telemetry/share/colcon-core/packages/telemetry)
[30.787s] DEBUG:colcon.colcon_parallel_executor.executor.parallel:closing loop
[30.787s] DEBUG:colcon.colcon_parallel_executor.executor.parallel:loop closed
[30.787s] DEBUG:colcon.colcon_parallel_executor.executor.parallel:run_until_complete finished with '0'
[30.788s] DEBUG:colcon.colcon_core.event_reactor:joining thread
[30.804s] INFO:colcon.colcon_core.plugin_system:Skipping extension 'colcon_notification.desktop_notification.terminal_notifier': Not used on non-Darwin systems
[30.804s] INFO:colcon.colcon_core.plugin_system:Skipping extension 'colcon_notification.desktop_notification.win32': Not used on non-Windows systems
[30.804s] INFO:colcon.colcon_notification.desktop_notification:Sending desktop notification using 'notify2'
[30.834s] DEBUG:colcon.colcon_core.event_reactor:joined thread
[30.834s] INFO:colcon.colcon_core.shell:Creating prefix script '/home/toni/toni_umrt_ros/install/local_setup.ps1'
[30.836s] INFO:colcon.colcon_core.shell:Creating prefix util module '/home/toni/toni_umrt_ros/install/_local_setup_util_ps1.py'
[30.839s] INFO:colcon.colcon_core.shell:Creating prefix chain script '/home/toni/toni_umrt_ros/install/setup.ps1'
[30.841s] INFO:colcon.colcon_core.shell:Creating prefix script '/home/toni/toni_umrt_ros/install/local_setup.sh'
[30.842s] INFO:colcon.colcon_core.shell:Creating prefix util module '/home/toni/toni_umrt_ros/install/_local_setup_util_sh.py'
[30.843s] INFO:colcon.colcon_core.shell:Creating prefix chain script '/home/toni/toni_umrt_ros/install/setup.sh'
[30.845s] INFO:colcon.colcon_core.shell:Creating prefix script '/home/toni/toni_umrt_ros/install/local_setup.bash'
[30.846s] INFO:colcon.colcon_core.shell:Creating prefix chain script '/home/toni/toni_umrt_ros/install/setup.bash'
[30.847s] INFO:colcon.colcon_core.shell:Creating prefix script '/home/toni/toni_umrt_ros/install/local_setup.zsh'
[30.848s] INFO:colcon.colcon_core.shell:Creating prefix chain script '/home/toni/toni_umrt_ros/install/setup.zsh'
