[0.033s] Invoking command in '/home/toni/toni_umrt_ros/build/telemetry': AMENT_PREFIX_PATH=/home/toni/toni_umrt_ros/install/telemetry_interfaces:${AMENT_PREFIX_PATH} CMAKE_PREFIX_PATH=/home/toni/toni_umrt_ros/install/telemetry_interfaces:/opt/ros/rolling/opt/gz_math_vendor:/opt/ros/rolling/opt/gz_utils_vendor:/opt/ros/rolling/opt/gz_cmake_vendor:/opt/ros/rolling DEBUGINFOD_URLS=https://debuginfod.ubuntu.com LD_LIBRARY_PATH=/home/toni/toni_umrt_ros/install/telemetry_interfaces/lib:${LD_LIBRARY_PATH} PYTHONPATH=/home/toni/toni_umrt_ros/install/telemetry_interfaces/lib/python3.12/site-packages:${PYTHONPATH} /usr/bin/cmake --build /home/toni/toni_umrt_ros/build/telemetry -- -j4 -l4
[0.233s] [ 33%] [32mBuilding CXX object CMakeFiles/telemetry_master.dir/src/telemetry_master.cpp.o[0m
[0.410s] In file included from [01m[K/home/toni/toni_umrt_ros/src/telemetry/src/telemetry_master.cpp:1[m[K:
[0.411s] [01m[K/home/toni/toni_umrt_ros/src/telemetry/src/telemetry_master.h:1:25:[m[K [01;35m[Kwarning: [m[Kextra tokens at end of #ifndef directive
[0.411s]     1 | #ifndef TELEMETRY_MASTER[01;35m[K;[m[K
[0.411s]       |                         [01;35m[K^[m[K
[0.411s] [01m[K/home/toni/toni_umrt_ros/src/telemetry/src/telemetry_master.h:2:9:[m[K [01;35m[Kwarning: [m[KISO C++11 requires whitespace after the macro name
[0.411s]     2 | #define [01;35m[KTELEMETRY_MASTER[m[K;
[0.412s]       |         [01;35m[K^~~~~~~~~~~~~~~~[m[K
[1.483s] [01m[K/home/toni/toni_umrt_ros/src/telemetry/src/telemetry_master.h:40:7:[m[K [01;35m[Kwarning: [m[Kextra tokens at end of #endif directive [[01;35m[K]8;;https://gcc.gnu.org/onlinedocs/gcc/Warning-Options.html#index-Wendif-labels-Wendif-labels]8;;[m[K]
[1.483s]    40 | #endif[01;35m[K;[m[K
[1.483s]       |       [01;35m[K^[m[K
[27.506s] [ 66%] [32m[1mLinking CXX executable telemetry_master[0m
[28.540s] [100%] Built target telemetry_master
[28.566s] Invoked command in '/home/toni/toni_umrt_ros/build/telemetry' returned '0': AMENT_PREFIX_PATH=/home/toni/toni_umrt_ros/install/telemetry_interfaces:${AMENT_PREFIX_PATH} CMAKE_PREFIX_PATH=/home/toni/toni_umrt_ros/install/telemetry_interfaces:/opt/ros/rolling/opt/gz_math_vendor:/opt/ros/rolling/opt/gz_utils_vendor:/opt/ros/rolling/opt/gz_cmake_vendor:/opt/ros/rolling DEBUGINFOD_URLS=https://debuginfod.ubuntu.com LD_LIBRARY_PATH=/home/toni/toni_umrt_ros/install/telemetry_interfaces/lib:${LD_LIBRARY_PATH} PYTHONPATH=/home/toni/toni_umrt_ros/install/telemetry_interfaces/lib/python3.12/site-packages:${PYTHONPATH} /usr/bin/cmake --build /home/toni/toni_umrt_ros/build/telemetry -- -j4 -l4
[28.626s] Invoking command in '/home/toni/toni_umrt_ros/build/telemetry': AMENT_PREFIX_PATH=/home/toni/toni_umrt_ros/install/telemetry_interfaces:${AMENT_PREFIX_PATH} CMAKE_PREFIX_PATH=/home/toni/toni_umrt_ros/install/telemetry_interfaces:/opt/ros/rolling/opt/gz_math_vendor:/opt/ros/rolling/opt/gz_utils_vendor:/opt/ros/rolling/opt/gz_cmake_vendor:/opt/ros/rolling DEBUGINFOD_URLS=https://debuginfod.ubuntu.com LD_LIBRARY_PATH=/home/toni/toni_umrt_ros/install/telemetry_interfaces/lib:${LD_LIBRARY_PATH} PYTHONPATH=/home/toni/toni_umrt_ros/install/telemetry_interfaces/lib/python3.12/site-packages:${PYTHONPATH} /usr/bin/cmake --install /home/toni/toni_umrt_ros/build/telemetry
[28.644s] -- Install configuration: ""
[28.647s] -- Installing: /home/toni/toni_umrt_ros/install/telemetry/lib/telemetry/telemetry_master
[28.659s] -- Set non-toolchain portion of runtime path of "/home/toni/toni_umrt_ros/install/telemetry/lib/telemetry/telemetry_master" to ""
[28.661s] -- Up-to-date: /home/toni/toni_umrt_ros/install/telemetry/share/ament_index/resource_index/package_run_dependencies/telemetry
[28.662s] -- Up-to-date: /home/toni/toni_umrt_ros/install/telemetry/share/ament_index/resource_index/parent_prefix_path/telemetry
[28.663s] -- Up-to-date: /home/toni/toni_umrt_ros/install/telemetry/share/telemetry/environment/ament_prefix_path.sh
[28.664s] -- Up-to-date: /home/toni/toni_umrt_ros/install/telemetry/share/telemetry/environment/ament_prefix_path.dsv
[28.664s] -- Up-to-date: /home/toni/toni_umrt_ros/install/telemetry/share/telemetry/environment/path.sh
[28.664s] -- Up-to-date: /home/toni/toni_umrt_ros/install/telemetry/share/telemetry/environment/path.dsv
[28.667s] -- Up-to-date: /home/toni/toni_umrt_ros/install/telemetry/share/telemetry/local_setup.bash
[28.668s] -- Up-to-date: /home/toni/toni_umrt_ros/install/telemetry/share/telemetry/local_setup.sh
[28.668s] -- Up-to-date: /home/toni/toni_umrt_ros/install/telemetry/share/telemetry/local_setup.zsh
[28.668s] -- Up-to-date: /home/toni/toni_umrt_ros/install/telemetry/share/telemetry/local_setup.dsv
[28.668s] -- Installing: /home/toni/toni_umrt_ros/install/telemetry/share/telemetry/package.dsv
[28.669s] -- Up-to-date: /home/toni/toni_umrt_ros/install/telemetry/share/ament_index/resource_index/packages/telemetry
[28.669s] -- Up-to-date: /home/toni/toni_umrt_ros/install/telemetry/share/telemetry/cmake/telemetryConfig.cmake
[28.669s] -- Up-to-date: /home/toni/toni_umrt_ros/install/telemetry/share/telemetry/cmake/telemetryConfig-version.cmake
[28.670s] -- Up-to-date: /home/toni/toni_umrt_ros/install/telemetry/share/telemetry/package.xml
[28.673s] Invoked command in '/home/toni/toni_umrt_ros/build/telemetry' returned '0': AMENT_PREFIX_PATH=/home/toni/toni_umrt_ros/install/telemetry_interfaces:${AMENT_PREFIX_PATH} CMAKE_PREFIX_PATH=/home/toni/toni_umrt_ros/install/telemetry_interfaces:/opt/ros/rolling/opt/gz_math_vendor:/opt/ros/rolling/opt/gz_utils_vendor:/opt/ros/rolling/opt/gz_cmake_vendor:/opt/ros/rolling DEBUGINFOD_URLS=https://debuginfod.ubuntu.com LD_LIBRARY_PATH=/home/toni/toni_umrt_ros/install/telemetry_interfaces/lib:${LD_LIBRARY_PATH} PYTHONPATH=/home/toni/toni_umrt_ros/install/telemetry_interfaces/lib/python3.12/site-packages:${PYTHONPATH} /usr/bin/cmake --install /home/toni/toni_umrt_ros/build/telemetry
