[0.017s] Invoking command in '/home/toni/toni_umrt_ros/build/telemetry_interfaces': CMAKE_PREFIX_PATH=${CMAKE_PREFIX_PATH}:/opt/ros/rolling DEBUGINFOD_URLS=https://debuginfod.ubuntu.com /usr/bin/cmake --build /home/toni/toni_umrt_ros/build/telemetry_interfaces -- -j4 -l4
[0.111s] -- Found ament_cmake: 2.7.0 (/opt/ros/rolling/share/ament_cmake/cmake)
[0.229s] -- Found rosidl_default_generators: 1.7.1 (/opt/ros/rolling/share/rosidl_default_generators/cmake)
[0.233s] -- Using all available rosidl_typesupport_c: rosidl_typesupport_fastrtps_c;rosidl_typesupport_introspection_c
[0.278s] -- Using all available rosidl_typesupport_cpp: rosidl_typesupport_fastrtps_cpp;rosidl_typesupport_introspection_cpp
[0.319s] -- Found rosidl_adapter: 4.8.1 (/opt/ros/rolling/share/rosidl_adapter/cmake)
[0.532s] -- Found ament_cmake_ros: 0.13.0 (/opt/ros/rolling/share/ament_cmake_ros/cmake)
[0.612s] -- Using all available rosidl_typesupport_c: rosidl_typesupport_fastrtps_c;rosidl_typesupport_introspection_c
[0.705s] -- Using all available rosidl_typesupport_cpp: rosidl_typesupport_fastrtps_cpp;rosidl_typesupport_introspection_cpp
[0.708s] -- Found python_cmake_module: 0.12.0 (/opt/ros/rolling/share/python_cmake_module/cmake)
[1.004s] -- Found Python3: /usr/bin/python3 (found version "3.12.3") found components: Interpreter Development NumPy Development.Module Development.Embed 
[1.017s] -- Found ament_lint_auto: 0.18.1 (/opt/ros/rolling/share/ament_lint_auto/cmake)
[1.039s] -- Added test 'lint_cmake' to check CMake code style
[1.040s] -- Added test 'xmllint' to check XML markup files
[1.043s] -- Configuring done (0.9s)
[1.089s] -- Generating done (0.0s)
[1.091s] -- Build files have been written to: /home/toni/toni_umrt_ros/build/telemetry_interfaces
[1.121s] [  1%] Built target telemetry_interfaces__rosidl_generator_type_description
[1.138s] [  3%] [32mBuilding C object CMakeFiles/telemetry_interfaces__rosidl_generator_c.dir/rosidl_generator_c/telemetry_interfaces/msg/detail/telemetry__description.c.o[0m
[1.138s] [  5%] [32mBuilding C object CMakeFiles/telemetry_interfaces__rosidl_generator_c.dir/rosidl_generator_c/telemetry_interfaces/msg/detail/telemetry__functions.c.o[0m
[1.138s] [  5%] Built target ament_cmake_python_copy_telemetry_interfaces
[1.139s] [  7%] Built target telemetry_interfaces__cpp
[1.147s] [  9%] [32mBuilding C object CMakeFiles/telemetry_interfaces__rosidl_generator_c.dir/rosidl_generator_c/telemetry_interfaces/msg/detail/telemetry__type_support.c.o[0m
[1.273s] [ 11%] [32mBuilding C object CMakeFiles/telemetry_interfaces__rosidl_generator_c.dir/rosidl_generator_c/telemetry_interfaces/msg/detail/gps__description.c.o[0m
[1.290s] [ 12%] [32mBuilding C object CMakeFiles/telemetry_interfaces__rosidl_generator_c.dir/rosidl_generator_c/telemetry_interfaces/msg/detail/gps__functions.c.o[0m
[1.311s] [ 14%] [32mBuilding C object CMakeFiles/telemetry_interfaces__rosidl_generator_c.dir/rosidl_generator_c/telemetry_interfaces/msg/detail/gps__type_support.c.o[0m
[1.311s] [ 16%] [32mBuilding C object CMakeFiles/telemetry_interfaces__rosidl_generator_c.dir/rosidl_generator_c/telemetry_interfaces/msg/detail/imu__description.c.o[0m
[1.334s] [ 18%] [32mBuilding C object CMakeFiles/telemetry_interfaces__rosidl_generator_c.dir/rosidl_generator_c/telemetry_interfaces/msg/detail/imu__functions.c.o[0m
[1.344s] [ 20%] [32mBuilding C object CMakeFiles/telemetry_interfaces__rosidl_generator_c.dir/rosidl_generator_c/telemetry_interfaces/msg/detail/imu__type_support.c.o[0m
[1.375s] running egg_info
[1.381s] [ 22%] [32m[1mLinking C shared library libtelemetry_interfaces__rosidl_generator_c.so[0m
[1.393s] writing telemetry_interfaces.egg-info/PKG-INFO
[1.394s] writing dependency_links to telemetry_interfaces.egg-info/dependency_links.txt
[1.394s] writing top-level names to telemetry_interfaces.egg-info/top_level.txt
[1.431s] [ 24%] Built target telemetry_interfaces__rosidl_generator_c
[1.447s] [ 27%] [32mBuilding C object CMakeFiles/telemetry_interfaces__rosidl_typesupport_introspection_c.dir/rosidl_typesupport_introspection_c/telemetry_interfaces/msg/detail/telemetry__type_support.c.o[0m
[1.447s] [ 27%] [32mBuilding CXX object CMakeFiles/telemetry_interfaces__rosidl_typesupport_fastrtps_c.dir/rosidl_typesupport_fastrtps_c/telemetry_interfaces/msg/detail/telemetry__type_support_c.cpp.o[0m
[1.453s] reading manifest file 'telemetry_interfaces.egg-info/SOURCES.txt'
[1.455s] [ 29%] [32mBuilding CXX object CMakeFiles/telemetry_interfaces__rosidl_typesupport_cpp.dir/rosidl_typesupport_cpp/telemetry_interfaces/msg/telemetry__type_support.cpp.o[0m
[1.456s] writing manifest file 'telemetry_interfaces.egg-info/SOURCES.txt'
[1.483s] [ 29%] Built target ament_cmake_python_build_telemetry_interfaces_egg
[1.483s] [ 31%] [32mBuilding C object CMakeFiles/telemetry_interfaces__rosidl_typesupport_introspection_c.dir/rosidl_typesupport_introspection_c/telemetry_interfaces/msg/detail/gps__type_support.c.o[0m
[1.501s] [ 33%] [32mBuilding CXX object CMakeFiles/telemetry_interfaces__rosidl_typesupport_c.dir/rosidl_typesupport_c/telemetry_interfaces/msg/telemetry__type_support.cpp.o[0m
[1.518s] [ 35%] [32mBuilding C object CMakeFiles/telemetry_interfaces__rosidl_typesupport_introspection_c.dir/rosidl_typesupport_introspection_c/telemetry_interfaces/msg/detail/imu__type_support.c.o[0m
[1.556s] [ 37%] [32m[1mLinking C shared library libtelemetry_interfaces__rosidl_typesupport_introspection_c.so[0m
[1.588s] [ 38%] Built target telemetry_interfaces__rosidl_typesupport_introspection_c
[1.602s] [ 40%] [32mBuilding CXX object CMakeFiles/telemetry_interfaces__rosidl_typesupport_c.dir/rosidl_typesupport_c/telemetry_interfaces/msg/gps__type_support.cpp.o[0m
[1.611s] [ 42%] [32mBuilding CXX object CMakeFiles/telemetry_interfaces__rosidl_typesupport_fastrtps_cpp.dir/rosidl_typesupport_fastrtps_cpp/telemetry_interfaces/msg/detail/dds_fastrtps/telemetry__type_support.cpp.o[0m
[1.656s] [ 44%] [32mBuilding CXX object CMakeFiles/telemetry_interfaces__rosidl_typesupport_c.dir/rosidl_typesupport_c/telemetry_interfaces/msg/imu__type_support.cpp.o[0m
[1.716s] [ 46%] [32m[1mLinking CXX shared library libtelemetry_interfaces__rosidl_typesupport_c.so[0m
[1.768s] [ 48%] Built target telemetry_interfaces__rosidl_typesupport_c
[1.776s] [ 50%] [32mBuilding CXX object CMakeFiles/telemetry_interfaces__rosidl_typesupport_fastrtps_cpp.dir/rosidl_typesupport_fastrtps_cpp/telemetry_interfaces/msg/detail/dds_fastrtps/gps__type_support.cpp.o[0m
[1.933s] [ 51%] [32mBuilding CXX object CMakeFiles/telemetry_interfaces__rosidl_typesupport_cpp.dir/rosidl_typesupport_cpp/telemetry_interfaces/msg/gps__type_support.cpp.o[0m
[2.041s] [ 53%] [32mBuilding CXX object CMakeFiles/telemetry_interfaces__rosidl_typesupport_fastrtps_c.dir/rosidl_typesupport_fastrtps_c/telemetry_interfaces/msg/detail/gps__type_support_c.cpp.o[0m
[2.060s] [ 55%] [32mBuilding CXX object CMakeFiles/telemetry_interfaces__rosidl_typesupport_fastrtps_cpp.dir/rosidl_typesupport_fastrtps_cpp/telemetry_interfaces/msg/detail/dds_fastrtps/imu__type_support.cpp.o[0m
[2.210s] [ 57%] [32mBuilding CXX object CMakeFiles/telemetry_interfaces__rosidl_typesupport_fastrtps_c.dir/rosidl_typesupport_fastrtps_c/telemetry_interfaces/msg/detail/imu__type_support_c.cpp.o[0m
[2.248s] [ 59%] [32mBuilding CXX object CMakeFiles/telemetry_interfaces__rosidl_typesupport_cpp.dir/rosidl_typesupport_cpp/telemetry_interfaces/msg/imu__type_support.cpp.o[0m
[2.477s] [ 61%] [32mBuilding CXX object CMakeFiles/telemetry_interfaces__rosidl_typesupport_introspection_cpp.dir/rosidl_typesupport_introspection_cpp/telemetry_interfaces/msg/detail/telemetry__type_support.cpp.o[0m
[2.491s] [ 62%] [32m[1mLinking CXX shared library libtelemetry_interfaces__rosidl_typesupport_fastrtps_cpp.so[0m
[2.537s] [ 64%] Built target telemetry_interfaces__rosidl_typesupport_fastrtps_cpp
[2.544s] [ 66%] [32mBuilding CXX object CMakeFiles/telemetry_interfaces__rosidl_typesupport_introspection_cpp.dir/rosidl_typesupport_introspection_cpp/telemetry_interfaces/msg/detail/gps__type_support.cpp.o[0m
[2.545s] [ 68%] [32m[1mLinking CXX shared library libtelemetry_interfaces__rosidl_typesupport_cpp.so[0m
[2.585s] [ 70%] Built target telemetry_interfaces__rosidl_typesupport_cpp
[2.593s] [ 72%] [32mBuilding CXX object CMakeFiles/telemetry_interfaces__rosidl_typesupport_introspection_cpp.dir/rosidl_typesupport_introspection_cpp/telemetry_interfaces/msg/detail/imu__type_support.cpp.o[0m
[2.639s] [ 74%] [32m[1mLinking CXX shared library libtelemetry_interfaces__rosidl_typesupport_fastrtps_c.so[0m
[2.678s] [ 75%] Built target telemetry_interfaces__rosidl_typesupport_fastrtps_c
[2.865s] [ 77%] [32m[1mLinking CXX shared library libtelemetry_interfaces__rosidl_typesupport_introspection_cpp.so[0m
[2.908s] [ 79%] Built target telemetry_interfaces__rosidl_typesupport_introspection_cpp
[2.927s] [ 79%] Built target telemetry_interfaces
[2.943s] [ 81%] [34m[1mGenerating Python code for ROS interfaces[0m
[3.281s] [ 81%] Built target telemetry_interfaces__py
[3.298s] [ 87%] [32mBuilding C object CMakeFiles/telemetry_interfaces__rosidl_generator_py.dir/rosidl_generator_py/telemetry_interfaces/msg/_telemetry_s.c.o[0m
[3.298s] [ 87%] [32mBuilding C object CMakeFiles/telemetry_interfaces__rosidl_generator_py.dir/rosidl_generator_py/telemetry_interfaces/msg/_gps_s.c.o[0m
[3.298s] [ 87%] [32mBuilding C object CMakeFiles/telemetry_interfaces__rosidl_generator_py.dir/rosidl_generator_py/telemetry_interfaces/msg/_imu_s.c.o[0m
[3.448s] [ 88%] [32m[1mLinking C shared library libtelemetry_interfaces__rosidl_generator_py.so[0m
[3.478s] [ 88%] Built target telemetry_interfaces__rosidl_generator_py
[3.500s] [ 90%] [32mBuilding C object CMakeFiles/telemetry_interfaces_s__rosidl_typesupport_introspection_c.dir/rosidl_generator_py/telemetry_interfaces/_telemetry_interfaces_s.ep.rosidl_typesupport_introspection_c.c.o[0m
[3.500s] [ 92%] [32mBuilding C object CMakeFiles/telemetry_interfaces_s__rosidl_typesupport_fastrtps_c.dir/rosidl_generator_py/telemetry_interfaces/_telemetry_interfaces_s.ep.rosidl_typesupport_fastrtps_c.c.o[0m
[3.503s] [ 94%] [32mBuilding C object CMakeFiles/telemetry_interfaces_s__rosidl_typesupport_c.dir/rosidl_generator_py/telemetry_interfaces/_telemetry_interfaces_s.ep.rosidl_typesupport_c.c.o[0m
[3.592s] [ 96%] [32m[1mLinking C shared module rosidl_generator_py/telemetry_interfaces/telemetry_interfaces_s__rosidl_typesupport_introspection_c.so[0m
[3.593s] [ 98%] [32m[1mLinking C shared module rosidl_generator_py/telemetry_interfaces/telemetry_interfaces_s__rosidl_typesupport_fastrtps_c.so[0m
[3.600s] [100%] [32m[1mLinking C shared module rosidl_generator_py/telemetry_interfaces/telemetry_interfaces_s__rosidl_typesupport_c.so[0m
[3.616s] [100%] Built target telemetry_interfaces_s__rosidl_typesupport_introspection_c
[3.621s] [100%] Built target telemetry_interfaces_s__rosidl_typesupport_fastrtps_c
[3.625s] [100%] Built target telemetry_interfaces_s__rosidl_typesupport_c
[3.636s] Invoked command in '/home/toni/toni_umrt_ros/build/telemetry_interfaces' returned '0': CMAKE_PREFIX_PATH=${CMAKE_PREFIX_PATH}:/opt/ros/rolling DEBUGINFOD_URLS=https://debuginfod.ubuntu.com /usr/bin/cmake --build /home/toni/toni_umrt_ros/build/telemetry_interfaces -- -j4 -l4
[3.721s] Invoking command in '/home/toni/toni_umrt_ros/build/telemetry_interfaces': CMAKE_PREFIX_PATH=${CMAKE_PREFIX_PATH}:/opt/ros/rolling DEBUGINFOD_URLS=https://debuginfod.ubuntu.com /usr/bin/cmake --install /home/toni/toni_umrt_ros/build/telemetry_interfaces
[3.728s] -- Install configuration: ""
[3.737s] -- Up-to-date: /home/toni/toni_umrt_ros/install/telemetry_interfaces/share/ament_index/resource_index/rosidl_interfaces/telemetry_interfaces
[3.738s] -- Up-to-date: /home/toni/toni_umrt_ros/install/telemetry_interfaces/share/telemetry_interfaces/msg/Telemetry.json
[3.738s] -- Up-to-date: /home/toni/toni_umrt_ros/install/telemetry_interfaces/share/telemetry_interfaces/msg/Gps.json
[3.738s] -- Up-to-date: /home/toni/toni_umrt_ros/install/telemetry_interfaces/share/telemetry_interfaces/msg/Imu.json
[3.738s] -- Up-to-date: /home/toni/toni_umrt_ros/install/telemetry_interfaces/include/telemetry_interfaces/telemetry_interfaces
[3.739s] -- Up-to-date: /home/toni/toni_umrt_ros/install/telemetry_interfaces/include/telemetry_interfaces/telemetry_interfaces/msg
[3.739s] -- Up-to-date: /home/toni/toni_umrt_ros/install/telemetry_interfaces/include/telemetry_interfaces/telemetry_interfaces/msg/telemetry.h
[3.739s] -- Up-to-date: /home/toni/toni_umrt_ros/install/telemetry_interfaces/include/telemetry_interfaces/telemetry_interfaces/msg/gps.h
[3.739s] -- Up-to-date: /home/toni/toni_umrt_ros/install/telemetry_interfaces/include/telemetry_interfaces/telemetry_interfaces/msg/detail
[3.740s] -- Up-to-date: /home/toni/toni_umrt_ros/install/telemetry_interfaces/include/telemetry_interfaces/telemetry_interfaces/msg/detail/gps__struct.h
[3.740s] -- Up-to-date: /home/toni/toni_umrt_ros/install/telemetry_interfaces/include/telemetry_interfaces/telemetry_interfaces/msg/detail/imu__functions.c
[3.740s] -- Up-to-date: /home/toni/toni_umrt_ros/install/telemetry_interfaces/include/telemetry_interfaces/telemetry_interfaces/msg/detail/telemetry__functions.c
[3.740s] -- Up-to-date: /home/toni/toni_umrt_ros/install/telemetry_interfaces/include/telemetry_interfaces/telemetry_interfaces/msg/detail/gps__type_support.h
[3.740s] -- Up-to-date: /home/toni/toni_umrt_ros/install/telemetry_interfaces/include/telemetry_interfaces/telemetry_interfaces/msg/detail/telemetry__functions.h
[3.740s] -- Up-to-date: /home/toni/toni_umrt_ros/install/telemetry_interfaces/include/telemetry_interfaces/telemetry_interfaces/msg/detail/telemetry__struct.h
[3.740s] -- Up-to-date: /home/toni/toni_umrt_ros/install/telemetry_interfaces/include/telemetry_interfaces/telemetry_interfaces/msg/detail/imu__struct.h
[3.740s] -- Up-to-date: /home/toni/toni_umrt_ros/install/telemetry_interfaces/include/telemetry_interfaces/telemetry_interfaces/msg/detail/imu__description.c
[3.740s] -- Up-to-date: /home/toni/toni_umrt_ros/install/telemetry_interfaces/include/telemetry_interfaces/telemetry_interfaces/msg/detail/imu__type_support.h
[3.740s] -- Installing: /home/toni/toni_umrt_ros/install/telemetry_interfaces/include/telemetry_interfaces/telemetry_interfaces/msg/detail/imu__type_support.c
[3.740s] -- Up-to-date: /home/toni/toni_umrt_ros/install/telemetry_interfaces/include/telemetry_interfaces/telemetry_interfaces/msg/detail/telemetry__type_support.h
[3.740s] -- Up-to-date: /home/toni/toni_umrt_ros/install/telemetry_interfaces/include/telemetry_interfaces/telemetry_interfaces/msg/detail/telemetry__description.c
[3.741s] -- Installing: /home/toni/toni_umrt_ros/install/telemetry_interfaces/include/telemetry_interfaces/telemetry_interfaces/msg/detail/gps__type_support.c
[3.741s] -- Up-to-date: /home/toni/toni_umrt_ros/install/telemetry_interfaces/include/telemetry_interfaces/telemetry_interfaces/msg/detail/gps__functions.c
[3.741s] -- Up-to-date: /home/toni/toni_umrt_ros/install/telemetry_interfaces/include/telemetry_interfaces/telemetry_interfaces/msg/detail/imu__functions.h
[3.741s] -- Up-to-date: /home/toni/toni_umrt_ros/install/telemetry_interfaces/include/telemetry_interfaces/telemetry_interfaces/msg/detail/gps__description.c
[3.741s] -- Up-to-date: /home/toni/toni_umrt_ros/install/telemetry_interfaces/include/telemetry_interfaces/telemetry_interfaces/msg/detail/gps__functions.h
[3.741s] -- Installing: /home/toni/toni_umrt_ros/install/telemetry_interfaces/include/telemetry_interfaces/telemetry_interfaces/msg/detail/telemetry__type_support.c
[3.741s] -- Up-to-date: /home/toni/toni_umrt_ros/install/telemetry_interfaces/include/telemetry_interfaces/telemetry_interfaces/msg/imu.h
[3.741s] -- Up-to-date: /home/toni/toni_umrt_ros/install/telemetry_interfaces/include/telemetry_interfaces/telemetry_interfaces/msg/rosidl_generator_c__visibility_control.h
[3.741s] -- Up-to-date: /home/toni/toni_umrt_ros/install/telemetry_interfaces/share/telemetry_interfaces/environment/library_path.sh
[3.741s] -- Up-to-date: /home/toni/toni_umrt_ros/install/telemetry_interfaces/share/telemetry_interfaces/environment/library_path.dsv
[3.741s] -- Installing: /home/toni/toni_umrt_ros/install/telemetry_interfaces/lib/libtelemetry_interfaces__rosidl_generator_c.so
[3.742s] -- Set non-toolchain portion of runtime path of "/home/toni/toni_umrt_ros/install/telemetry_interfaces/lib/libtelemetry_interfaces__rosidl_generator_c.so" to ""
[3.742s] -- Up-to-date: /home/toni/toni_umrt_ros/install/telemetry_interfaces/include/telemetry_interfaces/telemetry_interfaces
[3.742s] -- Up-to-date: /home/toni/toni_umrt_ros/install/telemetry_interfaces/include/telemetry_interfaces/telemetry_interfaces/msg
[3.742s] -- Up-to-date: /home/toni/toni_umrt_ros/install/telemetry_interfaces/include/telemetry_interfaces/telemetry_interfaces/msg/detail
[3.742s] -- Up-to-date: /home/toni/toni_umrt_ros/install/telemetry_interfaces/include/telemetry_interfaces/telemetry_interfaces/msg/detail/imu__rosidl_typesupport_fastrtps_c.h
[3.742s] -- Up-to-date: /home/toni/toni_umrt_ros/install/telemetry_interfaces/include/telemetry_interfaces/telemetry_interfaces/msg/detail/gps__rosidl_typesupport_fastrtps_c.h
[3.742s] -- Up-to-date: /home/toni/toni_umrt_ros/install/telemetry_interfaces/include/telemetry_interfaces/telemetry_interfaces/msg/detail/telemetry__rosidl_typesupport_fastrtps_c.h
[3.742s] -- Up-to-date: /home/toni/toni_umrt_ros/install/telemetry_interfaces/include/telemetry_interfaces/telemetry_interfaces/msg/rosidl_typesupport_fastrtps_c__visibility_control.h
[3.742s] -- Installing: /home/toni/toni_umrt_ros/install/telemetry_interfaces/lib/libtelemetry_interfaces__rosidl_typesupport_fastrtps_c.so
[3.743s] -- Set non-toolchain portion of runtime path of "/home/toni/toni_umrt_ros/install/telemetry_interfaces/lib/libtelemetry_interfaces__rosidl_typesupport_fastrtps_c.so" to ""
[3.743s] -- Up-to-date: /home/toni/toni_umrt_ros/install/telemetry_interfaces/include/telemetry_interfaces/telemetry_interfaces
[3.743s] -- Up-to-date: /home/toni/toni_umrt_ros/install/telemetry_interfaces/include/telemetry_interfaces/telemetry_interfaces/msg
[3.743s] -- Up-to-date: /home/toni/toni_umrt_ros/install/telemetry_interfaces/include/telemetry_interfaces/telemetry_interfaces/msg/rosidl_typesupport_introspection_c__visibility_control.h
[3.743s] -- Up-to-date: /home/toni/toni_umrt_ros/install/telemetry_interfaces/include/telemetry_interfaces/telemetry_interfaces/msg/detail
[3.743s] -- Installing: /home/toni/toni_umrt_ros/install/telemetry_interfaces/include/telemetry_interfaces/telemetry_interfaces/msg/detail/imu__type_support.c
[3.743s] -- Up-to-date: /home/toni/toni_umrt_ros/install/telemetry_interfaces/include/telemetry_interfaces/telemetry_interfaces/msg/detail/telemetry__rosidl_typesupport_introspection_c.h
[3.743s] -- Installing: /home/toni/toni_umrt_ros/install/telemetry_interfaces/include/telemetry_interfaces/telemetry_interfaces/msg/detail/gps__type_support.c
[3.743s] -- Up-to-date: /home/toni/toni_umrt_ros/install/telemetry_interfaces/include/telemetry_interfaces/telemetry_interfaces/msg/detail/gps__rosidl_typesupport_introspection_c.h
[3.743s] -- Up-to-date: /home/toni/toni_umrt_ros/install/telemetry_interfaces/include/telemetry_interfaces/telemetry_interfaces/msg/detail/imu__rosidl_typesupport_introspection_c.h
[3.744s] -- Installing: /home/toni/toni_umrt_ros/install/telemetry_interfaces/include/telemetry_interfaces/telemetry_interfaces/msg/detail/telemetry__type_support.c
[3.744s] -- Installing: /home/toni/toni_umrt_ros/install/telemetry_interfaces/lib/libtelemetry_interfaces__rosidl_typesupport_introspection_c.so
[3.744s] -- Set non-toolchain portion of runtime path of "/home/toni/toni_umrt_ros/install/telemetry_interfaces/lib/libtelemetry_interfaces__rosidl_typesupport_introspection_c.so" to ""
[3.744s] -- Installing: /home/toni/toni_umrt_ros/install/telemetry_interfaces/lib/libtelemetry_interfaces__rosidl_typesupport_c.so
[3.744s] -- Set non-toolchain portion of runtime path of "/home/toni/toni_umrt_ros/install/telemetry_interfaces/lib/libtelemetry_interfaces__rosidl_typesupport_c.so" to ""
[3.744s] -- Up-to-date: /home/toni/toni_umrt_ros/install/telemetry_interfaces/include/telemetry_interfaces/telemetry_interfaces
[3.744s] -- Up-to-date: /home/toni/toni_umrt_ros/install/telemetry_interfaces/include/telemetry_interfaces/telemetry_interfaces/msg
[3.745s] -- Up-to-date: /home/toni/toni_umrt_ros/install/telemetry_interfaces/include/telemetry_interfaces/telemetry_interfaces/msg/telemetry.hpp
[3.745s] -- Up-to-date: /home/toni/toni_umrt_ros/install/telemetry_interfaces/include/telemetry_interfaces/telemetry_interfaces/msg/rosidl_generator_cpp__visibility_control.hpp
[3.745s] -- Up-to-date: /home/toni/toni_umrt_ros/install/telemetry_interfaces/include/telemetry_interfaces/telemetry_interfaces/msg/detail
[3.745s] -- Up-to-date: /home/toni/toni_umrt_ros/install/telemetry_interfaces/include/telemetry_interfaces/telemetry_interfaces/msg/detail/imu__struct.hpp
[3.745s] -- Up-to-date: /home/toni/toni_umrt_ros/install/telemetry_interfaces/include/telemetry_interfaces/telemetry_interfaces/msg/detail/telemetry__type_support.hpp
[3.745s] -- Up-to-date: /home/toni/toni_umrt_ros/install/telemetry_interfaces/include/telemetry_interfaces/telemetry_interfaces/msg/detail/imu__builder.hpp
[3.745s] -- Up-to-date: /home/toni/toni_umrt_ros/install/telemetry_interfaces/include/telemetry_interfaces/telemetry_interfaces/msg/detail/imu__traits.hpp
[3.745s] -- Up-to-date: /home/toni/toni_umrt_ros/install/telemetry_interfaces/include/telemetry_interfaces/telemetry_interfaces/msg/detail/gps__type_support.hpp
[3.745s] -- Up-to-date: /home/toni/toni_umrt_ros/install/telemetry_interfaces/include/telemetry_interfaces/telemetry_interfaces/msg/detail/telemetry__traits.hpp
[3.745s] -- Up-to-date: /home/toni/toni_umrt_ros/install/telemetry_interfaces/include/telemetry_interfaces/telemetry_interfaces/msg/detail/imu__type_support.hpp
[3.745s] -- Up-to-date: /home/toni/toni_umrt_ros/install/telemetry_interfaces/include/telemetry_interfaces/telemetry_interfaces/msg/detail/gps__builder.hpp
[3.745s] -- Up-to-date: /home/toni/toni_umrt_ros/install/telemetry_interfaces/include/telemetry_interfaces/telemetry_interfaces/msg/detail/telemetry__struct.hpp
[3.745s] -- Up-to-date: /home/toni/toni_umrt_ros/install/telemetry_interfaces/include/telemetry_interfaces/telemetry_interfaces/msg/detail/telemetry__builder.hpp
[3.745s] -- Up-to-date: /home/toni/toni_umrt_ros/install/telemetry_interfaces/include/telemetry_interfaces/telemetry_interfaces/msg/detail/gps__struct.hpp
[3.746s] -- Up-to-date: /home/toni/toni_umrt_ros/install/telemetry_interfaces/include/telemetry_interfaces/telemetry_interfaces/msg/detail/gps__traits.hpp
[3.746s] -- Up-to-date: /home/toni/toni_umrt_ros/install/telemetry_interfaces/include/telemetry_interfaces/telemetry_interfaces/msg/gps.hpp
[3.746s] -- Up-to-date: /home/toni/toni_umrt_ros/install/telemetry_interfaces/include/telemetry_interfaces/telemetry_interfaces/msg/imu.hpp
[3.746s] -- Up-to-date: /home/toni/toni_umrt_ros/install/telemetry_interfaces/include/telemetry_interfaces/telemetry_interfaces
[3.746s] -- Up-to-date: /home/toni/toni_umrt_ros/install/telemetry_interfaces/include/telemetry_interfaces/telemetry_interfaces/msg
[3.746s] -- Up-to-date: /home/toni/toni_umrt_ros/install/telemetry_interfaces/include/telemetry_interfaces/telemetry_interfaces/msg/detail
[3.746s] -- Up-to-date: /home/toni/toni_umrt_ros/install/telemetry_interfaces/include/telemetry_interfaces/telemetry_interfaces/msg/detail/telemetry__rosidl_typesupport_fastrtps_cpp.hpp
[3.746s] -- Up-to-date: /home/toni/toni_umrt_ros/install/telemetry_interfaces/include/telemetry_interfaces/telemetry_interfaces/msg/detail/dds_fastrtps
[3.746s] -- Up-to-date: /home/toni/toni_umrt_ros/install/telemetry_interfaces/include/telemetry_interfaces/telemetry_interfaces/msg/detail/gps__rosidl_typesupport_fastrtps_cpp.hpp
[3.746s] -- Up-to-date: /home/toni/toni_umrt_ros/install/telemetry_interfaces/include/telemetry_interfaces/telemetry_interfaces/msg/detail/imu__rosidl_typesupport_fastrtps_cpp.hpp
[3.746s] -- Up-to-date: /home/toni/toni_umrt_ros/install/telemetry_interfaces/include/telemetry_interfaces/telemetry_interfaces/msg/rosidl_typesupport_fastrtps_cpp__visibility_control.h
[3.746s] -- Installing: /home/toni/toni_umrt_ros/install/telemetry_interfaces/lib/libtelemetry_interfaces__rosidl_typesupport_fastrtps_cpp.so
[3.746s] -- Set non-toolchain portion of runtime path of "/home/toni/toni_umrt_ros/install/telemetry_interfaces/lib/libtelemetry_interfaces__rosidl_typesupport_fastrtps_cpp.so" to ""
[3.746s] -- Up-to-date: /home/toni/toni_umrt_ros/install/telemetry_interfaces/include/telemetry_interfaces/telemetry_interfaces
[3.746s] -- Up-to-date: /home/toni/toni_umrt_ros/install/telemetry_interfaces/include/telemetry_interfaces/telemetry_interfaces/msg
[3.746s] -- Up-to-date: /home/toni/toni_umrt_ros/install/telemetry_interfaces/include/telemetry_interfaces/telemetry_interfaces/msg/detail
[3.746s] -- Up-to-date: /home/toni/toni_umrt_ros/install/telemetry_interfaces/include/telemetry_interfaces/telemetry_interfaces/msg/detail/imu__type_support.cpp
[3.747s] -- Up-to-date: /home/toni/toni_umrt_ros/install/telemetry_interfaces/include/telemetry_interfaces/telemetry_interfaces/msg/detail/imu__rosidl_typesupport_introspection_cpp.hpp
[3.747s] -- Up-to-date: /home/toni/toni_umrt_ros/install/telemetry_interfaces/include/telemetry_interfaces/telemetry_interfaces/msg/detail/gps__type_support.cpp
[3.747s] -- Up-to-date: /home/toni/toni_umrt_ros/install/telemetry_interfaces/include/telemetry_interfaces/telemetry_interfaces/msg/detail/telemetry__type_support.cpp
[3.747s] -- Up-to-date: /home/toni/toni_umrt_ros/install/telemetry_interfaces/include/telemetry_interfaces/telemetry_interfaces/msg/detail/telemetry__rosidl_typesupport_introspection_cpp.hpp
[3.747s] -- Up-to-date: /home/toni/toni_umrt_ros/install/telemetry_interfaces/include/telemetry_interfaces/telemetry_interfaces/msg/detail/gps__rosidl_typesupport_introspection_cpp.hpp
[3.747s] -- Installing: /home/toni/toni_umrt_ros/install/telemetry_interfaces/lib/libtelemetry_interfaces__rosidl_typesupport_introspection_cpp.so
[3.747s] -- Set non-toolchain portion of runtime path of "/home/toni/toni_umrt_ros/install/telemetry_interfaces/lib/libtelemetry_interfaces__rosidl_typesupport_introspection_cpp.so" to ""
[3.747s] -- Installing: /home/toni/toni_umrt_ros/install/telemetry_interfaces/lib/libtelemetry_interfaces__rosidl_typesupport_cpp.so
[3.747s] -- Set non-toolchain portion of runtime path of "/home/toni/toni_umrt_ros/install/telemetry_interfaces/lib/libtelemetry_interfaces__rosidl_typesupport_cpp.so" to ""
[3.747s] -- Up-to-date: /home/toni/toni_umrt_ros/install/telemetry_interfaces/share/telemetry_interfaces/environment/pythonpath.sh
[3.747s] -- Up-to-date: /home/toni/toni_umrt_ros/install/telemetry_interfaces/share/telemetry_interfaces/environment/pythonpath.dsv
[3.748s] -- Up-to-date: /home/toni/toni_umrt_ros/install/telemetry_interfaces/lib/python3.12/site-packages/telemetry_interfaces-0.0.0-py3.12.egg-info
[3.748s] -- Installing: /home/toni/toni_umrt_ros/install/telemetry_interfaces/lib/python3.12/site-packages/telemetry_interfaces-0.0.0-py3.12.egg-info/SOURCES.txt
[3.749s] -- Installing: /home/toni/toni_umrt_ros/install/telemetry_interfaces/lib/python3.12/site-packages/telemetry_interfaces-0.0.0-py3.12.egg-info/dependency_links.txt
[3.749s] -- Installing: /home/toni/toni_umrt_ros/install/telemetry_interfaces/lib/python3.12/site-packages/telemetry_interfaces-0.0.0-py3.12.egg-info/top_level.txt
[3.749s] -- Installing: /home/toni/toni_umrt_ros/install/telemetry_interfaces/lib/python3.12/site-packages/telemetry_interfaces-0.0.0-py3.12.egg-info/PKG-INFO
[3.749s] -- Up-to-date: /home/toni/toni_umrt_ros/install/telemetry_interfaces/lib/python3.12/site-packages/telemetry_interfaces
[3.749s] -- Installing: /home/toni/toni_umrt_ros/install/telemetry_interfaces/lib/python3.12/site-packages/telemetry_interfaces/_telemetry_interfaces_s.ep.rosidl_typesupport_introspection_c.c
[3.749s] -- Installing: /home/toni/toni_umrt_ros/install/telemetry_interfaces/lib/python3.12/site-packages/telemetry_interfaces/telemetry_interfaces_s__rosidl_typesupport_fastrtps_c.so
[3.750s] -- Installing: /home/toni/toni_umrt_ros/install/telemetry_interfaces/lib/python3.12/site-packages/telemetry_interfaces/telemetry_interfaces_s__rosidl_typesupport_introspection_c.so
[3.750s] -- Up-to-date: /home/toni/toni_umrt_ros/install/telemetry_interfaces/lib/python3.12/site-packages/telemetry_interfaces/msg
[3.750s] -- Installing: /home/toni/toni_umrt_ros/install/telemetry_interfaces/lib/python3.12/site-packages/telemetry_interfaces/msg/_gps.py
[3.750s] -- Installing: /home/toni/toni_umrt_ros/install/telemetry_interfaces/lib/python3.12/site-packages/telemetry_interfaces/msg/_telemetry.py
[3.750s] -- Installing: /home/toni/toni_umrt_ros/install/telemetry_interfaces/lib/python3.12/site-packages/telemetry_interfaces/msg/_imu.py
[3.750s] -- Installing: /home/toni/toni_umrt_ros/install/telemetry_interfaces/lib/python3.12/site-packages/telemetry_interfaces/msg/_telemetry_s.c
[3.750s] -- Installing: /home/toni/toni_umrt_ros/install/telemetry_interfaces/lib/python3.12/site-packages/telemetry_interfaces/msg/_gps_s.c
[3.751s] -- Installing: /home/toni/toni_umrt_ros/install/telemetry_interfaces/lib/python3.12/site-packages/telemetry_interfaces/msg/__init__.py
[3.751s] -- Installing: /home/toni/toni_umrt_ros/install/telemetry_interfaces/lib/python3.12/site-packages/telemetry_interfaces/msg/_imu_s.c
[3.751s] -- Installing: /home/toni/toni_umrt_ros/install/telemetry_interfaces/lib/python3.12/site-packages/telemetry_interfaces/_telemetry_interfaces_s.ep.rosidl_typesupport_fastrtps_c.c
[3.751s] -- Installing: /home/toni/toni_umrt_ros/install/telemetry_interfaces/lib/python3.12/site-packages/telemetry_interfaces/telemetry_interfaces_s__rosidl_typesupport_c.so
[3.751s] -- Installing: /home/toni/toni_umrt_ros/install/telemetry_interfaces/lib/python3.12/site-packages/telemetry_interfaces/_telemetry_interfaces_s.ep.rosidl_typesupport_c.c
[3.752s] -- Installing: /home/toni/toni_umrt_ros/install/telemetry_interfaces/lib/python3.12/site-packages/telemetry_interfaces/__init__.py
[3.788s] Listing '/home/toni/toni_umrt_ros/install/telemetry_interfaces/lib/python3.12/site-packages/telemetry_interfaces'...
[3.788s] Compiling '/home/toni/toni_umrt_ros/install/telemetry_interfaces/lib/python3.12/site-packages/telemetry_interfaces/__init__.py'...
[3.788s] Listing '/home/toni/toni_umrt_ros/install/telemetry_interfaces/lib/python3.12/site-packages/telemetry_interfaces/msg'...
[3.788s] Compiling '/home/toni/toni_umrt_ros/install/telemetry_interfaces/lib/python3.12/site-packages/telemetry_interfaces/msg/__init__.py'...
[3.788s] Compiling '/home/toni/toni_umrt_ros/install/telemetry_interfaces/lib/python3.12/site-packages/telemetry_interfaces/msg/_gps.py'...
[3.788s] Compiling '/home/toni/toni_umrt_ros/install/telemetry_interfaces/lib/python3.12/site-packages/telemetry_interfaces/msg/_imu.py'...
[3.788s] Compiling '/home/toni/toni_umrt_ros/install/telemetry_interfaces/lib/python3.12/site-packages/telemetry_interfaces/msg/_telemetry.py'...
[3.792s] -- Installing: /home/toni/toni_umrt_ros/install/telemetry_interfaces/lib/python3.12/site-packages/telemetry_interfaces/telemetry_interfaces_s__rosidl_typesupport_fastrtps_c.so
[3.792s] -- Set non-toolchain portion of runtime path of "/home/toni/toni_umrt_ros/install/telemetry_interfaces/lib/python3.12/site-packages/telemetry_interfaces/telemetry_interfaces_s__rosidl_typesupport_fastrtps_c.so" to ""
[3.792s] -- Installing: /home/toni/toni_umrt_ros/install/telemetry_interfaces/lib/python3.12/site-packages/telemetry_interfaces/telemetry_interfaces_s__rosidl_typesupport_introspection_c.so
[3.793s] -- Set non-toolchain portion of runtime path of "/home/toni/toni_umrt_ros/install/telemetry_interfaces/lib/python3.12/site-packages/telemetry_interfaces/telemetry_interfaces_s__rosidl_typesupport_introspection_c.so" to ""
[3.793s] -- Installing: /home/toni/toni_umrt_ros/install/telemetry_interfaces/lib/python3.12/site-packages/telemetry_interfaces/telemetry_interfaces_s__rosidl_typesupport_c.so
[3.793s] -- Set non-toolchain portion of runtime path of "/home/toni/toni_umrt_ros/install/telemetry_interfaces/lib/python3.12/site-packages/telemetry_interfaces/telemetry_interfaces_s__rosidl_typesupport_c.so" to ""
[3.793s] -- Installing: /home/toni/toni_umrt_ros/install/telemetry_interfaces/lib/libtelemetry_interfaces__rosidl_generator_py.so
[3.793s] -- Set non-toolchain portion of runtime path of "/home/toni/toni_umrt_ros/install/telemetry_interfaces/lib/libtelemetry_interfaces__rosidl_generator_py.so" to ""
[3.793s] -- Up-to-date: /home/toni/toni_umrt_ros/install/telemetry_interfaces/share/telemetry_interfaces/msg/Telemetry.idl
[3.794s] -- Up-to-date: /home/toni/toni_umrt_ros/install/telemetry_interfaces/share/telemetry_interfaces/msg/Gps.idl
[3.794s] -- Up-to-date: /home/toni/toni_umrt_ros/install/telemetry_interfaces/share/telemetry_interfaces/msg/Imu.idl
[3.794s] -- Up-to-date: /home/toni/toni_umrt_ros/install/telemetry_interfaces/share/telemetry_interfaces/msg/Telemetry.msg
[3.794s] -- Up-to-date: /home/toni/toni_umrt_ros/install/telemetry_interfaces/share/telemetry_interfaces/msg/Gps.msg
[3.794s] -- Up-to-date: /home/toni/toni_umrt_ros/install/telemetry_interfaces/share/telemetry_interfaces/msg/Imu.msg
[3.794s] -- Up-to-date: /home/toni/toni_umrt_ros/install/telemetry_interfaces/share/ament_index/resource_index/package_run_dependencies/telemetry_interfaces
[3.794s] -- Up-to-date: /home/toni/toni_umrt_ros/install/telemetry_interfaces/share/ament_index/resource_index/parent_prefix_path/telemetry_interfaces
[3.795s] -- Up-to-date: /home/toni/toni_umrt_ros/install/telemetry_interfaces/share/telemetry_interfaces/environment/ament_prefix_path.sh
[3.795s] -- Up-to-date: /home/toni/toni_umrt_ros/install/telemetry_interfaces/share/telemetry_interfaces/environment/ament_prefix_path.dsv
[3.795s] -- Up-to-date: /home/toni/toni_umrt_ros/install/telemetry_interfaces/share/telemetry_interfaces/environment/path.sh
[3.795s] -- Up-to-date: /home/toni/toni_umrt_ros/install/telemetry_interfaces/share/telemetry_interfaces/environment/path.dsv
[3.795s] -- Up-to-date: /home/toni/toni_umrt_ros/install/telemetry_interfaces/share/telemetry_interfaces/local_setup.bash
[3.795s] -- Up-to-date: /home/toni/toni_umrt_ros/install/telemetry_interfaces/share/telemetry_interfaces/local_setup.sh
[3.795s] -- Up-to-date: /home/toni/toni_umrt_ros/install/telemetry_interfaces/share/telemetry_interfaces/local_setup.zsh
[3.795s] -- Up-to-date: /home/toni/toni_umrt_ros/install/telemetry_interfaces/share/telemetry_interfaces/local_setup.dsv
[3.795s] -- Installing: /home/toni/toni_umrt_ros/install/telemetry_interfaces/share/telemetry_interfaces/package.dsv
[3.796s] -- Up-to-date: /home/toni/toni_umrt_ros/install/telemetry_interfaces/share/ament_index/resource_index/packages/telemetry_interfaces
[3.796s] -- Installing: /home/toni/toni_umrt_ros/install/telemetry_interfaces/share/telemetry_interfaces/cmake/export_telemetry_interfaces__rosidl_generator_cExport.cmake
[3.796s] -- Installing: /home/toni/toni_umrt_ros/install/telemetry_interfaces/share/telemetry_interfaces/cmake/export_telemetry_interfaces__rosidl_generator_cExport-noconfig.cmake
[3.796s] -- Installing: /home/toni/toni_umrt_ros/install/telemetry_interfaces/share/telemetry_interfaces/cmake/export_telemetry_interfaces__rosidl_typesupport_fastrtps_cExport.cmake
[3.796s] -- Installing: /home/toni/toni_umrt_ros/install/telemetry_interfaces/share/telemetry_interfaces/cmake/export_telemetry_interfaces__rosidl_typesupport_fastrtps_cExport-noconfig.cmake
[3.797s] -- Installing: /home/toni/toni_umrt_ros/install/telemetry_interfaces/share/telemetry_interfaces/cmake/telemetry_interfaces__rosidl_typesupport_introspection_cExport.cmake
[3.797s] -- Installing: /home/toni/toni_umrt_ros/install/telemetry_interfaces/share/telemetry_interfaces/cmake/telemetry_interfaces__rosidl_typesupport_introspection_cExport-noconfig.cmake
[3.797s] -- Installing: /home/toni/toni_umrt_ros/install/telemetry_interfaces/share/telemetry_interfaces/cmake/telemetry_interfaces__rosidl_typesupport_cExport.cmake
[3.797s] -- Installing: /home/toni/toni_umrt_ros/install/telemetry_interfaces/share/telemetry_interfaces/cmake/telemetry_interfaces__rosidl_typesupport_cExport-noconfig.cmake
[3.797s] -- Installing: /home/toni/toni_umrt_ros/install/telemetry_interfaces/share/telemetry_interfaces/cmake/export_telemetry_interfaces__rosidl_generator_cppExport.cmake
[3.797s] -- Installing: /home/toni/toni_umrt_ros/install/telemetry_interfaces/share/telemetry_interfaces/cmake/export_telemetry_interfaces__rosidl_typesupport_fastrtps_cppExport.cmake
[3.797s] -- Installing: /home/toni/toni_umrt_ros/install/telemetry_interfaces/share/telemetry_interfaces/cmake/export_telemetry_interfaces__rosidl_typesupport_fastrtps_cppExport-noconfig.cmake
[3.797s] -- Installing: /home/toni/toni_umrt_ros/install/telemetry_interfaces/share/telemetry_interfaces/cmake/telemetry_interfaces__rosidl_typesupport_introspection_cppExport.cmake
[3.798s] -- Installing: /home/toni/toni_umrt_ros/install/telemetry_interfaces/share/telemetry_interfaces/cmake/telemetry_interfaces__rosidl_typesupport_introspection_cppExport-noconfig.cmake
[3.798s] -- Installing: /home/toni/toni_umrt_ros/install/telemetry_interfaces/share/telemetry_interfaces/cmake/telemetry_interfaces__rosidl_typesupport_cppExport.cmake
[3.798s] -- Installing: /home/toni/toni_umrt_ros/install/telemetry_interfaces/share/telemetry_interfaces/cmake/telemetry_interfaces__rosidl_typesupport_cppExport-noconfig.cmake
[3.798s] -- Installing: /home/toni/toni_umrt_ros/install/telemetry_interfaces/share/telemetry_interfaces/cmake/export_telemetry_interfaces__rosidl_generator_pyExport.cmake
[3.798s] -- Installing: /home/toni/toni_umrt_ros/install/telemetry_interfaces/share/telemetry_interfaces/cmake/export_telemetry_interfaces__rosidl_generator_pyExport-noconfig.cmake
[3.798s] -- Up-to-date: /home/toni/toni_umrt_ros/install/telemetry_interfaces/share/telemetry_interfaces/cmake/rosidl_cmake-extras.cmake
[3.798s] -- Up-to-date: /home/toni/toni_umrt_ros/install/telemetry_interfaces/share/telemetry_interfaces/cmake/ament_cmake_export_include_directories-extras.cmake
[3.798s] -- Installing: /home/toni/toni_umrt_ros/install/telemetry_interfaces/share/telemetry_interfaces/cmake/ament_cmake_export_libraries-extras.cmake
[3.798s] -- Installing: /home/toni/toni_umrt_ros/install/telemetry_interfaces/share/telemetry_interfaces/cmake/ament_cmake_export_targets-extras.cmake
[3.799s] -- Installing: /home/toni/toni_umrt_ros/install/telemetry_interfaces/share/telemetry_interfaces/cmake/rosidl_cmake_export_typesupport_targets-extras.cmake
[3.799s] -- Up-to-date: /home/toni/toni_umrt_ros/install/telemetry_interfaces/share/telemetry_interfaces/cmake/ament_cmake_export_dependencies-extras.cmake
[3.799s] -- Installing: /home/toni/toni_umrt_ros/install/telemetry_interfaces/share/telemetry_interfaces/cmake/rosidl_cmake_export_typesupport_libraries-extras.cmake
[3.799s] -- Up-to-date: /home/toni/toni_umrt_ros/install/telemetry_interfaces/share/telemetry_interfaces/cmake/telemetry_interfacesConfig.cmake
[3.799s] -- Up-to-date: /home/toni/toni_umrt_ros/install/telemetry_interfaces/share/telemetry_interfaces/cmake/telemetry_interfacesConfig-version.cmake
[3.800s] -- Installing: /home/toni/toni_umrt_ros/install/telemetry_interfaces/share/telemetry_interfaces/package.xml
[3.801s] Invoked command in '/home/toni/toni_umrt_ros/build/telemetry_interfaces' returned '0': CMAKE_PREFIX_PATH=${CMAKE_PREFIX_PATH}:/opt/ros/rolling DEBUGINFOD_URLS=https://debuginfod.ubuntu.com /usr/bin/cmake --install /home/toni/toni_umrt_ros/build/telemetry_interfaces
