[0.243s] DEBUG:colcon:Command line arguments: ['/usr/bin/colcon', 'build']
[0.243s] DEBUG:colcon:Parsed command line arguments: Namespace(log_base=None, log_level=None, verb_name='build', build_base='build', install_base='install', merge_install=False, symlink_install=False, test_result_base=None, continue_on_error=False, executor='parallel', parallel_workers=4, event_handlers=None, ignore_user_meta=False, metas=['./colcon.meta'], base_paths=['.'], packages_ignore=None, packages_ignore_regex=None, paths=None, packages_up_to=None, packages_up_to_regex=None, packages_above=None, packages_above_and_dependencies=None, packages_above_depth=None, packages_select_by_dep=None, packages_skip_by_dep=None, packages_skip_up_to=None, packages_select_build_failed=False, packages_skip_build_finished=False, packages_select_test_failures=False, packages_skip_test_passed=False, packages_select=None, packages_skip=None, packages_select_regex=None, packages_skip_regex=None, packages_start=None, packages_end=None, allow_overriding=[], cmake_args=None, cmake_target=None, cmake_target_skip_unavailable=False, cmake_clean_cache=False, cmake_clean_first=False, cmake_force_configure=False, ament_cmake_args=None, catkin_cmake_args=None, catkin_skip_building_tests=False, mixin_files=None, mixin=None, verb_parser=<colcon_mixin.mixin.mixin_argument.MixinArgumentDecorator object at 0x71f05b485a60>, verb_extension=<colcon_core.verb.build.BuildVerb object at 0x71f05b4854f0>, main=<bound method BuildVerb.main of <colcon_core.verb.build.BuildVerb object at 0x71f05b4854f0>>, mixin_verb=('build',))
[0.325s] Level 1:colcon.colcon_core.package_discovery:discover_packages(colcon_meta) check parameters
[0.325s] Level 1:colcon.colcon_core.package_discovery:discover_packages(recursive) check parameters
[0.325s] Level 1:colcon.colcon_core.package_discovery:discover_packages(ignore) check parameters
[0.325s] Level 1:colcon.colcon_core.package_discovery:discover_packages(path) check parameters
[0.325s] Level 1:colcon.colcon_core.package_discovery:discover_packages(colcon_meta) discover
[0.326s] Level 1:colcon.colcon_core.package_discovery:discover_packages(recursive) discover
[0.326s] INFO:colcon.colcon_core.package_discovery:Crawling recursively for packages in '/home/toni/toni_umrt_ros'
[0.326s] Level 1:colcon.colcon_core.package_identification:_identify(.) by extensions ['ignore', 'ignore_ament_install']
[0.326s] Level 1:colcon.colcon_core.package_identification:_identify(.) by extension 'ignore'
[0.326s] Level 1:colcon.colcon_core.package_identification:_identify(.) by extension 'ignore_ament_install'
[0.326s] Level 1:colcon.colcon_core.package_identification:_identify(.) by extensions ['colcon_pkg']
[0.326s] Level 1:colcon.colcon_core.package_identification:_identify(.) by extension 'colcon_pkg'
[0.326s] Level 1:colcon.colcon_core.package_identification:_identify(.) by extensions ['colcon_meta']
[0.326s] Level 1:colcon.colcon_core.package_identification:_identify(.) by extension 'colcon_meta'
[0.327s] Level 1:colcon.colcon_core.package_identification:_identify(.) by extensions ['ros']
[0.327s] Level 1:colcon.colcon_core.package_identification:_identify(.) by extension 'ros'
[0.383s] Level 1:colcon.colcon_core.package_identification:_identify(.) by extensions ['cmake', 'python']
[0.383s] Level 1:colcon.colcon_core.package_identification:_identify(.) by extension 'cmake'
[0.383s] Level 1:colcon.colcon_core.package_identification:_identify(.) by extension 'python'
[0.383s] Level 1:colcon.colcon_core.package_identification:_identify(.) by extensions ['python_setup_py']
[0.383s] Level 1:colcon.colcon_core.package_identification:_identify(.) by extension 'python_setup_py'
[0.383s] Level 1:colcon.colcon_core.package_identification:_identify(build) by extensions ['ignore', 'ignore_ament_install']
[0.383s] Level 1:colcon.colcon_core.package_identification:_identify(build) by extension 'ignore'
[0.383s] Level 1:colcon.colcon_core.package_identification:_identify(build) ignored
[0.384s] Level 1:colcon.colcon_core.package_identification:_identify(install) by extensions ['ignore', 'ignore_ament_install']
[0.384s] Level 1:colcon.colcon_core.package_identification:_identify(install) by extension 'ignore'
[0.384s] Level 1:colcon.colcon_core.package_identification:_identify(install) ignored
[0.384s] Level 1:colcon.colcon_core.package_identification:_identify(log) by extensions ['ignore', 'ignore_ament_install']
[0.384s] Level 1:colcon.colcon_core.package_identification:_identify(log) by extension 'ignore'
[0.384s] Level 1:colcon.colcon_core.package_identification:_identify(log) ignored
[0.384s] Level 1:colcon.colcon_core.package_identification:_identify(src) by extensions ['ignore', 'ignore_ament_install']
[0.385s] Level 1:colcon.colcon_core.package_identification:_identify(src) by extension 'ignore'
[0.385s] Level 1:colcon.colcon_core.package_identification:_identify(src) by extension 'ignore_ament_install'
[0.385s] Level 1:colcon.colcon_core.package_identification:_identify(src) by extensions ['colcon_pkg']
[0.385s] Level 1:colcon.colcon_core.package_identification:_identify(src) by extension 'colcon_pkg'
[0.385s] Level 1:colcon.colcon_core.package_identification:_identify(src) by extensions ['colcon_meta']
[0.385s] Level 1:colcon.colcon_core.package_identification:_identify(src) by extension 'colcon_meta'
[0.385s] Level 1:colcon.colcon_core.package_identification:_identify(src) by extensions ['ros']
[0.385s] Level 1:colcon.colcon_core.package_identification:_identify(src) by extension 'ros'
[0.385s] Level 1:colcon.colcon_core.package_identification:_identify(src) by extensions ['cmake', 'python']
[0.386s] Level 1:colcon.colcon_core.package_identification:_identify(src) by extension 'cmake'
[0.386s] Level 1:colcon.colcon_core.package_identification:_identify(src) by extension 'python'
[0.386s] Level 1:colcon.colcon_core.package_identification:_identify(src) by extensions ['python_setup_py']
[0.386s] Level 1:colcon.colcon_core.package_identification:_identify(src) by extension 'python_setup_py'
[0.386s] Level 1:colcon.colcon_core.package_identification:_identify(src/telemetry) by extensions ['ignore', 'ignore_ament_install']
[0.386s] Level 1:colcon.colcon_core.package_identification:_identify(src/telemetry) by extension 'ignore'
[0.386s] Level 1:colcon.colcon_core.package_identification:_identify(src/telemetry) by extension 'ignore_ament_install'
[0.386s] Level 1:colcon.colcon_core.package_identification:_identify(src/telemetry) by extensions ['colcon_pkg']
[0.386s] Level 1:colcon.colcon_core.package_identification:_identify(src/telemetry) by extension 'colcon_pkg'
[0.386s] Level 1:colcon.colcon_core.package_identification:_identify(src/telemetry) by extensions ['colcon_meta']
[0.387s] Level 1:colcon.colcon_core.package_identification:_identify(src/telemetry) by extension 'colcon_meta'
[0.387s] Level 1:colcon.colcon_core.package_identification:_identify(src/telemetry) by extensions ['ros']
[0.387s] Level 1:colcon.colcon_core.package_identification:_identify(src/telemetry) by extension 'ros'
[0.392s] DEBUG:colcon.colcon_core.package_identification:Package 'src/telemetry' with type 'ros.ament_cmake' and name 'telemetry'
[0.392s] Level 1:colcon.colcon_core.package_identification:_identify(src/telemetry_interfaces) by extensions ['ignore', 'ignore_ament_install']
[0.393s] Level 1:colcon.colcon_core.package_identification:_identify(src/telemetry_interfaces) by extension 'ignore'
[0.393s] Level 1:colcon.colcon_core.package_identification:_identify(src/telemetry_interfaces) by extension 'ignore_ament_install'
[0.393s] Level 1:colcon.colcon_core.package_identification:_identify(src/telemetry_interfaces) by extensions ['colcon_pkg']
[0.393s] Level 1:colcon.colcon_core.package_identification:_identify(src/telemetry_interfaces) by extension 'colcon_pkg'
[0.393s] Level 1:colcon.colcon_core.package_identification:_identify(src/telemetry_interfaces) by extensions ['colcon_meta']
[0.393s] Level 1:colcon.colcon_core.package_identification:_identify(src/telemetry_interfaces) by extension 'colcon_meta'
[0.393s] Level 1:colcon.colcon_core.package_identification:_identify(src/telemetry_interfaces) by extensions ['ros']
[0.393s] Level 1:colcon.colcon_core.package_identification:_identify(src/telemetry_interfaces) by extension 'ros'
[0.394s] DEBUG:colcon.colcon_core.package_identification:Package 'src/telemetry_interfaces' with type 'ros.ament_cmake' and name 'telemetry_interfaces'
[0.394s] Level 1:colcon.colcon_core.package_discovery:discover_packages(recursive) using defaults
[0.394s] Level 1:colcon.colcon_core.package_discovery:discover_packages(ignore) discover
[0.395s] Level 1:colcon.colcon_core.package_discovery:discover_packages(ignore) using defaults
[0.395s] Level 1:colcon.colcon_core.package_discovery:discover_packages(path) discover
[0.395s] Level 1:colcon.colcon_core.package_discovery:discover_packages(path) using defaults
[0.435s] Level 1:colcon.colcon_core.package_discovery:discover_packages(prefix_path) check parameters
[0.435s] Level 1:colcon.colcon_core.package_discovery:discover_packages(prefix_path) discover
[0.438s] DEBUG:colcon.colcon_installed_package_information.package_discovery:Found 0 installed packages in /home/toni/umrt_ros/install
[0.441s] DEBUG:colcon.colcon_installed_package_information.package_discovery:Found 286 installed packages in /opt/ros/rolling
[0.443s] Level 1:colcon.colcon_core.package_discovery:discover_packages(prefix_path) using defaults
[0.531s] Level 5:colcon.colcon_core.verb:set package 'telemetry_interfaces' build argument 'cmake_args' from command line to 'None'
[0.531s] Level 5:colcon.colcon_core.verb:set package 'telemetry_interfaces' build argument 'cmake_target' from command line to 'None'
[0.531s] Level 5:colcon.colcon_core.verb:set package 'telemetry_interfaces' build argument 'cmake_target_skip_unavailable' from command line to 'False'
[0.531s] Level 5:colcon.colcon_core.verb:set package 'telemetry_interfaces' build argument 'cmake_clean_cache' from command line to 'False'
[0.531s] Level 5:colcon.colcon_core.verb:set package 'telemetry_interfaces' build argument 'cmake_clean_first' from command line to 'False'
[0.531s] Level 5:colcon.colcon_core.verb:set package 'telemetry_interfaces' build argument 'cmake_force_configure' from command line to 'False'
[0.531s] Level 5:colcon.colcon_core.verb:set package 'telemetry_interfaces' build argument 'ament_cmake_args' from command line to 'None'
[0.531s] Level 5:colcon.colcon_core.verb:set package 'telemetry_interfaces' build argument 'catkin_cmake_args' from command line to 'None'
[0.531s] Level 5:colcon.colcon_core.verb:set package 'telemetry_interfaces' build argument 'catkin_skip_building_tests' from command line to 'False'
[0.531s] DEBUG:colcon.colcon_core.verb:Building package 'telemetry_interfaces' with the following arguments: {'ament_cmake_args': None, 'build_base': '/home/toni/toni_umrt_ros/build/telemetry_interfaces', 'catkin_cmake_args': None, 'catkin_skip_building_tests': False, 'cmake_args': None, 'cmake_clean_cache': False, 'cmake_clean_first': False, 'cmake_force_configure': False, 'cmake_target': None, 'cmake_target_skip_unavailable': False, 'install_base': '/home/toni/toni_umrt_ros/install/telemetry_interfaces', 'merge_install': False, 'path': '/home/toni/toni_umrt_ros/src/telemetry_interfaces', 'symlink_install': False, 'test_result_base': None}
[0.532s] Level 5:colcon.colcon_core.verb:set package 'telemetry' build argument 'cmake_args' from command line to 'None'
[0.532s] Level 5:colcon.colcon_core.verb:set package 'telemetry' build argument 'cmake_target' from command line to 'None'
[0.532s] Level 5:colcon.colcon_core.verb:set package 'telemetry' build argument 'cmake_target_skip_unavailable' from command line to 'False'
[0.532s] Level 5:colcon.colcon_core.verb:set package 'telemetry' build argument 'cmake_clean_cache' from command line to 'False'
[0.532s] Level 5:colcon.colcon_core.verb:set package 'telemetry' build argument 'cmake_clean_first' from command line to 'False'
[0.532s] Level 5:colcon.colcon_core.verb:set package 'telemetry' build argument 'cmake_force_configure' from command line to 'False'
[0.532s] Level 5:colcon.colcon_core.verb:set package 'telemetry' build argument 'ament_cmake_args' from command line to 'None'
[0.532s] Level 5:colcon.colcon_core.verb:set package 'telemetry' build argument 'catkin_cmake_args' from command line to 'None'
[0.532s] Level 5:colcon.colcon_core.verb:set package 'telemetry' build argument 'catkin_skip_building_tests' from command line to 'False'
[0.532s] DEBUG:colcon.colcon_core.verb:Building package 'telemetry' with the following arguments: {'ament_cmake_args': None, 'build_base': '/home/toni/toni_umrt_ros/build/telemetry', 'catkin_cmake_args': None, 'catkin_skip_building_tests': False, 'cmake_args': None, 'cmake_clean_cache': False, 'cmake_clean_first': False, 'cmake_force_configure': False, 'cmake_target': None, 'cmake_target_skip_unavailable': False, 'install_base': '/home/toni/toni_umrt_ros/install/telemetry', 'merge_install': False, 'path': '/home/toni/toni_umrt_ros/src/telemetry', 'symlink_install': False, 'test_result_base': None}
[0.533s] INFO:colcon.colcon_core.executor:Executing jobs using 'parallel' executor
[0.535s] DEBUG:colcon.colcon_parallel_executor.executor.parallel:run_until_complete
[0.536s] INFO:colcon.colcon_ros.task.ament_cmake.build:Building ROS package in '/home/toni/toni_umrt_ros/src/telemetry_interfaces' with build type 'ament_cmake'
[0.536s] INFO:colcon.colcon_cmake.task.cmake.build:Building CMake package in '/home/toni/toni_umrt_ros/src/telemetry_interfaces'
[0.540s] INFO:colcon.colcon_core.plugin_system:Skipping extension 'colcon_core.shell.bat': Not used on non-Windows systems
[0.541s] INFO:colcon.colcon_core.shell:Skip shell extension 'powershell' for command environment: Not usable outside of PowerShell
[0.541s] DEBUG:colcon.colcon_core.shell:Skip shell extension 'dsv' for command environment
[0.564s] DEBUG:colcon.colcon_core.event_handler.log_command:Invoking command in '/home/toni/toni_umrt_ros/build/telemetry_interfaces': CMAKE_PREFIX_PATH=${CMAKE_PREFIX_PATH}:/opt/ros/rolling DEBUGINFOD_URLS=https://debuginfod.ubuntu.com /usr/bin/cmake --build /home/toni/toni_umrt_ros/build/telemetry_interfaces -- -j4 -l4
[9.659s] DEBUG:colcon.colcon_core.event_handler.log_command:Invoked command in '/home/toni/toni_umrt_ros/build/telemetry_interfaces' returned '0': CMAKE_PREFIX_PATH=${CMAKE_PREFIX_PATH}:/opt/ros/rolling DEBUGINFOD_URLS=https://debuginfod.ubuntu.com /usr/bin/cmake --build /home/toni/toni_umrt_ros/build/telemetry_interfaces -- -j4 -l4
[9.922s] DEBUG:colcon.colcon_core.event_handler.log_command:Invoking command in '/home/toni/toni_umrt_ros/build/telemetry_interfaces': CMAKE_PREFIX_PATH=${CMAKE_PREFIX_PATH}:/opt/ros/rolling DEBUGINFOD_URLS=https://debuginfod.ubuntu.com /usr/bin/cmake --install /home/toni/toni_umrt_ros/build/telemetry_interfaces
[10.102s] Level 1:colcon.colcon_core.environment:create_environment_scripts_only(telemetry_interfaces)
[10.103s] DEBUG:colcon.colcon_core.event_handler.log_command:Invoked command in '/home/toni/toni_umrt_ros/build/telemetry_interfaces' returned '0': CMAKE_PREFIX_PATH=${CMAKE_PREFIX_PATH}:/opt/ros/rolling DEBUGINFOD_URLS=https://debuginfod.ubuntu.com /usr/bin/cmake --install /home/toni/toni_umrt_ros/build/telemetry_interfaces
[10.108s] Level 1:colcon.colcon_core.environment:checking '/home/toni/toni_umrt_ros/install/telemetry_interfaces' for CMake module files
[10.109s] Level 1:colcon.colcon_core.environment:checking '/home/toni/toni_umrt_ros/install/telemetry_interfaces' for CMake config files
[10.110s] Level 1:colcon.colcon_core.shell:create_environment_hook('telemetry_interfaces', 'cmake_prefix_path')
[10.110s] INFO:colcon.colcon_core.shell:Creating environment hook '/home/toni/toni_umrt_ros/install/telemetry_interfaces/share/telemetry_interfaces/hook/cmake_prefix_path.ps1'
[10.111s] INFO:colcon.colcon_core.shell:Creating environment descriptor '/home/toni/toni_umrt_ros/install/telemetry_interfaces/share/telemetry_interfaces/hook/cmake_prefix_path.dsv'
[10.112s] INFO:colcon.colcon_core.shell:Creating environment hook '/home/toni/toni_umrt_ros/install/telemetry_interfaces/share/telemetry_interfaces/hook/cmake_prefix_path.sh'
[10.114s] Level 1:colcon.colcon_core.environment:checking '/home/toni/toni_umrt_ros/install/telemetry_interfaces/lib'
[10.115s] Level 1:colcon.colcon_core.shell:create_environment_hook('telemetry_interfaces', 'ld_library_path_lib')
[10.115s] INFO:colcon.colcon_core.shell:Creating environment hook '/home/toni/toni_umrt_ros/install/telemetry_interfaces/share/telemetry_interfaces/hook/ld_library_path_lib.ps1'
[10.116s] INFO:colcon.colcon_core.shell:Creating environment descriptor '/home/toni/toni_umrt_ros/install/telemetry_interfaces/share/telemetry_interfaces/hook/ld_library_path_lib.dsv'
[10.117s] INFO:colcon.colcon_core.shell:Creating environment hook '/home/toni/toni_umrt_ros/install/telemetry_interfaces/share/telemetry_interfaces/hook/ld_library_path_lib.sh'
[10.117s] Level 1:colcon.colcon_core.environment:checking '/home/toni/toni_umrt_ros/install/telemetry_interfaces/bin'
[10.118s] Level 1:colcon.colcon_core.environment:checking '/home/toni/toni_umrt_ros/install/telemetry_interfaces/lib/pkgconfig/telemetry_interfaces.pc'
[10.118s] Level 1:colcon.colcon_core.environment:checking '/home/toni/toni_umrt_ros/install/telemetry_interfaces/lib/python3.12/site-packages'
[10.118s] Level 1:colcon.colcon_core.shell:create_environment_hook('telemetry_interfaces', 'pythonpath')
[10.119s] INFO:colcon.colcon_core.shell:Creating environment hook '/home/toni/toni_umrt_ros/install/telemetry_interfaces/share/telemetry_interfaces/hook/pythonpath.ps1'
[10.119s] INFO:colcon.colcon_core.shell:Creating environment descriptor '/home/toni/toni_umrt_ros/install/telemetry_interfaces/share/telemetry_interfaces/hook/pythonpath.dsv'
[10.120s] INFO:colcon.colcon_core.shell:Creating environment hook '/home/toni/toni_umrt_ros/install/telemetry_interfaces/share/telemetry_interfaces/hook/pythonpath.sh'
[10.122s] Level 1:colcon.colcon_core.environment:checking '/home/toni/toni_umrt_ros/install/telemetry_interfaces/bin'
[10.123s] INFO:colcon.colcon_core.shell:Creating package script '/home/toni/toni_umrt_ros/install/telemetry_interfaces/share/telemetry_interfaces/package.ps1'
[10.124s] INFO:colcon.colcon_core.shell:Creating package descriptor '/home/toni/toni_umrt_ros/install/telemetry_interfaces/share/telemetry_interfaces/package.dsv'
[10.126s] INFO:colcon.colcon_core.shell:Creating package script '/home/toni/toni_umrt_ros/install/telemetry_interfaces/share/telemetry_interfaces/package.sh'
[10.127s] INFO:colcon.colcon_core.shell:Creating package script '/home/toni/toni_umrt_ros/install/telemetry_interfaces/share/telemetry_interfaces/package.bash'
[10.128s] INFO:colcon.colcon_core.shell:Creating package script '/home/toni/toni_umrt_ros/install/telemetry_interfaces/share/telemetry_interfaces/package.zsh'
[10.129s] Level 1:colcon.colcon_core.environment:create_file_with_runtime_dependencies(/home/toni/toni_umrt_ros/install/telemetry_interfaces/share/colcon-core/packages/telemetry_interfaces)
[10.365s] Level 1:colcon.colcon_core.environment:create_environment_scripts_only(telemetry_interfaces)
[10.366s] Level 1:colcon.colcon_core.environment:checking '/home/toni/toni_umrt_ros/install/telemetry_interfaces' for CMake module files
[10.368s] Level 1:colcon.colcon_core.environment:checking '/home/toni/toni_umrt_ros/install/telemetry_interfaces' for CMake config files
[10.369s] Level 1:colcon.colcon_core.shell:create_environment_hook('telemetry_interfaces', 'cmake_prefix_path')
[10.369s] INFO:colcon.colcon_core.shell:Creating environment hook '/home/toni/toni_umrt_ros/install/telemetry_interfaces/share/telemetry_interfaces/hook/cmake_prefix_path.ps1'
[10.370s] INFO:colcon.colcon_core.shell:Creating environment descriptor '/home/toni/toni_umrt_ros/install/telemetry_interfaces/share/telemetry_interfaces/hook/cmake_prefix_path.dsv'
[10.371s] INFO:colcon.colcon_core.shell:Creating environment hook '/home/toni/toni_umrt_ros/install/telemetry_interfaces/share/telemetry_interfaces/hook/cmake_prefix_path.sh'
[10.372s] Level 1:colcon.colcon_core.environment:checking '/home/toni/toni_umrt_ros/install/telemetry_interfaces/lib'
[10.372s] Level 1:colcon.colcon_core.shell:create_environment_hook('telemetry_interfaces', 'ld_library_path_lib')
[10.373s] INFO:colcon.colcon_core.shell:Creating environment hook '/home/toni/toni_umrt_ros/install/telemetry_interfaces/share/telemetry_interfaces/hook/ld_library_path_lib.ps1'
[10.373s] INFO:colcon.colcon_core.shell:Creating environment descriptor '/home/toni/toni_umrt_ros/install/telemetry_interfaces/share/telemetry_interfaces/hook/ld_library_path_lib.dsv'
[10.374s] INFO:colcon.colcon_core.shell:Creating environment hook '/home/toni/toni_umrt_ros/install/telemetry_interfaces/share/telemetry_interfaces/hook/ld_library_path_lib.sh'
[10.375s] Level 1:colcon.colcon_core.environment:checking '/home/toni/toni_umrt_ros/install/telemetry_interfaces/bin'
[10.375s] Level 1:colcon.colcon_core.environment:checking '/home/toni/toni_umrt_ros/install/telemetry_interfaces/lib/pkgconfig/telemetry_interfaces.pc'
[10.376s] Level 1:colcon.colcon_core.environment:checking '/home/toni/toni_umrt_ros/install/telemetry_interfaces/lib/python3.12/site-packages'
[10.376s] Level 1:colcon.colcon_core.shell:create_environment_hook('telemetry_interfaces', 'pythonpath')
[10.377s] INFO:colcon.colcon_core.shell:Creating environment hook '/home/toni/toni_umrt_ros/install/telemetry_interfaces/share/telemetry_interfaces/hook/pythonpath.ps1'
[10.378s] INFO:colcon.colcon_core.shell:Creating environment descriptor '/home/toni/toni_umrt_ros/install/telemetry_interfaces/share/telemetry_interfaces/hook/pythonpath.dsv'
[10.378s] INFO:colcon.colcon_core.shell:Creating environment hook '/home/toni/toni_umrt_ros/install/telemetry_interfaces/share/telemetry_interfaces/hook/pythonpath.sh'
[10.380s] Level 1:colcon.colcon_core.environment:checking '/home/toni/toni_umrt_ros/install/telemetry_interfaces/bin'
[10.381s] INFO:colcon.colcon_core.shell:Creating package script '/home/toni/toni_umrt_ros/install/telemetry_interfaces/share/telemetry_interfaces/package.ps1'
[10.383s] INFO:colcon.colcon_core.shell:Creating package descriptor '/home/toni/toni_umrt_ros/install/telemetry_interfaces/share/telemetry_interfaces/package.dsv'
[10.384s] INFO:colcon.colcon_core.shell:Creating package script '/home/toni/toni_umrt_ros/install/telemetry_interfaces/share/telemetry_interfaces/package.sh'
[10.385s] INFO:colcon.colcon_core.shell:Creating package script '/home/toni/toni_umrt_ros/install/telemetry_interfaces/share/telemetry_interfaces/package.bash'
[10.386s] INFO:colcon.colcon_core.shell:Creating package script '/home/toni/toni_umrt_ros/install/telemetry_interfaces/share/telemetry_interfaces/package.zsh'
[10.387s] Level 1:colcon.colcon_core.environment:create_file_with_runtime_dependencies(/home/toni/toni_umrt_ros/install/telemetry_interfaces/share/colcon-core/packages/telemetry_interfaces)
[10.388s] INFO:colcon.colcon_ros.task.ament_cmake.build:Building ROS package in '/home/toni/toni_umrt_ros/src/telemetry' with build type 'ament_cmake'
[10.388s] INFO:colcon.colcon_cmake.task.cmake.build:Building CMake package in '/home/toni/toni_umrt_ros/src/telemetry'
[10.389s] INFO:colcon.colcon_core.shell:Skip shell extension 'powershell' for command environment: Not usable outside of PowerShell
[10.389s] DEBUG:colcon.colcon_core.shell:Skip shell extension 'dsv' for command environment
[10.414s] DEBUG:colcon.colcon_core.event_handler.log_command:Invoking command in '/home/toni/toni_umrt_ros/build/telemetry': AMENT_PREFIX_PATH=/home/toni/toni_umrt_ros/install/telemetry_interfaces:${AMENT_PREFIX_PATH} CMAKE_PREFIX_PATH=/home/toni/toni_umrt_ros/install/telemetry_interfaces:/opt/ros/rolling/opt/gz_math_vendor:/opt/ros/rolling/opt/gz_utils_vendor:/opt/ros/rolling/opt/gz_cmake_vendor:/opt/ros/rolling DEBUGINFOD_URLS=https://debuginfod.ubuntu.com LD_LIBRARY_PATH=/home/toni/toni_umrt_ros/install/telemetry_interfaces/lib:${LD_LIBRARY_PATH} PYTHONPATH=/home/toni/toni_umrt_ros/install/telemetry_interfaces/lib/python3.12/site-packages:${PYTHONPATH} /usr/bin/cmake --build /home/toni/toni_umrt_ros/build/telemetry -- -j4 -l4
[38.508s] DEBUG:colcon.colcon_core.event_handler.log_command:Invoked command in '/home/toni/toni_umrt_ros/build/telemetry' returned '0': AMENT_PREFIX_PATH=/home/toni/toni_umrt_ros/install/telemetry_interfaces:${AMENT_PREFIX_PATH} CMAKE_PREFIX_PATH=/home/toni/toni_umrt_ros/install/telemetry_interfaces:/opt/ros/rolling/opt/gz_math_vendor:/opt/ros/rolling/opt/gz_utils_vendor:/opt/ros/rolling/opt/gz_cmake_vendor:/opt/ros/rolling DEBUGINFOD_URLS=https://debuginfod.ubuntu.com LD_LIBRARY_PATH=/home/toni/toni_umrt_ros/install/telemetry_interfaces/lib:${LD_LIBRARY_PATH} PYTHONPATH=/home/toni/toni_umrt_ros/install/telemetry_interfaces/lib/python3.12/site-packages:${PYTHONPATH} /usr/bin/cmake --build /home/toni/toni_umrt_ros/build/telemetry -- -j4 -l4
[38.567s] DEBUG:colcon.colcon_core.event_handler.log_command:Invoking command in '/home/toni/toni_umrt_ros/build/telemetry': AMENT_PREFIX_PATH=/home/toni/toni_umrt_ros/install/telemetry_interfaces:${AMENT_PREFIX_PATH} CMAKE_PREFIX_PATH=/home/toni/toni_umrt_ros/install/telemetry_interfaces:/opt/ros/rolling/opt/gz_math_vendor:/opt/ros/rolling/opt/gz_utils_vendor:/opt/ros/rolling/opt/gz_cmake_vendor:/opt/ros/rolling DEBUGINFOD_URLS=https://debuginfod.ubuntu.com LD_LIBRARY_PATH=/home/toni/toni_umrt_ros/install/telemetry_interfaces/lib:${LD_LIBRARY_PATH} PYTHONPATH=/home/toni/toni_umrt_ros/install/telemetry_interfaces/lib/python3.12/site-packages:${PYTHONPATH} /usr/bin/cmake --install /home/toni/toni_umrt_ros/build/telemetry
[38.612s] Level 1:colcon.colcon_core.environment:create_environment_scripts_only(telemetry)
[38.612s] Level 1:colcon.colcon_core.environment:checking '/home/toni/toni_umrt_ros/install/telemetry' for CMake module files
[38.614s] DEBUG:colcon.colcon_core.event_handler.log_command:Invoked command in '/home/toni/toni_umrt_ros/build/telemetry' returned '0': AMENT_PREFIX_PATH=/home/toni/toni_umrt_ros/install/telemetry_interfaces:${AMENT_PREFIX_PATH} CMAKE_PREFIX_PATH=/home/toni/toni_umrt_ros/install/telemetry_interfaces:/opt/ros/rolling/opt/gz_math_vendor:/opt/ros/rolling/opt/gz_utils_vendor:/opt/ros/rolling/opt/gz_cmake_vendor:/opt/ros/rolling DEBUGINFOD_URLS=https://debuginfod.ubuntu.com LD_LIBRARY_PATH=/home/toni/toni_umrt_ros/install/telemetry_interfaces/lib:${LD_LIBRARY_PATH} PYTHONPATH=/home/toni/toni_umrt_ros/install/telemetry_interfaces/lib/python3.12/site-packages:${PYTHONPATH} /usr/bin/cmake --install /home/toni/toni_umrt_ros/build/telemetry
[38.615s] Level 1:colcon.colcon_core.environment:checking '/home/toni/toni_umrt_ros/install/telemetry' for CMake config files
[38.615s] Level 1:colcon.colcon_core.shell:create_environment_hook('telemetry', 'cmake_prefix_path')
[38.615s] INFO:colcon.colcon_core.shell:Creating environment hook '/home/toni/toni_umrt_ros/install/telemetry/share/telemetry/hook/cmake_prefix_path.ps1'
[38.616s] INFO:colcon.colcon_core.shell:Creating environment descriptor '/home/toni/toni_umrt_ros/install/telemetry/share/telemetry/hook/cmake_prefix_path.dsv'
[38.617s] INFO:colcon.colcon_core.shell:Creating environment hook '/home/toni/toni_umrt_ros/install/telemetry/share/telemetry/hook/cmake_prefix_path.sh'
[38.618s] Level 1:colcon.colcon_core.environment:checking '/home/toni/toni_umrt_ros/install/telemetry/lib'
[38.618s] Level 1:colcon.colcon_core.environment:checking '/home/toni/toni_umrt_ros/install/telemetry/bin'
[38.618s] Level 1:colcon.colcon_core.environment:checking '/home/toni/toni_umrt_ros/install/telemetry/lib/pkgconfig/telemetry.pc'
[38.619s] Level 1:colcon.colcon_core.environment:checking '/home/toni/toni_umrt_ros/install/telemetry/lib/python3.12/site-packages'
[38.619s] Level 1:colcon.colcon_core.environment:checking '/home/toni/toni_umrt_ros/install/telemetry/bin'
[38.619s] INFO:colcon.colcon_core.shell:Creating package script '/home/toni/toni_umrt_ros/install/telemetry/share/telemetry/package.ps1'
[38.620s] INFO:colcon.colcon_core.shell:Creating package descriptor '/home/toni/toni_umrt_ros/install/telemetry/share/telemetry/package.dsv'
[38.621s] INFO:colcon.colcon_core.shell:Creating package script '/home/toni/toni_umrt_ros/install/telemetry/share/telemetry/package.sh'
[38.622s] INFO:colcon.colcon_core.shell:Creating package script '/home/toni/toni_umrt_ros/install/telemetry/share/telemetry/package.bash'
[38.623s] INFO:colcon.colcon_core.shell:Creating package script '/home/toni/toni_umrt_ros/install/telemetry/share/telemetry/package.zsh'
[38.623s] Level 1:colcon.colcon_core.environment:create_file_with_runtime_dependencies(/home/toni/toni_umrt_ros/install/telemetry/share/colcon-core/packages/telemetry)
[38.681s] Level 1:colcon.colcon_core.environment:create_environment_scripts_only(telemetry)
[38.681s] Level 1:colcon.colcon_core.environment:checking '/home/toni/toni_umrt_ros/install/telemetry' for CMake module files
[38.682s] Level 1:colcon.colcon_core.environment:checking '/home/toni/toni_umrt_ros/install/telemetry' for CMake config files
[38.683s] Level 1:colcon.colcon_core.shell:create_environment_hook('telemetry', 'cmake_prefix_path')
[38.683s] INFO:colcon.colcon_core.shell:Creating environment hook '/home/toni/toni_umrt_ros/install/telemetry/share/telemetry/hook/cmake_prefix_path.ps1'
[38.684s] INFO:colcon.colcon_core.shell:Creating environment descriptor '/home/toni/toni_umrt_ros/install/telemetry/share/telemetry/hook/cmake_prefix_path.dsv'
[38.685s] INFO:colcon.colcon_core.shell:Creating environment hook '/home/toni/toni_umrt_ros/install/telemetry/share/telemetry/hook/cmake_prefix_path.sh'
[38.686s] Level 1:colcon.colcon_core.environment:checking '/home/toni/toni_umrt_ros/install/telemetry/lib'
[38.687s] Level 1:colcon.colcon_core.environment:checking '/home/toni/toni_umrt_ros/install/telemetry/bin'
[38.687s] Level 1:colcon.colcon_core.environment:checking '/home/toni/toni_umrt_ros/install/telemetry/lib/pkgconfig/telemetry.pc'
[38.687s] Level 1:colcon.colcon_core.environment:checking '/home/toni/toni_umrt_ros/install/telemetry/lib/python3.12/site-packages'
[38.688s] Level 1:colcon.colcon_core.environment:checking '/home/toni/toni_umrt_ros/install/telemetry/bin'
[38.688s] INFO:colcon.colcon_core.shell:Creating package script '/home/toni/toni_umrt_ros/install/telemetry/share/telemetry/package.ps1'
[38.689s] INFO:colcon.colcon_core.shell:Creating package descriptor '/home/toni/toni_umrt_ros/install/telemetry/share/telemetry/package.dsv'
[38.691s] INFO:colcon.colcon_core.shell:Creating package script '/home/toni/toni_umrt_ros/install/telemetry/share/telemetry/package.sh'
[38.692s] INFO:colcon.colcon_core.shell:Creating package script '/home/toni/toni_umrt_ros/install/telemetry/share/telemetry/package.bash'
[38.693s] INFO:colcon.colcon_core.shell:Creating package script '/home/toni/toni_umrt_ros/install/telemetry/share/telemetry/package.zsh'
[38.693s] Level 1:colcon.colcon_core.environment:create_file_with_runtime_dependencies(/home/toni/toni_umrt_ros/install/telemetry/share/colcon-core/packages/telemetry)
[38.696s] DEBUG:colcon.colcon_parallel_executor.executor.parallel:closing loop
[38.697s] DEBUG:colcon.colcon_parallel_executor.executor.parallel:loop closed
[38.697s] DEBUG:colcon.colcon_parallel_executor.executor.parallel:run_until_complete finished with '0'
[38.697s] DEBUG:colcon.colcon_core.event_reactor:joining thread
[38.710s] INFO:colcon.colcon_core.plugin_system:Skipping extension 'colcon_notification.desktop_notification.terminal_notifier': Not used on non-Darwin systems
[38.711s] INFO:colcon.colcon_core.plugin_system:Skipping extension 'colcon_notification.desktop_notification.win32': Not used on non-Windows systems
[38.711s] INFO:colcon.colcon_notification.desktop_notification:Sending desktop notification using 'notify2'
[38.742s] DEBUG:colcon.colcon_core.event_reactor:joined thread
[38.743s] INFO:colcon.colcon_core.shell:Creating prefix script '/home/toni/toni_umrt_ros/install/local_setup.ps1'
[38.744s] INFO:colcon.colcon_core.shell:Creating prefix util module '/home/toni/toni_umrt_ros/install/_local_setup_util_ps1.py'
[38.747s] INFO:colcon.colcon_core.shell:Creating prefix chain script '/home/toni/toni_umrt_ros/install/setup.ps1'
[38.748s] INFO:colcon.colcon_core.shell:Creating prefix script '/home/toni/toni_umrt_ros/install/local_setup.sh'
[38.749s] INFO:colcon.colcon_core.shell:Creating prefix util module '/home/toni/toni_umrt_ros/install/_local_setup_util_sh.py'
[38.750s] INFO:colcon.colcon_core.shell:Creating prefix chain script '/home/toni/toni_umrt_ros/install/setup.sh'
[38.752s] INFO:colcon.colcon_core.shell:Creating prefix script '/home/toni/toni_umrt_ros/install/local_setup.bash'
[38.753s] INFO:colcon.colcon_core.shell:Creating prefix chain script '/home/toni/toni_umrt_ros/install/setup.bash'
[38.755s] INFO:colcon.colcon_core.shell:Creating prefix script '/home/toni/toni_umrt_ros/install/local_setup.zsh'
[38.756s] INFO:colcon.colcon_core.shell:Creating prefix chain script '/home/toni/toni_umrt_ros/install/setup.zsh'
