[0.046s] Invoking command in '/home/toni/toni_umrt_ros/build/telemetry': CMAKE_PREFIX_PATH=/home/toni/toni_umrt_ros/install/telemetry_interfaces:/home/toni/toni_umrt_ros/install/telemetry:/opt/ros/rolling/opt/gz_math_vendor:/opt/ros/rolling/opt/gz_utils_vendor:/opt/ros/rolling/opt/gz_cmake_vendor:/opt/ros/rolling DEBUGINFOD_URLS=https://debuginfod.ubuntu.com /usr/bin/cmake --build /home/toni/toni_umrt_ros/build/telemetry -- -j4 -l4
[0.120s] -- Found ament_cmake: 2.7.0 (/opt/ros/rolling/share/ament_cmake/cmake)
[0.649s] -- Found rclcpp: 28.3.3 (/opt/ros/rolling/share/rclcpp/cmake)
[0.737s] -- Found rosidl_generator_c: 4.8.1 (/opt/ros/rolling/share/rosidl_generator_c/cmake)
[0.764s] -- Found rosidl_generator_cpp: 4.8.1 (/opt/ros/rolling/share/rosidl_generator_cpp/cmake)
[0.816s] -- Using all available rosidl_typesupport_c: rosidl_typesupport_fastrtps_c;rosidl_typesupport_introspection_c
[0.855s] -- Using all available rosidl_typesupport_cpp: rosidl_typesupport_fastrtps_cpp;rosidl_typesupport_introspection_cpp
[1.093s] -- Found rmw_implementation_cmake: 7.4.3 (/opt/ros/rolling/share/rmw_implementation_cmake/cmake)
[1.103s] -- Found rmw_fastrtps_cpp: 9.0.1 (/opt/ros/rolling/share/rmw_fastrtps_cpp/cmake)
[1.318s] -- Using RMW implementation 'rmw_fastrtps_cpp' as default
[1.537s] -- Found telemetry_interfaces: 0.0.0 (/home/toni/toni_umrt_ros/install/telemetry_interfaces/share/telemetry_interfaces/cmake)
[1.815s] -- Configuring done (1.7s)
[1.855s] -- Generating done (0.0s)
[1.862s] -- Build files have been written to: /home/toni/toni_umrt_ros/build/telemetry
[1.985s] [100%] Built target telemetry_master
[2.008s] Invoked command in '/home/toni/toni_umrt_ros/build/telemetry' returned '0': CMAKE_PREFIX_PATH=/home/toni/toni_umrt_ros/install/telemetry_interfaces:/home/toni/toni_umrt_ros/install/telemetry:/opt/ros/rolling/opt/gz_math_vendor:/opt/ros/rolling/opt/gz_utils_vendor:/opt/ros/rolling/opt/gz_cmake_vendor:/opt/ros/rolling DEBUGINFOD_URLS=https://debuginfod.ubuntu.com /usr/bin/cmake --build /home/toni/toni_umrt_ros/build/telemetry -- -j4 -l4
[2.066s] Invoking command in '/home/toni/toni_umrt_ros/build/telemetry': CMAKE_PREFIX_PATH=/home/toni/toni_umrt_ros/install/telemetry_interfaces:/home/toni/toni_umrt_ros/install/telemetry:/opt/ros/rolling/opt/gz_math_vendor:/opt/ros/rolling/opt/gz_utils_vendor:/opt/ros/rolling/opt/gz_cmake_vendor:/opt/ros/rolling DEBUGINFOD_URLS=https://debuginfod.ubuntu.com /usr/bin/cmake --install /home/toni/toni_umrt_ros/build/telemetry
[2.086s] -- Install configuration: ""
[2.086s] -- Up-to-date: /home/toni/toni_umrt_ros/install/telemetry/lib/telemetry/telemetry_master
[2.086s] -- Up-to-date: /home/toni/toni_umrt_ros/install/telemetry/share/ament_index/resource_index/package_run_dependencies/telemetry
[2.094s] -- Installing: /home/toni/toni_umrt_ros/install/telemetry/share/ament_index/resource_index/parent_prefix_path/telemetry
[2.095s] -- Up-to-date: /home/toni/toni_umrt_ros/install/telemetry/share/telemetry/environment/ament_prefix_path.sh
[2.095s] -- Up-to-date: /home/toni/toni_umrt_ros/install/telemetry/share/telemetry/environment/ament_prefix_path.dsv
[2.095s] -- Up-to-date: /home/toni/toni_umrt_ros/install/telemetry/share/telemetry/environment/path.sh
[2.095s] -- Up-to-date: /home/toni/toni_umrt_ros/install/telemetry/share/telemetry/environment/path.dsv
[2.096s] -- Up-to-date: /home/toni/toni_umrt_ros/install/telemetry/share/telemetry/local_setup.bash
[2.096s] -- Up-to-date: /home/toni/toni_umrt_ros/install/telemetry/share/telemetry/local_setup.sh
[2.096s] -- Up-to-date: /home/toni/toni_umrt_ros/install/telemetry/share/telemetry/local_setup.zsh
[2.096s] -- Up-to-date: /home/toni/toni_umrt_ros/install/telemetry/share/telemetry/local_setup.dsv
[2.097s] -- Installing: /home/toni/toni_umrt_ros/install/telemetry/share/telemetry/package.dsv
[2.097s] -- Up-to-date: /home/toni/toni_umrt_ros/install/telemetry/share/ament_index/resource_index/packages/telemetry
[2.098s] -- Up-to-date: /home/toni/toni_umrt_ros/install/telemetry/share/telemetry/cmake/telemetryConfig.cmake
[2.098s] -- Up-to-date: /home/toni/toni_umrt_ros/install/telemetry/share/telemetry/cmake/telemetryConfig-version.cmake
[2.098s] -- Up-to-date: /home/toni/toni_umrt_ros/install/telemetry/share/telemetry/package.xml
[2.102s] Invoked command in '/home/toni/toni_umrt_ros/build/telemetry' returned '0': CMAKE_PREFIX_PATH=/home/toni/toni_umrt_ros/install/telemetry_interfaces:/home/toni/toni_umrt_ros/install/telemetry:/opt/ros/rolling/opt/gz_math_vendor:/opt/ros/rolling/opt/gz_utils_vendor:/opt/ros/rolling/opt/gz_cmake_vendor:/opt/ros/rolling DEBUGINFOD_URLS=https://debuginfod.ubuntu.com /usr/bin/cmake --install /home/toni/toni_umrt_ros/build/telemetry
