[0.010s] Invoking command in '/home/toni/toni_umrt_ros/build/telemetry': CMAKE_PREFIX_PATH=/home/toni/toni_umrt_ros/install/telemetry_interfaces:/home/toni/toni_umrt_ros/install/telemetry:/opt/ros/rolling/opt/gz_math_vendor:/opt/ros/rolling/opt/gz_utils_vendor:/opt/ros/rolling/opt/gz_cmake_vendor:/opt/ros/rolling DEBUGINFOD_URLS=https://debuginfod.ubuntu.com /usr/bin/cmake --build /home/toni/toni_umrt_ros/build/telemetry -- -j4 -l4
[0.064s] [ 33%] [32mBuilding CXX object CMakeFiles/telemetry_master.dir/src/telemetry_master.cpp.o[0m
[8.517s] [ 66%] [32m[1mLinking CXX executable telemetry_master[0m
[8.911s] [100%] Built target telemetry_master
[8.919s] Invoked command in '/home/toni/toni_umrt_ros/build/telemetry' returned '0': CMAKE_PREFIX_PATH=/home/toni/toni_umrt_ros/install/telemetry_interfaces:/home/toni/toni_umrt_ros/install/telemetry:/opt/ros/rolling/opt/gz_math_vendor:/opt/ros/rolling/opt/gz_utils_vendor:/opt/ros/rolling/opt/gz_cmake_vendor:/opt/ros/rolling DEBUGINFOD_URLS=https://debuginfod.ubuntu.com /usr/bin/cmake --build /home/toni/toni_umrt_ros/build/telemetry -- -j4 -l4
[8.940s] Invoking command in '/home/toni/toni_umrt_ros/build/telemetry': CMAKE_PREFIX_PATH=/home/toni/toni_umrt_ros/install/telemetry_interfaces:/home/toni/toni_umrt_ros/install/telemetry:/opt/ros/rolling/opt/gz_math_vendor:/opt/ros/rolling/opt/gz_utils_vendor:/opt/ros/rolling/opt/gz_cmake_vendor:/opt/ros/rolling DEBUGINFOD_URLS=https://debuginfod.ubuntu.com /usr/bin/cmake --install /home/toni/toni_umrt_ros/build/telemetry
[8.947s] -- Install configuration: ""
[8.947s] -- Installing: /home/toni/toni_umrt_ros/install/telemetry/lib/telemetry/telemetry_master
[8.953s] -- Set non-toolchain portion of runtime path of "/home/toni/toni_umrt_ros/install/telemetry/lib/telemetry/telemetry_master" to ""
[8.953s] -- Up-to-date: /home/toni/toni_umrt_ros/install/telemetry/share/ament_index/resource_index/package_run_dependencies/telemetry
[8.953s] -- Up-to-date: /home/toni/toni_umrt_ros/install/telemetry/share/ament_index/resource_index/parent_prefix_path/telemetry
[8.953s] -- Up-to-date: /home/toni/toni_umrt_ros/install/telemetry/share/telemetry/environment/ament_prefix_path.sh
[8.953s] -- Up-to-date: /home/toni/toni_umrt_ros/install/telemetry/share/telemetry/environment/ament_prefix_path.dsv
[8.953s] -- Up-to-date: /home/toni/toni_umrt_ros/install/telemetry/share/telemetry/environment/path.sh
[8.953s] -- Up-to-date: /home/toni/toni_umrt_ros/install/telemetry/share/telemetry/environment/path.dsv
[8.953s] -- Up-to-date: /home/toni/toni_umrt_ros/install/telemetry/share/telemetry/local_setup.bash
[8.953s] -- Up-to-date: /home/toni/toni_umrt_ros/install/telemetry/share/telemetry/local_setup.sh
[8.954s] -- Up-to-date: /home/toni/toni_umrt_ros/install/telemetry/share/telemetry/local_setup.zsh
[8.954s] -- Up-to-date: /home/toni/toni_umrt_ros/install/telemetry/share/telemetry/local_setup.dsv
[8.954s] -- Installing: /home/toni/toni_umrt_ros/install/telemetry/share/telemetry/package.dsv
[8.954s] -- Up-to-date: /home/toni/toni_umrt_ros/install/telemetry/share/ament_index/resource_index/packages/telemetry
[8.954s] -- Up-to-date: /home/toni/toni_umrt_ros/install/telemetry/share/telemetry/cmake/telemetryConfig.cmake
[8.954s] -- Up-to-date: /home/toni/toni_umrt_ros/install/telemetry/share/telemetry/cmake/telemetryConfig-version.cmake
[8.954s] -- Up-to-date: /home/toni/toni_umrt_ros/install/telemetry/share/telemetry/package.xml
[8.955s] Invoked command in '/home/toni/toni_umrt_ros/build/telemetry' returned '0': CMAKE_PREFIX_PATH=/home/toni/toni_umrt_ros/install/telemetry_interfaces:/home/toni/toni_umrt_ros/install/telemetry:/opt/ros/rolling/opt/gz_math_vendor:/opt/ros/rolling/opt/gz_utils_vendor:/opt/ros/rolling/opt/gz_cmake_vendor:/opt/ros/rolling DEBUGINFOD_URLS=https://debuginfod.ubuntu.com /usr/bin/cmake --install /home/toni/toni_umrt_ros/build/telemetry
