[0.021s] Invoking command in '/home/toni/toni_umrt_ros/build/telemetry_interfaces': CMAKE_PREFIX_PATH=${CMAKE_PREFIX_PATH}:/opt/ros/rolling DEBUGINFOD_URLS=https://debuginfod.ubuntu.com /usr/bin/cmake --build /home/toni/toni_umrt_ros/build/telemetry_interfaces -- -j4 -l4
[0.154s] [  1%] Built target FILES__rosidl_generator_type_description
[0.166s] [  1%] Built target ament_cmake_python_copy_telemetry_interfaces
[0.200s] [  3%] Built target FILES__cpp
[0.206s] [ 24%] Built target FILES__rosidl_generator_c
[0.261s] [ 33%] Built target FILES__rosidl_typesupport_introspection_cpp
[0.279s] [ 50%] Built target FILES__rosidl_typesupport_fastrtps_cpp
[0.280s] [ 51%] Built target FILES__rosidl_typesupport_cpp
[0.322s] [ 61%] Built target FILES__rosidl_typesupport_fastrtps_c
[0.347s] [ 70%] Built target FILES__rosidl_typesupport_c
[0.363s] [ 79%] Built target FILES__rosidl_typesupport_introspection_c
[0.421s] [ 79%] Built target FILES
[0.466s] [ 81%] Built target FILES__py
[0.530s] [ 88%] Built target FILES__rosidl_generator_py
[0.589s] [ 92%] Built target telemetry_interfaces_s__rosidl_typesupport_c
[0.592s] [ 96%] Built target telemetry_interfaces_s__rosidl_typesupport_introspection_c
[0.596s] [100%] Built target telemetry_interfaces_s__rosidl_typesupport_fastrtps_c
[0.706s] running egg_info
[0.752s] writing telemetry_interfaces.egg-info/PKG-INFO
[0.752s] writing dependency_links to telemetry_interfaces.egg-info/dependency_links.txt
[0.753s] writing top-level names to telemetry_interfaces.egg-info/top_level.txt
[0.886s] reading manifest file 'telemetry_interfaces.egg-info/SOURCES.txt'
[0.886s] writing manifest file 'telemetry_interfaces.egg-info/SOURCES.txt'
[0.947s] [100%] Built target ament_cmake_python_build_telemetry_interfaces_egg
[0.975s] Invoked command in '/home/toni/toni_umrt_ros/build/telemetry_interfaces' returned '0': CMAKE_PREFIX_PATH=${CMAKE_PREFIX_PATH}:/opt/ros/rolling DEBUGINFOD_URLS=https://debuginfod.ubuntu.com /usr/bin/cmake --build /home/toni/toni_umrt_ros/build/telemetry_interfaces -- -j4 -l4
[1.277s] Invoking command in '/home/toni/toni_umrt_ros/build/telemetry_interfaces': CMAKE_PREFIX_PATH=${CMAKE_PREFIX_PATH}:/opt/ros/rolling DEBUGINFOD_URLS=https://debuginfod.ubuntu.com /usr/bin/cmake --install /home/toni/toni_umrt_ros/build/telemetry_interfaces
[1.304s] -- Install configuration: ""
[1.306s] -- Up-to-date: /home/toni/toni_umrt_ros/install/telemetry_interfaces/share/ament_index/resource_index/rosidl_interfaces/telemetry_interfaces
[1.307s] -- Up-to-date: /home/toni/toni_umrt_ros/install/telemetry_interfaces/share/telemetry_interfaces/msg/Telemetry.json
[1.307s] -- Up-to-date: /home/toni/toni_umrt_ros/install/telemetry_interfaces/share/telemetry_interfaces/msg/Gps.json
[1.308s] -- Up-to-date: /home/toni/toni_umrt_ros/install/telemetry_interfaces/share/telemetry_interfaces/msg/Imu.json
[1.308s] -- Up-to-date: /home/toni/toni_umrt_ros/install/telemetry_interfaces/include/telemetry_interfaces/telemetry_interfaces
[1.308s] -- Up-to-date: /home/toni/toni_umrt_ros/install/telemetry_interfaces/include/telemetry_interfaces/telemetry_interfaces/msg
[1.308s] -- Up-to-date: /home/toni/toni_umrt_ros/install/telemetry_interfaces/include/telemetry_interfaces/telemetry_interfaces/msg/telemetry.h
[1.309s] -- Up-to-date: /home/toni/toni_umrt_ros/install/telemetry_interfaces/include/telemetry_interfaces/telemetry_interfaces/msg/gps.h
[1.310s] -- Up-to-date: /home/toni/toni_umrt_ros/install/telemetry_interfaces/include/telemetry_interfaces/telemetry_interfaces/msg/detail
[1.310s] -- Up-to-date: /home/toni/toni_umrt_ros/install/telemetry_interfaces/include/telemetry_interfaces/telemetry_interfaces/msg/detail/gps__struct.h
[1.311s] -- Up-to-date: /home/toni/toni_umrt_ros/install/telemetry_interfaces/include/telemetry_interfaces/telemetry_interfaces/msg/detail/imu__functions.c
[1.312s] -- Up-to-date: /home/toni/toni_umrt_ros/install/telemetry_interfaces/include/telemetry_interfaces/telemetry_interfaces/msg/detail/telemetry__functions.c
[1.312s] -- Up-to-date: /home/toni/toni_umrt_ros/install/telemetry_interfaces/include/telemetry_interfaces/telemetry_interfaces/msg/detail/gps__type_support.h
[1.312s] -- Up-to-date: /home/toni/toni_umrt_ros/install/telemetry_interfaces/include/telemetry_interfaces/telemetry_interfaces/msg/detail/telemetry__functions.h
[1.313s] -- Up-to-date: /home/toni/toni_umrt_ros/install/telemetry_interfaces/include/telemetry_interfaces/telemetry_interfaces/msg/detail/telemetry__struct.h
[1.313s] -- Up-to-date: /home/toni/toni_umrt_ros/install/telemetry_interfaces/include/telemetry_interfaces/telemetry_interfaces/msg/detail/imu__struct.h
[1.314s] -- Up-to-date: /home/toni/toni_umrt_ros/install/telemetry_interfaces/include/telemetry_interfaces/telemetry_interfaces/msg/detail/imu__description.c
[1.314s] -- Up-to-date: /home/toni/toni_umrt_ros/install/telemetry_interfaces/include/telemetry_interfaces/telemetry_interfaces/msg/detail/imu__type_support.h
[1.315s] -- Installing: /home/toni/toni_umrt_ros/install/telemetry_interfaces/include/telemetry_interfaces/telemetry_interfaces/msg/detail/imu__type_support.c
[1.315s] -- Up-to-date: /home/toni/toni_umrt_ros/install/telemetry_interfaces/include/telemetry_interfaces/telemetry_interfaces/msg/detail/telemetry__type_support.h
[1.315s] -- Up-to-date: /home/toni/toni_umrt_ros/install/telemetry_interfaces/include/telemetry_interfaces/telemetry_interfaces/msg/detail/telemetry__description.c
[1.315s] -- Installing: /home/toni/toni_umrt_ros/install/telemetry_interfaces/include/telemetry_interfaces/telemetry_interfaces/msg/detail/gps__type_support.c
[1.315s] -- Up-to-date: /home/toni/toni_umrt_ros/install/telemetry_interfaces/include/telemetry_interfaces/telemetry_interfaces/msg/detail/gps__functions.c
[1.315s] -- Up-to-date: /home/toni/toni_umrt_ros/install/telemetry_interfaces/include/telemetry_interfaces/telemetry_interfaces/msg/detail/imu__functions.h
[1.315s] -- Up-to-date: /home/toni/toni_umrt_ros/install/telemetry_interfaces/include/telemetry_interfaces/telemetry_interfaces/msg/detail/gps__description.c
[1.316s] -- Up-to-date: /home/toni/toni_umrt_ros/install/telemetry_interfaces/include/telemetry_interfaces/telemetry_interfaces/msg/detail/gps__functions.h
[1.316s] -- Installing: /home/toni/toni_umrt_ros/install/telemetry_interfaces/include/telemetry_interfaces/telemetry_interfaces/msg/detail/telemetry__type_support.c
[1.316s] -- Up-to-date: /home/toni/toni_umrt_ros/install/telemetry_interfaces/include/telemetry_interfaces/telemetry_interfaces/msg/imu.h
[1.316s] -- Up-to-date: /home/toni/toni_umrt_ros/install/telemetry_interfaces/include/telemetry_interfaces/telemetry_interfaces/msg/rosidl_generator_c__visibility_control.h
[1.316s] -- Up-to-date: /home/toni/toni_umrt_ros/install/telemetry_interfaces/share/telemetry_interfaces/environment/library_path.sh
[1.316s] -- Up-to-date: /home/toni/toni_umrt_ros/install/telemetry_interfaces/share/telemetry_interfaces/environment/library_path.dsv
[1.316s] -- Up-to-date: /home/toni/toni_umrt_ros/install/telemetry_interfaces/lib/libFILES__rosidl_generator_c.so
[1.317s] -- Up-to-date: /home/toni/toni_umrt_ros/install/telemetry_interfaces/include/telemetry_interfaces/telemetry_interfaces
[1.317s] -- Up-to-date: /home/toni/toni_umrt_ros/install/telemetry_interfaces/include/telemetry_interfaces/telemetry_interfaces/msg
[1.318s] -- Up-to-date: /home/toni/toni_umrt_ros/install/telemetry_interfaces/include/telemetry_interfaces/telemetry_interfaces/msg/detail
[1.318s] -- Up-to-date: /home/toni/toni_umrt_ros/install/telemetry_interfaces/include/telemetry_interfaces/telemetry_interfaces/msg/detail/imu__rosidl_typesupport_fastrtps_c.h
[1.318s] -- Up-to-date: /home/toni/toni_umrt_ros/install/telemetry_interfaces/include/telemetry_interfaces/telemetry_interfaces/msg/detail/gps__rosidl_typesupport_fastrtps_c.h
[1.318s] -- Up-to-date: /home/toni/toni_umrt_ros/install/telemetry_interfaces/include/telemetry_interfaces/telemetry_interfaces/msg/detail/telemetry__rosidl_typesupport_fastrtps_c.h
[1.318s] -- Up-to-date: /home/toni/toni_umrt_ros/install/telemetry_interfaces/include/telemetry_interfaces/telemetry_interfaces/msg/rosidl_typesupport_fastrtps_c__visibility_control.h
[1.319s] -- Up-to-date: /home/toni/toni_umrt_ros/install/telemetry_interfaces/lib/libFILES__rosidl_typesupport_fastrtps_c.so
[1.319s] -- Up-to-date: /home/toni/toni_umrt_ros/install/telemetry_interfaces/include/telemetry_interfaces/telemetry_interfaces
[1.319s] -- Up-to-date: /home/toni/toni_umrt_ros/install/telemetry_interfaces/include/telemetry_interfaces/telemetry_interfaces/msg
[1.319s] -- Up-to-date: /home/toni/toni_umrt_ros/install/telemetry_interfaces/include/telemetry_interfaces/telemetry_interfaces/msg/rosidl_typesupport_introspection_c__visibility_control.h
[1.319s] -- Up-to-date: /home/toni/toni_umrt_ros/install/telemetry_interfaces/include/telemetry_interfaces/telemetry_interfaces/msg/detail
[1.320s] -- Installing: /home/toni/toni_umrt_ros/install/telemetry_interfaces/include/telemetry_interfaces/telemetry_interfaces/msg/detail/imu__type_support.c
[1.320s] -- Up-to-date: /home/toni/toni_umrt_ros/install/telemetry_interfaces/include/telemetry_interfaces/telemetry_interfaces/msg/detail/telemetry__rosidl_typesupport_introspection_c.h
[1.321s] -- Installing: /home/toni/toni_umrt_ros/install/telemetry_interfaces/include/telemetry_interfaces/telemetry_interfaces/msg/detail/gps__type_support.c
[1.321s] -- Up-to-date: /home/toni/toni_umrt_ros/install/telemetry_interfaces/include/telemetry_interfaces/telemetry_interfaces/msg/detail/gps__rosidl_typesupport_introspection_c.h
[1.322s] -- Up-to-date: /home/toni/toni_umrt_ros/install/telemetry_interfaces/include/telemetry_interfaces/telemetry_interfaces/msg/detail/imu__rosidl_typesupport_introspection_c.h
[1.322s] -- Installing: /home/toni/toni_umrt_ros/install/telemetry_interfaces/include/telemetry_interfaces/telemetry_interfaces/msg/detail/telemetry__type_support.c
[1.322s] -- Up-to-date: /home/toni/toni_umrt_ros/install/telemetry_interfaces/lib/libFILES__rosidl_typesupport_introspection_c.so
[1.322s] -- Up-to-date: /home/toni/toni_umrt_ros/install/telemetry_interfaces/lib/libFILES__rosidl_typesupport_c.so
[1.322s] -- Up-to-date: /home/toni/toni_umrt_ros/install/telemetry_interfaces/include/telemetry_interfaces/telemetry_interfaces
[1.322s] -- Up-to-date: /home/toni/toni_umrt_ros/install/telemetry_interfaces/include/telemetry_interfaces/telemetry_interfaces/msg
[1.323s] -- Up-to-date: /home/toni/toni_umrt_ros/install/telemetry_interfaces/include/telemetry_interfaces/telemetry_interfaces/msg/telemetry.hpp
[1.323s] -- Up-to-date: /home/toni/toni_umrt_ros/install/telemetry_interfaces/include/telemetry_interfaces/telemetry_interfaces/msg/rosidl_generator_cpp__visibility_control.hpp
[1.323s] -- Up-to-date: /home/toni/toni_umrt_ros/install/telemetry_interfaces/include/telemetry_interfaces/telemetry_interfaces/msg/detail
[1.323s] -- Up-to-date: /home/toni/toni_umrt_ros/install/telemetry_interfaces/include/telemetry_interfaces/telemetry_interfaces/msg/detail/imu__struct.hpp
[1.323s] -- Up-to-date: /home/toni/toni_umrt_ros/install/telemetry_interfaces/include/telemetry_interfaces/telemetry_interfaces/msg/detail/telemetry__type_support.hpp
[1.324s] -- Up-to-date: /home/toni/toni_umrt_ros/install/telemetry_interfaces/include/telemetry_interfaces/telemetry_interfaces/msg/detail/imu__builder.hpp
[1.324s] -- Up-to-date: /home/toni/toni_umrt_ros/install/telemetry_interfaces/include/telemetry_interfaces/telemetry_interfaces/msg/detail/imu__traits.hpp
[1.324s] -- Up-to-date: /home/toni/toni_umrt_ros/install/telemetry_interfaces/include/telemetry_interfaces/telemetry_interfaces/msg/detail/gps__type_support.hpp
[1.324s] -- Up-to-date: /home/toni/toni_umrt_ros/install/telemetry_interfaces/include/telemetry_interfaces/telemetry_interfaces/msg/detail/telemetry__traits.hpp
[1.324s] -- Up-to-date: /home/toni/toni_umrt_ros/install/telemetry_interfaces/include/telemetry_interfaces/telemetry_interfaces/msg/detail/imu__type_support.hpp
[1.325s] -- Up-to-date: /home/toni/toni_umrt_ros/install/telemetry_interfaces/include/telemetry_interfaces/telemetry_interfaces/msg/detail/gps__builder.hpp
[1.325s] -- Up-to-date: /home/toni/toni_umrt_ros/install/telemetry_interfaces/include/telemetry_interfaces/telemetry_interfaces/msg/detail/telemetry__struct.hpp
[1.325s] -- Up-to-date: /home/toni/toni_umrt_ros/install/telemetry_interfaces/include/telemetry_interfaces/telemetry_interfaces/msg/detail/telemetry__builder.hpp
[1.325s] -- Up-to-date: /home/toni/toni_umrt_ros/install/telemetry_interfaces/include/telemetry_interfaces/telemetry_interfaces/msg/detail/gps__struct.hpp
[1.325s] -- Up-to-date: /home/toni/toni_umrt_ros/install/telemetry_interfaces/include/telemetry_interfaces/telemetry_interfaces/msg/detail/gps__traits.hpp
[1.326s] -- Up-to-date: /home/toni/toni_umrt_ros/install/telemetry_interfaces/include/telemetry_interfaces/telemetry_interfaces/msg/gps.hpp
[1.326s] -- Up-to-date: /home/toni/toni_umrt_ros/install/telemetry_interfaces/include/telemetry_interfaces/telemetry_interfaces/msg/imu.hpp
[1.326s] -- Up-to-date: /home/toni/toni_umrt_ros/install/telemetry_interfaces/include/telemetry_interfaces/telemetry_interfaces
[1.326s] -- Up-to-date: /home/toni/toni_umrt_ros/install/telemetry_interfaces/include/telemetry_interfaces/telemetry_interfaces/msg
[1.326s] -- Up-to-date: /home/toni/toni_umrt_ros/install/telemetry_interfaces/include/telemetry_interfaces/telemetry_interfaces/msg/detail
[1.327s] -- Up-to-date: /home/toni/toni_umrt_ros/install/telemetry_interfaces/include/telemetry_interfaces/telemetry_interfaces/msg/detail/telemetry__rosidl_typesupport_fastrtps_cpp.hpp
[1.327s] -- Up-to-date: /home/toni/toni_umrt_ros/install/telemetry_interfaces/include/telemetry_interfaces/telemetry_interfaces/msg/detail/dds_fastrtps
[1.327s] -- Up-to-date: /home/toni/toni_umrt_ros/install/telemetry_interfaces/include/telemetry_interfaces/telemetry_interfaces/msg/detail/gps__rosidl_typesupport_fastrtps_cpp.hpp
[1.327s] -- Up-to-date: /home/toni/toni_umrt_ros/install/telemetry_interfaces/include/telemetry_interfaces/telemetry_interfaces/msg/detail/imu__rosidl_typesupport_fastrtps_cpp.hpp
[1.327s] -- Up-to-date: /home/toni/toni_umrt_ros/install/telemetry_interfaces/include/telemetry_interfaces/telemetry_interfaces/msg/rosidl_typesupport_fastrtps_cpp__visibility_control.h
[1.327s] -- Up-to-date: /home/toni/toni_umrt_ros/install/telemetry_interfaces/lib/libFILES__rosidl_typesupport_fastrtps_cpp.so
[1.328s] -- Up-to-date: /home/toni/toni_umrt_ros/install/telemetry_interfaces/include/telemetry_interfaces/telemetry_interfaces
[1.328s] -- Up-to-date: /home/toni/toni_umrt_ros/install/telemetry_interfaces/include/telemetry_interfaces/telemetry_interfaces/msg
[1.328s] -- Up-to-date: /home/toni/toni_umrt_ros/install/telemetry_interfaces/include/telemetry_interfaces/telemetry_interfaces/msg/detail
[1.328s] -- Up-to-date: /home/toni/toni_umrt_ros/install/telemetry_interfaces/include/telemetry_interfaces/telemetry_interfaces/msg/detail/imu__type_support.cpp
[1.328s] -- Up-to-date: /home/toni/toni_umrt_ros/install/telemetry_interfaces/include/telemetry_interfaces/telemetry_interfaces/msg/detail/imu__rosidl_typesupport_introspection_cpp.hpp
[1.329s] -- Up-to-date: /home/toni/toni_umrt_ros/install/telemetry_interfaces/include/telemetry_interfaces/telemetry_interfaces/msg/detail/gps__type_support.cpp
[1.329s] -- Up-to-date: /home/toni/toni_umrt_ros/install/telemetry_interfaces/include/telemetry_interfaces/telemetry_interfaces/msg/detail/telemetry__type_support.cpp
[1.329s] -- Up-to-date: /home/toni/toni_umrt_ros/install/telemetry_interfaces/include/telemetry_interfaces/telemetry_interfaces/msg/detail/telemetry__rosidl_typesupport_introspection_cpp.hpp
[1.329s] -- Up-to-date: /home/toni/toni_umrt_ros/install/telemetry_interfaces/include/telemetry_interfaces/telemetry_interfaces/msg/detail/gps__rosidl_typesupport_introspection_cpp.hpp
[1.329s] -- Up-to-date: /home/toni/toni_umrt_ros/install/telemetry_interfaces/lib/libFILES__rosidl_typesupport_introspection_cpp.so
[1.330s] -- Up-to-date: /home/toni/toni_umrt_ros/install/telemetry_interfaces/lib/libFILES__rosidl_typesupport_cpp.so
[1.330s] -- Up-to-date: /home/toni/toni_umrt_ros/install/telemetry_interfaces/share/telemetry_interfaces/environment/pythonpath.sh
[1.331s] -- Up-to-date: /home/toni/toni_umrt_ros/install/telemetry_interfaces/share/telemetry_interfaces/environment/pythonpath.dsv
[1.331s] -- Up-to-date: /home/toni/toni_umrt_ros/install/telemetry_interfaces/lib/python3.12/site-packages/telemetry_interfaces-0.0.0-py3.12.egg-info
[1.331s] -- Installing: /home/toni/toni_umrt_ros/install/telemetry_interfaces/lib/python3.12/site-packages/telemetry_interfaces-0.0.0-py3.12.egg-info/SOURCES.txt
[1.331s] -- Installing: /home/toni/toni_umrt_ros/install/telemetry_interfaces/lib/python3.12/site-packages/telemetry_interfaces-0.0.0-py3.12.egg-info/dependency_links.txt
[1.332s] -- Installing: /home/toni/toni_umrt_ros/install/telemetry_interfaces/lib/python3.12/site-packages/telemetry_interfaces-0.0.0-py3.12.egg-info/top_level.txt
[1.332s] -- Installing: /home/toni/toni_umrt_ros/install/telemetry_interfaces/lib/python3.12/site-packages/telemetry_interfaces-0.0.0-py3.12.egg-info/PKG-INFO
[1.332s] -- Up-to-date: /home/toni/toni_umrt_ros/install/telemetry_interfaces/lib/python3.12/site-packages/telemetry_interfaces
[1.332s] -- Up-to-date: /home/toni/toni_umrt_ros/install/telemetry_interfaces/lib/python3.12/site-packages/telemetry_interfaces/_telemetry_interfaces_s.ep.rosidl_typesupport_introspection_c.c
[1.332s] -- Up-to-date: /home/toni/toni_umrt_ros/install/telemetry_interfaces/lib/python3.12/site-packages/telemetry_interfaces/telemetry_interfaces_s__rosidl_typesupport_fastrtps_c.so
[1.333s] -- Up-to-date: /home/toni/toni_umrt_ros/install/telemetry_interfaces/lib/python3.12/site-packages/telemetry_interfaces/telemetry_interfaces_s__rosidl_typesupport_introspection_c.so
[1.333s] -- Up-to-date: /home/toni/toni_umrt_ros/install/telemetry_interfaces/lib/python3.12/site-packages/telemetry_interfaces/msg
[1.334s] -- Up-to-date: /home/toni/toni_umrt_ros/install/telemetry_interfaces/lib/python3.12/site-packages/telemetry_interfaces/msg/_gps.py
[1.334s] -- Up-to-date: /home/toni/toni_umrt_ros/install/telemetry_interfaces/lib/python3.12/site-packages/telemetry_interfaces/msg/_telemetry.py
[1.335s] -- Up-to-date: /home/toni/toni_umrt_ros/install/telemetry_interfaces/lib/python3.12/site-packages/telemetry_interfaces/msg/_imu.py
[1.335s] -- Up-to-date: /home/toni/toni_umrt_ros/install/telemetry_interfaces/lib/python3.12/site-packages/telemetry_interfaces/msg/_telemetry_s.c
[1.335s] -- Up-to-date: /home/toni/toni_umrt_ros/install/telemetry_interfaces/lib/python3.12/site-packages/telemetry_interfaces/msg/_gps_s.c
[1.336s] -- Up-to-date: /home/toni/toni_umrt_ros/install/telemetry_interfaces/lib/python3.12/site-packages/telemetry_interfaces/msg/__init__.py
[1.336s] -- Up-to-date: /home/toni/toni_umrt_ros/install/telemetry_interfaces/lib/python3.12/site-packages/telemetry_interfaces/msg/_imu_s.c
[1.336s] -- Up-to-date: /home/toni/toni_umrt_ros/install/telemetry_interfaces/lib/python3.12/site-packages/telemetry_interfaces/_telemetry_interfaces_s.ep.rosidl_typesupport_fastrtps_c.c
[1.336s] -- Up-to-date: /home/toni/toni_umrt_ros/install/telemetry_interfaces/lib/python3.12/site-packages/telemetry_interfaces/telemetry_interfaces_s__rosidl_typesupport_c.so
[1.337s] -- Up-to-date: /home/toni/toni_umrt_ros/install/telemetry_interfaces/lib/python3.12/site-packages/telemetry_interfaces/_telemetry_interfaces_s.ep.rosidl_typesupport_c.c
[1.337s] -- Up-to-date: /home/toni/toni_umrt_ros/install/telemetry_interfaces/lib/python3.12/site-packages/telemetry_interfaces/__init__.py
[1.404s] Listing '/home/toni/toni_umrt_ros/install/telemetry_interfaces/lib/python3.12/site-packages/telemetry_interfaces'...
[1.404s] Listing '/home/toni/toni_umrt_ros/install/telemetry_interfaces/lib/python3.12/site-packages/telemetry_interfaces/msg'...
[1.415s] -- Up-to-date: /home/toni/toni_umrt_ros/install/telemetry_interfaces/lib/python3.12/site-packages/telemetry_interfaces/telemetry_interfaces_s__rosidl_typesupport_fastrtps_c.so
[1.416s] -- Up-to-date: /home/toni/toni_umrt_ros/install/telemetry_interfaces/lib/python3.12/site-packages/telemetry_interfaces/telemetry_interfaces_s__rosidl_typesupport_introspection_c.so
[1.417s] -- Up-to-date: /home/toni/toni_umrt_ros/install/telemetry_interfaces/lib/python3.12/site-packages/telemetry_interfaces/telemetry_interfaces_s__rosidl_typesupport_c.so
[1.417s] -- Up-to-date: /home/toni/toni_umrt_ros/install/telemetry_interfaces/lib/libFILES__rosidl_generator_py.so
[1.418s] -- Up-to-date: /home/toni/toni_umrt_ros/install/telemetry_interfaces/share/telemetry_interfaces/msg/Telemetry.idl
[1.418s] -- Up-to-date: /home/toni/toni_umrt_ros/install/telemetry_interfaces/share/telemetry_interfaces/msg/Gps.idl
[1.419s] -- Up-to-date: /home/toni/toni_umrt_ros/install/telemetry_interfaces/share/telemetry_interfaces/msg/Imu.idl
[1.419s] -- Up-to-date: /home/toni/toni_umrt_ros/install/telemetry_interfaces/share/telemetry_interfaces/msg/Telemetry.msg
[1.419s] -- Up-to-date: /home/toni/toni_umrt_ros/install/telemetry_interfaces/share/telemetry_interfaces/msg/Gps.msg
[1.419s] -- Up-to-date: /home/toni/toni_umrt_ros/install/telemetry_interfaces/share/telemetry_interfaces/msg/Imu.msg
[1.420s] -- Up-to-date: /home/toni/toni_umrt_ros/install/telemetry_interfaces/share/ament_index/resource_index/package_run_dependencies/telemetry_interfaces
[1.420s] -- Up-to-date: /home/toni/toni_umrt_ros/install/telemetry_interfaces/share/ament_index/resource_index/parent_prefix_path/telemetry_interfaces
[1.420s] -- Up-to-date: /home/toni/toni_umrt_ros/install/telemetry_interfaces/share/telemetry_interfaces/environment/ament_prefix_path.sh
[1.420s] -- Up-to-date: /home/toni/toni_umrt_ros/install/telemetry_interfaces/share/telemetry_interfaces/environment/ament_prefix_path.dsv
[1.420s] -- Up-to-date: /home/toni/toni_umrt_ros/install/telemetry_interfaces/share/telemetry_interfaces/environment/path.sh
[1.420s] -- Up-to-date: /home/toni/toni_umrt_ros/install/telemetry_interfaces/share/telemetry_interfaces/environment/path.dsv
[1.421s] -- Up-to-date: /home/toni/toni_umrt_ros/install/telemetry_interfaces/share/telemetry_interfaces/local_setup.bash
[1.421s] -- Up-to-date: /home/toni/toni_umrt_ros/install/telemetry_interfaces/share/telemetry_interfaces/local_setup.sh
[1.421s] -- Up-to-date: /home/toni/toni_umrt_ros/install/telemetry_interfaces/share/telemetry_interfaces/local_setup.zsh
[1.421s] -- Up-to-date: /home/toni/toni_umrt_ros/install/telemetry_interfaces/share/telemetry_interfaces/local_setup.dsv
[1.421s] -- Installing: /home/toni/toni_umrt_ros/install/telemetry_interfaces/share/telemetry_interfaces/package.dsv
[1.422s] -- Up-to-date: /home/toni/toni_umrt_ros/install/telemetry_interfaces/share/ament_index/resource_index/packages/telemetry_interfaces
[1.422s] -- Up-to-date: /home/toni/toni_umrt_ros/install/telemetry_interfaces/share/telemetry_interfaces/cmake/export_FILES__rosidl_generator_cExport.cmake
[1.422s] -- Up-to-date: /home/toni/toni_umrt_ros/install/telemetry_interfaces/share/telemetry_interfaces/cmake/export_FILES__rosidl_generator_cExport-noconfig.cmake
[1.422s] -- Up-to-date: /home/toni/toni_umrt_ros/install/telemetry_interfaces/share/telemetry_interfaces/cmake/export_FILES__rosidl_typesupport_fastrtps_cExport.cmake
[1.422s] -- Up-to-date: /home/toni/toni_umrt_ros/install/telemetry_interfaces/share/telemetry_interfaces/cmake/export_FILES__rosidl_typesupport_fastrtps_cExport-noconfig.cmake
[1.423s] -- Up-to-date: /home/toni/toni_umrt_ros/install/telemetry_interfaces/share/telemetry_interfaces/cmake/FILES__rosidl_typesupport_introspection_cExport.cmake
[1.423s] -- Up-to-date: /home/toni/toni_umrt_ros/install/telemetry_interfaces/share/telemetry_interfaces/cmake/FILES__rosidl_typesupport_introspection_cExport-noconfig.cmake
[1.423s] -- Up-to-date: /home/toni/toni_umrt_ros/install/telemetry_interfaces/share/telemetry_interfaces/cmake/FILES__rosidl_typesupport_cExport.cmake
[1.423s] -- Up-to-date: /home/toni/toni_umrt_ros/install/telemetry_interfaces/share/telemetry_interfaces/cmake/FILES__rosidl_typesupport_cExport-noconfig.cmake
[1.423s] -- Up-to-date: /home/toni/toni_umrt_ros/install/telemetry_interfaces/share/telemetry_interfaces/cmake/export_FILES__rosidl_generator_cppExport.cmake
[1.423s] -- Up-to-date: /home/toni/toni_umrt_ros/install/telemetry_interfaces/share/telemetry_interfaces/cmake/export_FILES__rosidl_typesupport_fastrtps_cppExport.cmake
[1.424s] -- Up-to-date: /home/toni/toni_umrt_ros/install/telemetry_interfaces/share/telemetry_interfaces/cmake/export_FILES__rosidl_typesupport_fastrtps_cppExport-noconfig.cmake
[1.424s] -- Up-to-date: /home/toni/toni_umrt_ros/install/telemetry_interfaces/share/telemetry_interfaces/cmake/FILES__rosidl_typesupport_introspection_cppExport.cmake
[1.424s] -- Up-to-date: /home/toni/toni_umrt_ros/install/telemetry_interfaces/share/telemetry_interfaces/cmake/FILES__rosidl_typesupport_introspection_cppExport-noconfig.cmake
[1.424s] -- Up-to-date: /home/toni/toni_umrt_ros/install/telemetry_interfaces/share/telemetry_interfaces/cmake/FILES__rosidl_typesupport_cppExport.cmake
[1.425s] -- Up-to-date: /home/toni/toni_umrt_ros/install/telemetry_interfaces/share/telemetry_interfaces/cmake/FILES__rosidl_typesupport_cppExport-noconfig.cmake
[1.425s] -- Up-to-date: /home/toni/toni_umrt_ros/install/telemetry_interfaces/share/telemetry_interfaces/cmake/export_FILES__rosidl_generator_pyExport.cmake
[1.425s] -- Up-to-date: /home/toni/toni_umrt_ros/install/telemetry_interfaces/share/telemetry_interfaces/cmake/export_FILES__rosidl_generator_pyExport-noconfig.cmake
[1.425s] -- Up-to-date: /home/toni/toni_umrt_ros/install/telemetry_interfaces/share/telemetry_interfaces/cmake/rosidl_cmake-extras.cmake
[1.425s] -- Up-to-date: /home/toni/toni_umrt_ros/install/telemetry_interfaces/share/telemetry_interfaces/cmake/ament_cmake_export_include_directories-extras.cmake
[1.425s] -- Up-to-date: /home/toni/toni_umrt_ros/install/telemetry_interfaces/share/telemetry_interfaces/cmake/ament_cmake_export_libraries-extras.cmake
[1.426s] -- Up-to-date: /home/toni/toni_umrt_ros/install/telemetry_interfaces/share/telemetry_interfaces/cmake/ament_cmake_export_targets-extras.cmake
[1.426s] -- Up-to-date: /home/toni/toni_umrt_ros/install/telemetry_interfaces/share/telemetry_interfaces/cmake/rosidl_cmake_export_typesupport_targets-extras.cmake
[1.426s] -- Up-to-date: /home/toni/toni_umrt_ros/install/telemetry_interfaces/share/telemetry_interfaces/cmake/ament_cmake_export_dependencies-extras.cmake
[1.426s] -- Up-to-date: /home/toni/toni_umrt_ros/install/telemetry_interfaces/share/telemetry_interfaces/cmake/rosidl_cmake_export_typesupport_libraries-extras.cmake
[1.426s] -- Up-to-date: /home/toni/toni_umrt_ros/install/telemetry_interfaces/share/telemetry_interfaces/cmake/telemetry_interfacesConfig.cmake
[1.426s] -- Up-to-date: /home/toni/toni_umrt_ros/install/telemetry_interfaces/share/telemetry_interfaces/cmake/telemetry_interfacesConfig-version.cmake
[1.426s] -- Up-to-date: /home/toni/toni_umrt_ros/install/telemetry_interfaces/share/telemetry_interfaces/package.xml
[1.430s] Invoked command in '/home/toni/toni_umrt_ros/build/telemetry_interfaces' returned '0': CMAKE_PREFIX_PATH=${CMAKE_PREFIX_PATH}:/opt/ros/rolling DEBUGINFOD_URLS=https://debuginfod.ubuntu.com /usr/bin/cmake --install /home/toni/toni_umrt_ros/build/telemetry_interfaces
