[0.077s] DEBUG:colcon:Command line arguments: ['/usr/bin/colcon', 'build', '--packages-select', 'telemetry_interfaces']
[0.077s] DEBUG:colcon:Parsed command line arguments: Namespace(log_base=None, log_level=None, verb_name='build', build_base='build', install_base='install', merge_install=False, symlink_install=False, test_result_base=None, continue_on_error=False, executor='parallel', parallel_workers=4, event_handlers=None, ignore_user_meta=False, metas=['./colcon.meta'], base_paths=['.'], packages_ignore=None, packages_ignore_regex=None, paths=None, packages_up_to=None, packages_up_to_regex=None, packages_above=None, packages_above_and_dependencies=None, packages_above_depth=None, packages_select_by_dep=None, packages_skip_by_dep=None, packages_skip_up_to=None, packages_select_build_failed=False, packages_skip_build_finished=False, packages_select_test_failures=False, packages_skip_test_passed=False, packages_select=['telemetry_interfaces'], packages_skip=None, packages_select_regex=None, packages_skip_regex=None, packages_start=None, packages_end=None, allow_overriding=[], cmake_args=None, cmake_target=None, cmake_target_skip_unavailable=False, cmake_clean_cache=False, cmake_clean_first=False, cmake_force_configure=False, ament_cmake_args=None, catkin_cmake_args=None, catkin_skip_building_tests=False, mixin_files=None, mixin=None, verb_parser=<colcon_mixin.mixin.mixin_argument.MixinArgumentDecorator object at 0x700c91485940>, verb_extension=<colcon_core.verb.build.BuildVerb object at 0x700c914856a0>, main=<bound method BuildVerb.main of <colcon_core.verb.build.BuildVerb object at 0x700c914856a0>>, mixin_verb=('build',))
[0.103s] Level 1:colcon.colcon_core.package_discovery:discover_packages(colcon_meta) check parameters
[0.104s] Level 1:colcon.colcon_core.package_discovery:discover_packages(recursive) check parameters
[0.104s] Level 1:colcon.colcon_core.package_discovery:discover_packages(ignore) check parameters
[0.104s] Level 1:colcon.colcon_core.package_discovery:discover_packages(path) check parameters
[0.104s] Level 1:colcon.colcon_core.package_discovery:discover_packages(colcon_meta) discover
[0.104s] Level 1:colcon.colcon_core.package_discovery:discover_packages(recursive) discover
[0.104s] INFO:colcon.colcon_core.package_discovery:Crawling recursively for packages in '/home/toni/toni_umrt_ros'
[0.104s] Level 1:colcon.colcon_core.package_identification:_identify(.) by extensions ['ignore', 'ignore_ament_install']
[0.104s] Level 1:colcon.colcon_core.package_identification:_identify(.) by extension 'ignore'
[0.104s] Level 1:colcon.colcon_core.package_identification:_identify(.) by extension 'ignore_ament_install'
[0.104s] Level 1:colcon.colcon_core.package_identification:_identify(.) by extensions ['colcon_pkg']
[0.104s] Level 1:colcon.colcon_core.package_identification:_identify(.) by extension 'colcon_pkg'
[0.104s] Level 1:colcon.colcon_core.package_identification:_identify(.) by extensions ['colcon_meta']
[0.104s] Level 1:colcon.colcon_core.package_identification:_identify(.) by extension 'colcon_meta'
[0.104s] Level 1:colcon.colcon_core.package_identification:_identify(.) by extensions ['ros']
[0.104s] Level 1:colcon.colcon_core.package_identification:_identify(.) by extension 'ros'
[0.123s] Level 1:colcon.colcon_core.package_identification:_identify(.) by extensions ['cmake', 'python']
[0.123s] Level 1:colcon.colcon_core.package_identification:_identify(.) by extension 'cmake'
[0.123s] Level 1:colcon.colcon_core.package_identification:_identify(.) by extension 'python'
[0.123s] Level 1:colcon.colcon_core.package_identification:_identify(.) by extensions ['python_setup_py']
[0.123s] Level 1:colcon.colcon_core.package_identification:_identify(.) by extension 'python_setup_py'
[0.123s] Level 1:colcon.colcon_core.package_identification:_identify(build) by extensions ['ignore', 'ignore_ament_install']
[0.123s] Level 1:colcon.colcon_core.package_identification:_identify(build) by extension 'ignore'
[0.123s] Level 1:colcon.colcon_core.package_identification:_identify(build) ignored
[0.123s] Level 1:colcon.colcon_core.package_identification:_identify(install) by extensions ['ignore', 'ignore_ament_install']
[0.123s] Level 1:colcon.colcon_core.package_identification:_identify(install) by extension 'ignore'
[0.123s] Level 1:colcon.colcon_core.package_identification:_identify(install) ignored
[0.123s] Level 1:colcon.colcon_core.package_identification:_identify(log) by extensions ['ignore', 'ignore_ament_install']
[0.123s] Level 1:colcon.colcon_core.package_identification:_identify(log) by extension 'ignore'
[0.123s] Level 1:colcon.colcon_core.package_identification:_identify(log) ignored
[0.123s] Level 1:colcon.colcon_core.package_identification:_identify(src) by extensions ['ignore', 'ignore_ament_install']
[0.124s] Level 1:colcon.colcon_core.package_identification:_identify(src) by extension 'ignore'
[0.124s] Level 1:colcon.colcon_core.package_identification:_identify(src) by extension 'ignore_ament_install'
[0.124s] Level 1:colcon.colcon_core.package_identification:_identify(src) by extensions ['colcon_pkg']
[0.124s] Level 1:colcon.colcon_core.package_identification:_identify(src) by extension 'colcon_pkg'
[0.124s] Level 1:colcon.colcon_core.package_identification:_identify(src) by extensions ['colcon_meta']
[0.124s] Level 1:colcon.colcon_core.package_identification:_identify(src) by extension 'colcon_meta'
[0.124s] Level 1:colcon.colcon_core.package_identification:_identify(src) by extensions ['ros']
[0.124s] Level 1:colcon.colcon_core.package_identification:_identify(src) by extension 'ros'
[0.124s] Level 1:colcon.colcon_core.package_identification:_identify(src) by extensions ['cmake', 'python']
[0.124s] Level 1:colcon.colcon_core.package_identification:_identify(src) by extension 'cmake'
[0.124s] Level 1:colcon.colcon_core.package_identification:_identify(src) by extension 'python'
[0.124s] Level 1:colcon.colcon_core.package_identification:_identify(src) by extensions ['python_setup_py']
[0.124s] Level 1:colcon.colcon_core.package_identification:_identify(src) by extension 'python_setup_py'
[0.124s] Level 1:colcon.colcon_core.package_identification:_identify(src/telemetry) by extensions ['ignore', 'ignore_ament_install']
[0.124s] Level 1:colcon.colcon_core.package_identification:_identify(src/telemetry) by extension 'ignore'
[0.124s] Level 1:colcon.colcon_core.package_identification:_identify(src/telemetry) by extension 'ignore_ament_install'
[0.124s] Level 1:colcon.colcon_core.package_identification:_identify(src/telemetry) by extensions ['colcon_pkg']
[0.124s] Level 1:colcon.colcon_core.package_identification:_identify(src/telemetry) by extension 'colcon_pkg'
[0.124s] Level 1:colcon.colcon_core.package_identification:_identify(src/telemetry) by extensions ['colcon_meta']
[0.124s] Level 1:colcon.colcon_core.package_identification:_identify(src/telemetry) by extension 'colcon_meta'
[0.124s] Level 1:colcon.colcon_core.package_identification:_identify(src/telemetry) by extensions ['ros']
[0.124s] Level 1:colcon.colcon_core.package_identification:_identify(src/telemetry) by extension 'ros'
[0.126s] DEBUG:colcon.colcon_core.package_identification:Package 'src/telemetry' with type 'ros.ament_cmake' and name 'telemetry'
[0.126s] Level 1:colcon.colcon_core.package_identification:_identify(src/telemetry_interfaces) by extensions ['ignore', 'ignore_ament_install']
[0.126s] Level 1:colcon.colcon_core.package_identification:_identify(src/telemetry_interfaces) by extension 'ignore'
[0.126s] Level 1:colcon.colcon_core.package_identification:_identify(src/telemetry_interfaces) by extension 'ignore_ament_install'
[0.126s] Level 1:colcon.colcon_core.package_identification:_identify(src/telemetry_interfaces) by extensions ['colcon_pkg']
[0.126s] Level 1:colcon.colcon_core.package_identification:_identify(src/telemetry_interfaces) by extension 'colcon_pkg'
[0.126s] Level 1:colcon.colcon_core.package_identification:_identify(src/telemetry_interfaces) by extensions ['colcon_meta']
[0.126s] Level 1:colcon.colcon_core.package_identification:_identify(src/telemetry_interfaces) by extension 'colcon_meta'
[0.126s] Level 1:colcon.colcon_core.package_identification:_identify(src/telemetry_interfaces) by extensions ['ros']
[0.126s] Level 1:colcon.colcon_core.package_identification:_identify(src/telemetry_interfaces) by extension 'ros'
[0.127s] DEBUG:colcon.colcon_core.package_identification:Package 'src/telemetry_interfaces' with type 'ros.ament_cmake' and name 'telemetry_interfaces'
[0.127s] Level 1:colcon.colcon_core.package_discovery:discover_packages(recursive) using defaults
[0.127s] Level 1:colcon.colcon_core.package_discovery:discover_packages(ignore) discover
[0.127s] Level 1:colcon.colcon_core.package_discovery:discover_packages(ignore) using defaults
[0.127s] Level 1:colcon.colcon_core.package_discovery:discover_packages(path) discover
[0.127s] Level 1:colcon.colcon_core.package_discovery:discover_packages(path) using defaults
[0.139s] INFO:colcon.colcon_core.package_selection:Skipping not selected package 'telemetry' in 'src/telemetry'
[0.140s] Level 1:colcon.colcon_core.package_discovery:discover_packages(prefix_path) check parameters
[0.140s] Level 1:colcon.colcon_core.package_discovery:discover_packages(prefix_path) discover
[0.141s] DEBUG:colcon.colcon_installed_package_information.package_discovery:Found 286 installed packages in /opt/ros/rolling
[0.142s] Level 1:colcon.colcon_core.package_discovery:discover_packages(prefix_path) using defaults
[0.170s] Level 5:colcon.colcon_core.verb:set package 'telemetry_interfaces' build argument 'cmake_args' from command line to 'None'
[0.170s] Level 5:colcon.colcon_core.verb:set package 'telemetry_interfaces' build argument 'cmake_target' from command line to 'None'
[0.170s] Level 5:colcon.colcon_core.verb:set package 'telemetry_interfaces' build argument 'cmake_target_skip_unavailable' from command line to 'False'
[0.170s] Level 5:colcon.colcon_core.verb:set package 'telemetry_interfaces' build argument 'cmake_clean_cache' from command line to 'False'
[0.170s] Level 5:colcon.colcon_core.verb:set package 'telemetry_interfaces' build argument 'cmake_clean_first' from command line to 'False'
[0.170s] Level 5:colcon.colcon_core.verb:set package 'telemetry_interfaces' build argument 'cmake_force_configure' from command line to 'False'
[0.170s] Level 5:colcon.colcon_core.verb:set package 'telemetry_interfaces' build argument 'ament_cmake_args' from command line to 'None'
[0.170s] Level 5:colcon.colcon_core.verb:set package 'telemetry_interfaces' build argument 'catkin_cmake_args' from command line to 'None'
[0.170s] Level 5:colcon.colcon_core.verb:set package 'telemetry_interfaces' build argument 'catkin_skip_building_tests' from command line to 'False'
[0.170s] DEBUG:colcon.colcon_core.verb:Building package 'telemetry_interfaces' with the following arguments: {'ament_cmake_args': None, 'build_base': '/home/toni/toni_umrt_ros/build/telemetry_interfaces', 'catkin_cmake_args': None, 'catkin_skip_building_tests': False, 'cmake_args': None, 'cmake_clean_cache': False, 'cmake_clean_first': False, 'cmake_force_configure': False, 'cmake_target': None, 'cmake_target_skip_unavailable': False, 'install_base': '/home/toni/toni_umrt_ros/install/telemetry_interfaces', 'merge_install': False, 'path': '/home/toni/toni_umrt_ros/src/telemetry_interfaces', 'symlink_install': False, 'test_result_base': None}
[0.170s] INFO:colcon.colcon_core.executor:Executing jobs using 'parallel' executor
[0.171s] DEBUG:colcon.colcon_parallel_executor.executor.parallel:run_until_complete
[0.171s] INFO:colcon.colcon_ros.task.ament_cmake.build:Building ROS package in '/home/toni/toni_umrt_ros/src/telemetry_interfaces' with build type 'ament_cmake'
[0.171s] INFO:colcon.colcon_cmake.task.cmake.build:Building CMake package in '/home/toni/toni_umrt_ros/src/telemetry_interfaces'
[0.173s] INFO:colcon.colcon_core.plugin_system:Skipping extension 'colcon_core.shell.bat': Not used on non-Windows systems
[0.173s] INFO:colcon.colcon_core.shell:Skip shell extension 'powershell' for command environment: Not usable outside of PowerShell
[0.173s] DEBUG:colcon.colcon_core.shell:Skip shell extension 'dsv' for command environment
[0.189s] DEBUG:colcon.colcon_core.event_handler.log_command:Invoking command in '/home/toni/toni_umrt_ros/build/telemetry_interfaces': CMAKE_PREFIX_PATH=${CMAKE_PREFIX_PATH}:/opt/ros/rolling DEBUGINFOD_URLS=https://debuginfod.ubuntu.com /usr/bin/cmake --build /home/toni/toni_umrt_ros/build/telemetry_interfaces -- -j4 -l4
[3.807s] DEBUG:colcon.colcon_core.event_handler.log_command:Invoked command in '/home/toni/toni_umrt_ros/build/telemetry_interfaces' returned '0': CMAKE_PREFIX_PATH=${CMAKE_PREFIX_PATH}:/opt/ros/rolling DEBUGINFOD_URLS=https://debuginfod.ubuntu.com /usr/bin/cmake --build /home/toni/toni_umrt_ros/build/telemetry_interfaces -- -j4 -l4
[3.893s] DEBUG:colcon.colcon_core.event_handler.log_command:Invoking command in '/home/toni/toni_umrt_ros/build/telemetry_interfaces': CMAKE_PREFIX_PATH=${CMAKE_PREFIX_PATH}:/opt/ros/rolling DEBUGINFOD_URLS=https://debuginfod.ubuntu.com /usr/bin/cmake --install /home/toni/toni_umrt_ros/build/telemetry_interfaces
[3.972s] Level 1:colcon.colcon_core.environment:create_environment_scripts_only(telemetry_interfaces)
[3.972s] DEBUG:colcon.colcon_core.event_handler.log_command:Invoked command in '/home/toni/toni_umrt_ros/build/telemetry_interfaces' returned '0': CMAKE_PREFIX_PATH=${CMAKE_PREFIX_PATH}:/opt/ros/rolling DEBUGINFOD_URLS=https://debuginfod.ubuntu.com /usr/bin/cmake --install /home/toni/toni_umrt_ros/build/telemetry_interfaces
[3.980s] Level 1:colcon.colcon_core.environment:checking '/home/toni/toni_umrt_ros/install/telemetry_interfaces' for CMake module files
[3.981s] Level 1:colcon.colcon_core.environment:checking '/home/toni/toni_umrt_ros/install/telemetry_interfaces' for CMake config files
[3.982s] Level 1:colcon.colcon_core.shell:create_environment_hook('telemetry_interfaces', 'cmake_prefix_path')
[3.982s] INFO:colcon.colcon_core.shell:Creating environment hook '/home/toni/toni_umrt_ros/install/telemetry_interfaces/share/telemetry_interfaces/hook/cmake_prefix_path.ps1'
[3.983s] INFO:colcon.colcon_core.shell:Creating environment descriptor '/home/toni/toni_umrt_ros/install/telemetry_interfaces/share/telemetry_interfaces/hook/cmake_prefix_path.dsv'
[3.984s] INFO:colcon.colcon_core.shell:Creating environment hook '/home/toni/toni_umrt_ros/install/telemetry_interfaces/share/telemetry_interfaces/hook/cmake_prefix_path.sh'
[3.985s] Level 1:colcon.colcon_core.environment:checking '/home/toni/toni_umrt_ros/install/telemetry_interfaces/lib'
[3.985s] Level 1:colcon.colcon_core.shell:create_environment_hook('telemetry_interfaces', 'ld_library_path_lib')
[3.985s] INFO:colcon.colcon_core.shell:Creating environment hook '/home/toni/toni_umrt_ros/install/telemetry_interfaces/share/telemetry_interfaces/hook/ld_library_path_lib.ps1'
[3.985s] INFO:colcon.colcon_core.shell:Creating environment descriptor '/home/toni/toni_umrt_ros/install/telemetry_interfaces/share/telemetry_interfaces/hook/ld_library_path_lib.dsv'
[3.985s] INFO:colcon.colcon_core.shell:Creating environment hook '/home/toni/toni_umrt_ros/install/telemetry_interfaces/share/telemetry_interfaces/hook/ld_library_path_lib.sh'
[3.986s] Level 1:colcon.colcon_core.environment:checking '/home/toni/toni_umrt_ros/install/telemetry_interfaces/bin'
[3.986s] Level 1:colcon.colcon_core.environment:checking '/home/toni/toni_umrt_ros/install/telemetry_interfaces/lib/pkgconfig/telemetry_interfaces.pc'
[3.986s] Level 1:colcon.colcon_core.environment:checking '/home/toni/toni_umrt_ros/install/telemetry_interfaces/lib/python3.12/site-packages'
[3.986s] Level 1:colcon.colcon_core.shell:create_environment_hook('telemetry_interfaces', 'pythonpath')
[3.986s] INFO:colcon.colcon_core.shell:Creating environment hook '/home/toni/toni_umrt_ros/install/telemetry_interfaces/share/telemetry_interfaces/hook/pythonpath.ps1'
[3.987s] INFO:colcon.colcon_core.shell:Creating environment descriptor '/home/toni/toni_umrt_ros/install/telemetry_interfaces/share/telemetry_interfaces/hook/pythonpath.dsv'
[3.987s] INFO:colcon.colcon_core.shell:Creating environment hook '/home/toni/toni_umrt_ros/install/telemetry_interfaces/share/telemetry_interfaces/hook/pythonpath.sh'
[3.987s] Level 1:colcon.colcon_core.environment:checking '/home/toni/toni_umrt_ros/install/telemetry_interfaces/bin'
[3.987s] INFO:colcon.colcon_core.shell:Creating package script '/home/toni/toni_umrt_ros/install/telemetry_interfaces/share/telemetry_interfaces/package.ps1'
[3.988s] INFO:colcon.colcon_core.shell:Creating package descriptor '/home/toni/toni_umrt_ros/install/telemetry_interfaces/share/telemetry_interfaces/package.dsv'
[3.989s] INFO:colcon.colcon_core.shell:Creating package script '/home/toni/toni_umrt_ros/install/telemetry_interfaces/share/telemetry_interfaces/package.sh'
[3.989s] INFO:colcon.colcon_core.shell:Creating package script '/home/toni/toni_umrt_ros/install/telemetry_interfaces/share/telemetry_interfaces/package.bash'
[3.990s] INFO:colcon.colcon_core.shell:Creating package script '/home/toni/toni_umrt_ros/install/telemetry_interfaces/share/telemetry_interfaces/package.zsh'
[3.991s] Level 1:colcon.colcon_core.environment:create_file_with_runtime_dependencies(/home/toni/toni_umrt_ros/install/telemetry_interfaces/share/colcon-core/packages/telemetry_interfaces)
[4.062s] Level 1:colcon.colcon_core.environment:create_environment_scripts_only(telemetry_interfaces)
[4.062s] Level 1:colcon.colcon_core.environment:checking '/home/toni/toni_umrt_ros/install/telemetry_interfaces' for CMake module files
[4.063s] Level 1:colcon.colcon_core.environment:checking '/home/toni/toni_umrt_ros/install/telemetry_interfaces' for CMake config files
[4.063s] Level 1:colcon.colcon_core.shell:create_environment_hook('telemetry_interfaces', 'cmake_prefix_path')
[4.063s] INFO:colcon.colcon_core.shell:Creating environment hook '/home/toni/toni_umrt_ros/install/telemetry_interfaces/share/telemetry_interfaces/hook/cmake_prefix_path.ps1'
[4.064s] INFO:colcon.colcon_core.shell:Creating environment descriptor '/home/toni/toni_umrt_ros/install/telemetry_interfaces/share/telemetry_interfaces/hook/cmake_prefix_path.dsv'
[4.064s] INFO:colcon.colcon_core.shell:Creating environment hook '/home/toni/toni_umrt_ros/install/telemetry_interfaces/share/telemetry_interfaces/hook/cmake_prefix_path.sh'
[4.064s] Level 1:colcon.colcon_core.environment:checking '/home/toni/toni_umrt_ros/install/telemetry_interfaces/lib'
[4.064s] Level 1:colcon.colcon_core.shell:create_environment_hook('telemetry_interfaces', 'ld_library_path_lib')
[4.065s] INFO:colcon.colcon_core.shell:Creating environment hook '/home/toni/toni_umrt_ros/install/telemetry_interfaces/share/telemetry_interfaces/hook/ld_library_path_lib.ps1'
[4.065s] INFO:colcon.colcon_core.shell:Creating environment descriptor '/home/toni/toni_umrt_ros/install/telemetry_interfaces/share/telemetry_interfaces/hook/ld_library_path_lib.dsv'
[4.065s] INFO:colcon.colcon_core.shell:Creating environment hook '/home/toni/toni_umrt_ros/install/telemetry_interfaces/share/telemetry_interfaces/hook/ld_library_path_lib.sh'
[4.065s] Level 1:colcon.colcon_core.environment:checking '/home/toni/toni_umrt_ros/install/telemetry_interfaces/bin'
[4.065s] Level 1:colcon.colcon_core.environment:checking '/home/toni/toni_umrt_ros/install/telemetry_interfaces/lib/pkgconfig/telemetry_interfaces.pc'
[4.066s] Level 1:colcon.colcon_core.environment:checking '/home/toni/toni_umrt_ros/install/telemetry_interfaces/lib/python3.12/site-packages'
[4.066s] Level 1:colcon.colcon_core.shell:create_environment_hook('telemetry_interfaces', 'pythonpath')
[4.066s] INFO:colcon.colcon_core.shell:Creating environment hook '/home/toni/toni_umrt_ros/install/telemetry_interfaces/share/telemetry_interfaces/hook/pythonpath.ps1'
[4.066s] INFO:colcon.colcon_core.shell:Creating environment descriptor '/home/toni/toni_umrt_ros/install/telemetry_interfaces/share/telemetry_interfaces/hook/pythonpath.dsv'
[4.066s] INFO:colcon.colcon_core.shell:Creating environment hook '/home/toni/toni_umrt_ros/install/telemetry_interfaces/share/telemetry_interfaces/hook/pythonpath.sh'
[4.067s] Level 1:colcon.colcon_core.environment:checking '/home/toni/toni_umrt_ros/install/telemetry_interfaces/bin'
[4.067s] INFO:colcon.colcon_core.shell:Creating package script '/home/toni/toni_umrt_ros/install/telemetry_interfaces/share/telemetry_interfaces/package.ps1'
[4.067s] INFO:colcon.colcon_core.shell:Creating package descriptor '/home/toni/toni_umrt_ros/install/telemetry_interfaces/share/telemetry_interfaces/package.dsv'
[4.068s] INFO:colcon.colcon_core.shell:Creating package script '/home/toni/toni_umrt_ros/install/telemetry_interfaces/share/telemetry_interfaces/package.sh'
[4.068s] INFO:colcon.colcon_core.shell:Creating package script '/home/toni/toni_umrt_ros/install/telemetry_interfaces/share/telemetry_interfaces/package.bash'
[4.068s] INFO:colcon.colcon_core.shell:Creating package script '/home/toni/toni_umrt_ros/install/telemetry_interfaces/share/telemetry_interfaces/package.zsh'
[4.069s] Level 1:colcon.colcon_core.environment:create_file_with_runtime_dependencies(/home/toni/toni_umrt_ros/install/telemetry_interfaces/share/colcon-core/packages/telemetry_interfaces)
[4.069s] DEBUG:colcon.colcon_parallel_executor.executor.parallel:closing loop
[4.069s] DEBUG:colcon.colcon_parallel_executor.executor.parallel:loop closed
[4.070s] DEBUG:colcon.colcon_parallel_executor.executor.parallel:run_until_complete finished with '0'
[4.070s] DEBUG:colcon.colcon_core.event_reactor:joining thread
[4.075s] INFO:colcon.colcon_core.plugin_system:Skipping extension 'colcon_notification.desktop_notification.terminal_notifier': Not used on non-Darwin systems
[4.076s] INFO:colcon.colcon_core.plugin_system:Skipping extension 'colcon_notification.desktop_notification.win32': Not used on non-Windows systems
[4.076s] INFO:colcon.colcon_notification.desktop_notification:Sending desktop notification using 'notify2'
[4.088s] DEBUG:colcon.colcon_core.event_reactor:joined thread
[4.088s] INFO:colcon.colcon_core.shell:Creating prefix script '/home/toni/toni_umrt_ros/install/local_setup.ps1'
[4.089s] INFO:colcon.colcon_core.shell:Creating prefix util module '/home/toni/toni_umrt_ros/install/_local_setup_util_ps1.py'
[4.090s] INFO:colcon.colcon_core.shell:Creating prefix chain script '/home/toni/toni_umrt_ros/install/setup.ps1'
[4.091s] INFO:colcon.colcon_core.shell:Creating prefix script '/home/toni/toni_umrt_ros/install/local_setup.sh'
[4.091s] INFO:colcon.colcon_core.shell:Creating prefix util module '/home/toni/toni_umrt_ros/install/_local_setup_util_sh.py'
[4.091s] INFO:colcon.colcon_core.shell:Creating prefix chain script '/home/toni/toni_umrt_ros/install/setup.sh'
[4.092s] INFO:colcon.colcon_core.shell:Creating prefix script '/home/toni/toni_umrt_ros/install/local_setup.bash'
[4.093s] INFO:colcon.colcon_core.shell:Creating prefix chain script '/home/toni/toni_umrt_ros/install/setup.bash'
[4.093s] INFO:colcon.colcon_core.shell:Creating prefix script '/home/toni/toni_umrt_ros/install/local_setup.zsh'
[4.094s] INFO:colcon.colcon_core.shell:Creating prefix chain script '/home/toni/toni_umrt_ros/install/setup.zsh'
