[0.077s] DEBUG:colcon:Command line arguments: ['/usr/bin/colcon', 'build']
[0.077s] DEBUG:colcon:Parsed command line arguments: Namespace(log_base=None, log_level=None, verb_name='build', build_base='build', install_base='install', merge_install=False, symlink_install=False, test_result_base=None, continue_on_error=False, executor='parallel', parallel_workers=4, event_handlers=None, ignore_user_meta=False, metas=['./colcon.meta'], base_paths=['.'], packages_ignore=None, packages_ignore_regex=None, paths=None, packages_up_to=None, packages_up_to_regex=None, packages_above=None, packages_above_and_dependencies=None, packages_above_depth=None, packages_select_by_dep=None, packages_skip_by_dep=None, packages_skip_up_to=None, packages_select_build_failed=False, packages_skip_build_finished=False, packages_select_test_failures=False, packages_skip_test_passed=False, packages_select=None, packages_skip=None, packages_select_regex=None, packages_skip_regex=None, packages_start=None, packages_end=None, allow_overriding=[], cmake_args=None, cmake_target=None, cmake_target_skip_unavailable=False, cmake_clean_cache=False, cmake_clean_first=False, cmake_force_configure=False, ament_cmake_args=None, catkin_cmake_args=None, catkin_skip_building_tests=False, mixin_files=None, mixin=None, verb_parser=<colcon_mixin.mixin.mixin_argument.MixinArgumentDecorator object at 0x77480367da00>, verb_extension=<colcon_core.verb.build.BuildVerb object at 0x77480367d460>, main=<bound method BuildVerb.main of <colcon_core.verb.build.BuildVerb object at 0x77480367d460>>, mixin_verb=('build',))
[0.103s] Level 1:colcon.colcon_core.package_discovery:discover_packages(colcon_meta) check parameters
[0.103s] Level 1:colcon.colcon_core.package_discovery:discover_packages(recursive) check parameters
[0.103s] Level 1:colcon.colcon_core.package_discovery:discover_packages(ignore) check parameters
[0.103s] Level 1:colcon.colcon_core.package_discovery:discover_packages(path) check parameters
[0.103s] Level 1:colcon.colcon_core.package_discovery:discover_packages(colcon_meta) discover
[0.103s] Level 1:colcon.colcon_core.package_discovery:discover_packages(recursive) discover
[0.103s] INFO:colcon.colcon_core.package_discovery:Crawling recursively for packages in '/home/toni/toni_umrt_ros'
[0.103s] Level 1:colcon.colcon_core.package_identification:_identify(.) by extensions ['ignore', 'ignore_ament_install']
[0.104s] Level 1:colcon.colcon_core.package_identification:_identify(.) by extension 'ignore'
[0.104s] Level 1:colcon.colcon_core.package_identification:_identify(.) by extension 'ignore_ament_install'
[0.104s] Level 1:colcon.colcon_core.package_identification:_identify(.) by extensions ['colcon_pkg']
[0.104s] Level 1:colcon.colcon_core.package_identification:_identify(.) by extension 'colcon_pkg'
[0.104s] Level 1:colcon.colcon_core.package_identification:_identify(.) by extensions ['colcon_meta']
[0.104s] Level 1:colcon.colcon_core.package_identification:_identify(.) by extension 'colcon_meta'
[0.104s] Level 1:colcon.colcon_core.package_identification:_identify(.) by extensions ['ros']
[0.104s] Level 1:colcon.colcon_core.package_identification:_identify(.) by extension 'ros'
[0.122s] Level 1:colcon.colcon_core.package_identification:_identify(.) by extensions ['cmake', 'python']
[0.123s] Level 1:colcon.colcon_core.package_identification:_identify(.) by extension 'cmake'
[0.123s] Level 1:colcon.colcon_core.package_identification:_identify(.) by extension 'python'
[0.123s] Level 1:colcon.colcon_core.package_identification:_identify(.) by extensions ['python_setup_py']
[0.123s] Level 1:colcon.colcon_core.package_identification:_identify(.) by extension 'python_setup_py'
[0.123s] Level 1:colcon.colcon_core.package_identification:_identify(build) by extensions ['ignore', 'ignore_ament_install']
[0.123s] Level 1:colcon.colcon_core.package_identification:_identify(build) by extension 'ignore'
[0.123s] Level 1:colcon.colcon_core.package_identification:_identify(build) ignored
[0.123s] Level 1:colcon.colcon_core.package_identification:_identify(install) by extensions ['ignore', 'ignore_ament_install']
[0.123s] Level 1:colcon.colcon_core.package_identification:_identify(install) by extension 'ignore'
[0.123s] Level 1:colcon.colcon_core.package_identification:_identify(install) ignored
[0.123s] Level 1:colcon.colcon_core.package_identification:_identify(log) by extensions ['ignore', 'ignore_ament_install']
[0.123s] Level 1:colcon.colcon_core.package_identification:_identify(log) by extension 'ignore'
[0.123s] Level 1:colcon.colcon_core.package_identification:_identify(log) ignored
[0.123s] Level 1:colcon.colcon_core.package_identification:_identify(src) by extensions ['ignore', 'ignore_ament_install']
[0.123s] Level 1:colcon.colcon_core.package_identification:_identify(src) by extension 'ignore'
[0.123s] Level 1:colcon.colcon_core.package_identification:_identify(src) by extension 'ignore_ament_install'
[0.123s] Level 1:colcon.colcon_core.package_identification:_identify(src) by extensions ['colcon_pkg']
[0.123s] Level 1:colcon.colcon_core.package_identification:_identify(src) by extension 'colcon_pkg'
[0.123s] Level 1:colcon.colcon_core.package_identification:_identify(src) by extensions ['colcon_meta']
[0.123s] Level 1:colcon.colcon_core.package_identification:_identify(src) by extension 'colcon_meta'
[0.123s] Level 1:colcon.colcon_core.package_identification:_identify(src) by extensions ['ros']
[0.123s] Level 1:colcon.colcon_core.package_identification:_identify(src) by extension 'ros'
[0.123s] Level 1:colcon.colcon_core.package_identification:_identify(src) by extensions ['cmake', 'python']
[0.123s] Level 1:colcon.colcon_core.package_identification:_identify(src) by extension 'cmake'
[0.124s] Level 1:colcon.colcon_core.package_identification:_identify(src) by extension 'python'
[0.124s] Level 1:colcon.colcon_core.package_identification:_identify(src) by extensions ['python_setup_py']
[0.124s] Level 1:colcon.colcon_core.package_identification:_identify(src) by extension 'python_setup_py'
[0.124s] Level 1:colcon.colcon_core.package_identification:_identify(src/telemetry) by extensions ['ignore', 'ignore_ament_install']
[0.124s] Level 1:colcon.colcon_core.package_identification:_identify(src/telemetry) by extension 'ignore'
[0.124s] Level 1:colcon.colcon_core.package_identification:_identify(src/telemetry) by extension 'ignore_ament_install'
[0.124s] Level 1:colcon.colcon_core.package_identification:_identify(src/telemetry) by extensions ['colcon_pkg']
[0.124s] Level 1:colcon.colcon_core.package_identification:_identify(src/telemetry) by extension 'colcon_pkg'
[0.124s] Level 1:colcon.colcon_core.package_identification:_identify(src/telemetry) by extensions ['colcon_meta']
[0.124s] Level 1:colcon.colcon_core.package_identification:_identify(src/telemetry) by extension 'colcon_meta'
[0.124s] Level 1:colcon.colcon_core.package_identification:_identify(src/telemetry) by extensions ['ros']
[0.124s] Level 1:colcon.colcon_core.package_identification:_identify(src/telemetry) by extension 'ros'
[0.126s] DEBUG:colcon.colcon_core.package_identification:Package 'src/telemetry' with type 'ros.ament_cmake' and name 'telemetry'
[0.126s] Level 1:colcon.colcon_core.package_identification:_identify(src/telemetry_interfaces) by extensions ['ignore', 'ignore_ament_install']
[0.126s] Level 1:colcon.colcon_core.package_identification:_identify(src/telemetry_interfaces) by extension 'ignore'
[0.126s] Level 1:colcon.colcon_core.package_identification:_identify(src/telemetry_interfaces) by extension 'ignore_ament_install'
[0.126s] Level 1:colcon.colcon_core.package_identification:_identify(src/telemetry_interfaces) by extensions ['colcon_pkg']
[0.126s] Level 1:colcon.colcon_core.package_identification:_identify(src/telemetry_interfaces) by extension 'colcon_pkg'
[0.126s] Level 1:colcon.colcon_core.package_identification:_identify(src/telemetry_interfaces) by extensions ['colcon_meta']
[0.126s] Level 1:colcon.colcon_core.package_identification:_identify(src/telemetry_interfaces) by extension 'colcon_meta'
[0.126s] Level 1:colcon.colcon_core.package_identification:_identify(src/telemetry_interfaces) by extensions ['ros']
[0.126s] Level 1:colcon.colcon_core.package_identification:_identify(src/telemetry_interfaces) by extension 'ros'
[0.126s] DEBUG:colcon.colcon_core.package_identification:Package 'src/telemetry_interfaces' with type 'ros.ament_cmake' and name 'telemetry_interfaces'
[0.126s] Level 1:colcon.colcon_core.package_discovery:discover_packages(recursive) using defaults
[0.126s] Level 1:colcon.colcon_core.package_discovery:discover_packages(ignore) discover
[0.126s] Level 1:colcon.colcon_core.package_discovery:discover_packages(ignore) using defaults
[0.126s] Level 1:colcon.colcon_core.package_discovery:discover_packages(path) discover
[0.126s] Level 1:colcon.colcon_core.package_discovery:discover_packages(path) using defaults
[0.139s] Level 1:colcon.colcon_core.package_discovery:discover_packages(prefix_path) check parameters
[0.139s] Level 1:colcon.colcon_core.package_discovery:discover_packages(prefix_path) discover
[0.140s] DEBUG:colcon.colcon_installed_package_information.package_discovery:Found 2 installed packages in /home/toni/toni_umrt_ros/install
[0.142s] DEBUG:colcon.colcon_installed_package_information.package_discovery:Found 286 installed packages in /opt/ros/rolling
[0.142s] Level 1:colcon.colcon_core.package_discovery:discover_packages(prefix_path) using defaults
[0.171s] Level 5:colcon.colcon_core.verb:set package 'telemetry_interfaces' build argument 'cmake_args' from command line to 'None'
[0.171s] Level 5:colcon.colcon_core.verb:set package 'telemetry_interfaces' build argument 'cmake_target' from command line to 'None'
[0.171s] Level 5:colcon.colcon_core.verb:set package 'telemetry_interfaces' build argument 'cmake_target_skip_unavailable' from command line to 'False'
[0.171s] Level 5:colcon.colcon_core.verb:set package 'telemetry_interfaces' build argument 'cmake_clean_cache' from command line to 'False'
[0.171s] Level 5:colcon.colcon_core.verb:set package 'telemetry_interfaces' build argument 'cmake_clean_first' from command line to 'False'
[0.171s] Level 5:colcon.colcon_core.verb:set package 'telemetry_interfaces' build argument 'cmake_force_configure' from command line to 'False'
[0.171s] Level 5:colcon.colcon_core.verb:set package 'telemetry_interfaces' build argument 'ament_cmake_args' from command line to 'None'
[0.171s] Level 5:colcon.colcon_core.verb:set package 'telemetry_interfaces' build argument 'catkin_cmake_args' from command line to 'None'
[0.171s] Level 5:colcon.colcon_core.verb:set package 'telemetry_interfaces' build argument 'catkin_skip_building_tests' from command line to 'False'
[0.171s] DEBUG:colcon.colcon_core.verb:Building package 'telemetry_interfaces' with the following arguments: {'ament_cmake_args': None, 'build_base': '/home/toni/toni_umrt_ros/build/telemetry_interfaces', 'catkin_cmake_args': None, 'catkin_skip_building_tests': False, 'cmake_args': None, 'cmake_clean_cache': False, 'cmake_clean_first': False, 'cmake_force_configure': False, 'cmake_target': None, 'cmake_target_skip_unavailable': False, 'install_base': '/home/toni/toni_umrt_ros/install/telemetry_interfaces', 'merge_install': False, 'path': '/home/toni/toni_umrt_ros/src/telemetry_interfaces', 'symlink_install': False, 'test_result_base': None}
[0.171s] Level 5:colcon.colcon_core.verb:set package 'telemetry' build argument 'cmake_args' from command line to 'None'
[0.171s] Level 5:colcon.colcon_core.verb:set package 'telemetry' build argument 'cmake_target' from command line to 'None'
[0.171s] Level 5:colcon.colcon_core.verb:set package 'telemetry' build argument 'cmake_target_skip_unavailable' from command line to 'False'
[0.171s] Level 5:colcon.colcon_core.verb:set package 'telemetry' build argument 'cmake_clean_cache' from command line to 'False'
[0.171s] Level 5:colcon.colcon_core.verb:set package 'telemetry' build argument 'cmake_clean_first' from command line to 'False'
[0.171s] Level 5:colcon.colcon_core.verb:set package 'telemetry' build argument 'cmake_force_configure' from command line to 'False'
[0.171s] Level 5:colcon.colcon_core.verb:set package 'telemetry' build argument 'ament_cmake_args' from command line to 'None'
[0.171s] Level 5:colcon.colcon_core.verb:set package 'telemetry' build argument 'catkin_cmake_args' from command line to 'None'
[0.171s] Level 5:colcon.colcon_core.verb:set package 'telemetry' build argument 'catkin_skip_building_tests' from command line to 'False'
[0.171s] DEBUG:colcon.colcon_core.verb:Building package 'telemetry' with the following arguments: {'ament_cmake_args': None, 'build_base': '/home/toni/toni_umrt_ros/build/telemetry', 'catkin_cmake_args': None, 'catkin_skip_building_tests': False, 'cmake_args': None, 'cmake_clean_cache': False, 'cmake_clean_first': False, 'cmake_force_configure': False, 'cmake_target': None, 'cmake_target_skip_unavailable': False, 'install_base': '/home/toni/toni_umrt_ros/install/telemetry', 'merge_install': False, 'path': '/home/toni/toni_umrt_ros/src/telemetry', 'symlink_install': False, 'test_result_base': None}
[0.171s] INFO:colcon.colcon_core.executor:Executing jobs using 'parallel' executor
[0.172s] DEBUG:colcon.colcon_parallel_executor.executor.parallel:run_until_complete
[0.172s] INFO:colcon.colcon_ros.task.ament_cmake.build:Building ROS package in '/home/toni/toni_umrt_ros/src/telemetry_interfaces' with build type 'ament_cmake'
[0.172s] INFO:colcon.colcon_cmake.task.cmake.build:Building CMake package in '/home/toni/toni_umrt_ros/src/telemetry_interfaces'
[0.175s] INFO:colcon.colcon_core.plugin_system:Skipping extension 'colcon_core.shell.bat': Not used on non-Windows systems
[0.175s] INFO:colcon.colcon_core.shell:Skip shell extension 'powershell' for command environment: Not usable outside of PowerShell
[0.175s] DEBUG:colcon.colcon_core.shell:Skip shell extension 'dsv' for command environment
[0.183s] DEBUG:colcon.colcon_core.event_handler.log_command:Invoking command in '/home/toni/toni_umrt_ros/build/telemetry_interfaces': CMAKE_PREFIX_PATH=${CMAKE_PREFIX_PATH}:/opt/ros/rolling DEBUGINFOD_URLS=https://debuginfod.ubuntu.com /usr/bin/cmake --build /home/toni/toni_umrt_ros/build/telemetry_interfaces -- -j4 -l4
[0.496s] DEBUG:colcon.colcon_core.event_handler.log_command:Invoked command in '/home/toni/toni_umrt_ros/build/telemetry_interfaces' returned '0': CMAKE_PREFIX_PATH=${CMAKE_PREFIX_PATH}:/opt/ros/rolling DEBUGINFOD_URLS=https://debuginfod.ubuntu.com /usr/bin/cmake --build /home/toni/toni_umrt_ros/build/telemetry_interfaces -- -j4 -l4
[0.591s] DEBUG:colcon.colcon_core.event_handler.log_command:Invoking command in '/home/toni/toni_umrt_ros/build/telemetry_interfaces': CMAKE_PREFIX_PATH=${CMAKE_PREFIX_PATH}:/opt/ros/rolling DEBUGINFOD_URLS=https://debuginfod.ubuntu.com /usr/bin/cmake --install /home/toni/toni_umrt_ros/build/telemetry_interfaces
[0.639s] Level 1:colcon.colcon_core.environment:create_environment_scripts_only(telemetry_interfaces)
[0.640s] DEBUG:colcon.colcon_core.event_handler.log_command:Invoked command in '/home/toni/toni_umrt_ros/build/telemetry_interfaces' returned '0': CMAKE_PREFIX_PATH=${CMAKE_PREFIX_PATH}:/opt/ros/rolling DEBUGINFOD_URLS=https://debuginfod.ubuntu.com /usr/bin/cmake --install /home/toni/toni_umrt_ros/build/telemetry_interfaces
[0.641s] Level 1:colcon.colcon_core.environment:checking '/home/toni/toni_umrt_ros/install/telemetry_interfaces' for CMake module files
[0.642s] Level 1:colcon.colcon_core.environment:checking '/home/toni/toni_umrt_ros/install/telemetry_interfaces' for CMake config files
[0.642s] Level 1:colcon.colcon_core.shell:create_environment_hook('telemetry_interfaces', 'cmake_prefix_path')
[0.642s] INFO:colcon.colcon_core.shell:Creating environment hook '/home/toni/toni_umrt_ros/install/telemetry_interfaces/share/telemetry_interfaces/hook/cmake_prefix_path.ps1'
[0.643s] INFO:colcon.colcon_core.shell:Creating environment descriptor '/home/toni/toni_umrt_ros/install/telemetry_interfaces/share/telemetry_interfaces/hook/cmake_prefix_path.dsv'
[0.643s] INFO:colcon.colcon_core.shell:Creating environment hook '/home/toni/toni_umrt_ros/install/telemetry_interfaces/share/telemetry_interfaces/hook/cmake_prefix_path.sh'
[0.644s] Level 1:colcon.colcon_core.environment:checking '/home/toni/toni_umrt_ros/install/telemetry_interfaces/lib'
[0.644s] Level 1:colcon.colcon_core.shell:create_environment_hook('telemetry_interfaces', 'ld_library_path_lib')
[0.644s] INFO:colcon.colcon_core.shell:Creating environment hook '/home/toni/toni_umrt_ros/install/telemetry_interfaces/share/telemetry_interfaces/hook/ld_library_path_lib.ps1'
[0.644s] INFO:colcon.colcon_core.shell:Creating environment descriptor '/home/toni/toni_umrt_ros/install/telemetry_interfaces/share/telemetry_interfaces/hook/ld_library_path_lib.dsv'
[0.644s] INFO:colcon.colcon_core.shell:Creating environment hook '/home/toni/toni_umrt_ros/install/telemetry_interfaces/share/telemetry_interfaces/hook/ld_library_path_lib.sh'
[0.645s] Level 1:colcon.colcon_core.environment:checking '/home/toni/toni_umrt_ros/install/telemetry_interfaces/bin'
[0.645s] Level 1:colcon.colcon_core.environment:checking '/home/toni/toni_umrt_ros/install/telemetry_interfaces/lib/pkgconfig/telemetry_interfaces.pc'
[0.645s] Level 1:colcon.colcon_core.environment:checking '/home/toni/toni_umrt_ros/install/telemetry_interfaces/lib/python3.12/site-packages'
[0.645s] Level 1:colcon.colcon_core.shell:create_environment_hook('telemetry_interfaces', 'pythonpath')
[0.645s] INFO:colcon.colcon_core.shell:Creating environment hook '/home/toni/toni_umrt_ros/install/telemetry_interfaces/share/telemetry_interfaces/hook/pythonpath.ps1'
[0.645s] INFO:colcon.colcon_core.shell:Creating environment descriptor '/home/toni/toni_umrt_ros/install/telemetry_interfaces/share/telemetry_interfaces/hook/pythonpath.dsv'
[0.646s] INFO:colcon.colcon_core.shell:Creating environment hook '/home/toni/toni_umrt_ros/install/telemetry_interfaces/share/telemetry_interfaces/hook/pythonpath.sh'
[0.646s] Level 1:colcon.colcon_core.environment:checking '/home/toni/toni_umrt_ros/install/telemetry_interfaces/bin'
[0.646s] INFO:colcon.colcon_core.shell:Creating package script '/home/toni/toni_umrt_ros/install/telemetry_interfaces/share/telemetry_interfaces/package.ps1'
[0.647s] INFO:colcon.colcon_core.shell:Creating package descriptor '/home/toni/toni_umrt_ros/install/telemetry_interfaces/share/telemetry_interfaces/package.dsv'
[0.647s] INFO:colcon.colcon_core.shell:Creating package script '/home/toni/toni_umrt_ros/install/telemetry_interfaces/share/telemetry_interfaces/package.sh'
[0.648s] INFO:colcon.colcon_core.shell:Creating package script '/home/toni/toni_umrt_ros/install/telemetry_interfaces/share/telemetry_interfaces/package.bash'
[0.648s] INFO:colcon.colcon_core.shell:Creating package script '/home/toni/toni_umrt_ros/install/telemetry_interfaces/share/telemetry_interfaces/package.zsh'
[0.648s] Level 1:colcon.colcon_core.environment:create_file_with_runtime_dependencies(/home/toni/toni_umrt_ros/install/telemetry_interfaces/share/colcon-core/packages/telemetry_interfaces)
[0.730s] Level 1:colcon.colcon_core.environment:create_environment_scripts_only(telemetry_interfaces)
[0.730s] Level 1:colcon.colcon_core.environment:checking '/home/toni/toni_umrt_ros/install/telemetry_interfaces' for CMake module files
[0.731s] Level 1:colcon.colcon_core.environment:checking '/home/toni/toni_umrt_ros/install/telemetry_interfaces' for CMake config files
[0.731s] Level 1:colcon.colcon_core.shell:create_environment_hook('telemetry_interfaces', 'cmake_prefix_path')
[0.731s] INFO:colcon.colcon_core.shell:Creating environment hook '/home/toni/toni_umrt_ros/install/telemetry_interfaces/share/telemetry_interfaces/hook/cmake_prefix_path.ps1'
[0.732s] INFO:colcon.colcon_core.shell:Creating environment descriptor '/home/toni/toni_umrt_ros/install/telemetry_interfaces/share/telemetry_interfaces/hook/cmake_prefix_path.dsv'
[0.732s] INFO:colcon.colcon_core.shell:Creating environment hook '/home/toni/toni_umrt_ros/install/telemetry_interfaces/share/telemetry_interfaces/hook/cmake_prefix_path.sh'
[0.732s] Level 1:colcon.colcon_core.environment:checking '/home/toni/toni_umrt_ros/install/telemetry_interfaces/lib'
[0.732s] Level 1:colcon.colcon_core.shell:create_environment_hook('telemetry_interfaces', 'ld_library_path_lib')
[0.732s] INFO:colcon.colcon_core.shell:Creating environment hook '/home/toni/toni_umrt_ros/install/telemetry_interfaces/share/telemetry_interfaces/hook/ld_library_path_lib.ps1'
[0.733s] INFO:colcon.colcon_core.shell:Creating environment descriptor '/home/toni/toni_umrt_ros/install/telemetry_interfaces/share/telemetry_interfaces/hook/ld_library_path_lib.dsv'
[0.733s] INFO:colcon.colcon_core.shell:Creating environment hook '/home/toni/toni_umrt_ros/install/telemetry_interfaces/share/telemetry_interfaces/hook/ld_library_path_lib.sh'
[0.733s] Level 1:colcon.colcon_core.environment:checking '/home/toni/toni_umrt_ros/install/telemetry_interfaces/bin'
[0.733s] Level 1:colcon.colcon_core.environment:checking '/home/toni/toni_umrt_ros/install/telemetry_interfaces/lib/pkgconfig/telemetry_interfaces.pc'
[0.733s] Level 1:colcon.colcon_core.environment:checking '/home/toni/toni_umrt_ros/install/telemetry_interfaces/lib/python3.12/site-packages'
[0.734s] Level 1:colcon.colcon_core.shell:create_environment_hook('telemetry_interfaces', 'pythonpath')
[0.734s] INFO:colcon.colcon_core.shell:Creating environment hook '/home/toni/toni_umrt_ros/install/telemetry_interfaces/share/telemetry_interfaces/hook/pythonpath.ps1'
[0.734s] INFO:colcon.colcon_core.shell:Creating environment descriptor '/home/toni/toni_umrt_ros/install/telemetry_interfaces/share/telemetry_interfaces/hook/pythonpath.dsv'
[0.734s] INFO:colcon.colcon_core.shell:Creating environment hook '/home/toni/toni_umrt_ros/install/telemetry_interfaces/share/telemetry_interfaces/hook/pythonpath.sh'
[0.735s] Level 1:colcon.colcon_core.environment:checking '/home/toni/toni_umrt_ros/install/telemetry_interfaces/bin'
[0.735s] INFO:colcon.colcon_core.shell:Creating package script '/home/toni/toni_umrt_ros/install/telemetry_interfaces/share/telemetry_interfaces/package.ps1'
[0.735s] INFO:colcon.colcon_core.shell:Creating package descriptor '/home/toni/toni_umrt_ros/install/telemetry_interfaces/share/telemetry_interfaces/package.dsv'
[0.735s] INFO:colcon.colcon_core.shell:Creating package script '/home/toni/toni_umrt_ros/install/telemetry_interfaces/share/telemetry_interfaces/package.sh'
[0.736s] INFO:colcon.colcon_core.shell:Creating package script '/home/toni/toni_umrt_ros/install/telemetry_interfaces/share/telemetry_interfaces/package.bash'
[0.736s] INFO:colcon.colcon_core.shell:Creating package script '/home/toni/toni_umrt_ros/install/telemetry_interfaces/share/telemetry_interfaces/package.zsh'
[0.736s] Level 1:colcon.colcon_core.environment:create_file_with_runtime_dependencies(/home/toni/toni_umrt_ros/install/telemetry_interfaces/share/colcon-core/packages/telemetry_interfaces)
[0.736s] INFO:colcon.colcon_ros.task.ament_cmake.build:Building ROS package in '/home/toni/toni_umrt_ros/src/telemetry' with build type 'ament_cmake'
[0.736s] INFO:colcon.colcon_cmake.task.cmake.build:Building CMake package in '/home/toni/toni_umrt_ros/src/telemetry'
[0.737s] INFO:colcon.colcon_core.shell:Skip shell extension 'powershell' for command environment: Not usable outside of PowerShell
[0.737s] DEBUG:colcon.colcon_core.shell:Skip shell extension 'dsv' for command environment
[0.748s] DEBUG:colcon.colcon_core.event_handler.log_command:Invoking command in '/home/toni/toni_umrt_ros/build/telemetry': CMAKE_PREFIX_PATH=/home/toni/toni_umrt_ros/install/telemetry_interfaces:/home/toni/toni_umrt_ros/install/telemetry:/opt/ros/rolling/opt/gz_math_vendor:/opt/ros/rolling/opt/gz_utils_vendor:/opt/ros/rolling/opt/gz_cmake_vendor:/opt/ros/rolling DEBUGINFOD_URLS=https://debuginfod.ubuntu.com /usr/bin/cmake --build /home/toni/toni_umrt_ros/build/telemetry -- -j4 -l4
[9.657s] DEBUG:colcon.colcon_core.event_handler.log_command:Invoked command in '/home/toni/toni_umrt_ros/build/telemetry' returned '0': CMAKE_PREFIX_PATH=/home/toni/toni_umrt_ros/install/telemetry_interfaces:/home/toni/toni_umrt_ros/install/telemetry:/opt/ros/rolling/opt/gz_math_vendor:/opt/ros/rolling/opt/gz_utils_vendor:/opt/ros/rolling/opt/gz_cmake_vendor:/opt/ros/rolling DEBUGINFOD_URLS=https://debuginfod.ubuntu.com /usr/bin/cmake --build /home/toni/toni_umrt_ros/build/telemetry -- -j4 -l4
[9.678s] DEBUG:colcon.colcon_core.event_handler.log_command:Invoking command in '/home/toni/toni_umrt_ros/build/telemetry': CMAKE_PREFIX_PATH=/home/toni/toni_umrt_ros/install/telemetry_interfaces:/home/toni/toni_umrt_ros/install/telemetry:/opt/ros/rolling/opt/gz_math_vendor:/opt/ros/rolling/opt/gz_utils_vendor:/opt/ros/rolling/opt/gz_cmake_vendor:/opt/ros/rolling DEBUGINFOD_URLS=https://debuginfod.ubuntu.com /usr/bin/cmake --install /home/toni/toni_umrt_ros/build/telemetry
[9.693s] Level 1:colcon.colcon_core.environment:create_environment_scripts_only(telemetry)
[9.693s] DEBUG:colcon.colcon_core.event_handler.log_command:Invoked command in '/home/toni/toni_umrt_ros/build/telemetry' returned '0': CMAKE_PREFIX_PATH=/home/toni/toni_umrt_ros/install/telemetry_interfaces:/home/toni/toni_umrt_ros/install/telemetry:/opt/ros/rolling/opt/gz_math_vendor:/opt/ros/rolling/opt/gz_utils_vendor:/opt/ros/rolling/opt/gz_cmake_vendor:/opt/ros/rolling DEBUGINFOD_URLS=https://debuginfod.ubuntu.com /usr/bin/cmake --install /home/toni/toni_umrt_ros/build/telemetry
[9.693s] Level 1:colcon.colcon_core.environment:checking '/home/toni/toni_umrt_ros/install/telemetry' for CMake module files
[9.694s] Level 1:colcon.colcon_core.environment:checking '/home/toni/toni_umrt_ros/install/telemetry' for CMake config files
[9.694s] Level 1:colcon.colcon_core.shell:create_environment_hook('telemetry', 'cmake_prefix_path')
[9.694s] INFO:colcon.colcon_core.shell:Creating environment hook '/home/toni/toni_umrt_ros/install/telemetry/share/telemetry/hook/cmake_prefix_path.ps1'
[9.694s] INFO:colcon.colcon_core.shell:Creating environment descriptor '/home/toni/toni_umrt_ros/install/telemetry/share/telemetry/hook/cmake_prefix_path.dsv'
[9.694s] INFO:colcon.colcon_core.shell:Creating environment hook '/home/toni/toni_umrt_ros/install/telemetry/share/telemetry/hook/cmake_prefix_path.sh'
[9.695s] Level 1:colcon.colcon_core.environment:checking '/home/toni/toni_umrt_ros/install/telemetry/lib'
[9.695s] Level 1:colcon.colcon_core.environment:checking '/home/toni/toni_umrt_ros/install/telemetry/bin'
[9.695s] Level 1:colcon.colcon_core.environment:checking '/home/toni/toni_umrt_ros/install/telemetry/lib/pkgconfig/telemetry.pc'
[9.695s] Level 1:colcon.colcon_core.environment:checking '/home/toni/toni_umrt_ros/install/telemetry/lib/python3.12/site-packages'
[9.695s] Level 1:colcon.colcon_core.environment:checking '/home/toni/toni_umrt_ros/install/telemetry/bin'
[9.695s] INFO:colcon.colcon_core.shell:Creating package script '/home/toni/toni_umrt_ros/install/telemetry/share/telemetry/package.ps1'
[9.696s] INFO:colcon.colcon_core.shell:Creating package descriptor '/home/toni/toni_umrt_ros/install/telemetry/share/telemetry/package.dsv'
[9.696s] INFO:colcon.colcon_core.shell:Creating package script '/home/toni/toni_umrt_ros/install/telemetry/share/telemetry/package.sh'
[9.696s] INFO:colcon.colcon_core.shell:Creating package script '/home/toni/toni_umrt_ros/install/telemetry/share/telemetry/package.bash'
[9.696s] INFO:colcon.colcon_core.shell:Creating package script '/home/toni/toni_umrt_ros/install/telemetry/share/telemetry/package.zsh'
[9.697s] Level 1:colcon.colcon_core.environment:create_file_with_runtime_dependencies(/home/toni/toni_umrt_ros/install/telemetry/share/colcon-core/packages/telemetry)
[9.716s] Level 1:colcon.colcon_core.environment:create_environment_scripts_only(telemetry)
[9.716s] Level 1:colcon.colcon_core.environment:checking '/home/toni/toni_umrt_ros/install/telemetry' for CMake module files
[9.717s] Level 1:colcon.colcon_core.environment:checking '/home/toni/toni_umrt_ros/install/telemetry' for CMake config files
[9.717s] Level 1:colcon.colcon_core.shell:create_environment_hook('telemetry', 'cmake_prefix_path')
[9.717s] INFO:colcon.colcon_core.shell:Creating environment hook '/home/toni/toni_umrt_ros/install/telemetry/share/telemetry/hook/cmake_prefix_path.ps1'
[9.717s] INFO:colcon.colcon_core.shell:Creating environment descriptor '/home/toni/toni_umrt_ros/install/telemetry/share/telemetry/hook/cmake_prefix_path.dsv'
[9.718s] INFO:colcon.colcon_core.shell:Creating environment hook '/home/toni/toni_umrt_ros/install/telemetry/share/telemetry/hook/cmake_prefix_path.sh'
[9.718s] Level 1:colcon.colcon_core.environment:checking '/home/toni/toni_umrt_ros/install/telemetry/lib'
[9.718s] Level 1:colcon.colcon_core.environment:checking '/home/toni/toni_umrt_ros/install/telemetry/bin'
[9.718s] Level 1:colcon.colcon_core.environment:checking '/home/toni/toni_umrt_ros/install/telemetry/lib/pkgconfig/telemetry.pc'
[9.719s] Level 1:colcon.colcon_core.environment:checking '/home/toni/toni_umrt_ros/install/telemetry/lib/python3.12/site-packages'
[9.719s] Level 1:colcon.colcon_core.environment:checking '/home/toni/toni_umrt_ros/install/telemetry/bin'
[9.719s] INFO:colcon.colcon_core.shell:Creating package script '/home/toni/toni_umrt_ros/install/telemetry/share/telemetry/package.ps1'
[9.719s] INFO:colcon.colcon_core.shell:Creating package descriptor '/home/toni/toni_umrt_ros/install/telemetry/share/telemetry/package.dsv'
[9.720s] INFO:colcon.colcon_core.shell:Creating package script '/home/toni/toni_umrt_ros/install/telemetry/share/telemetry/package.sh'
[9.720s] INFO:colcon.colcon_core.shell:Creating package script '/home/toni/toni_umrt_ros/install/telemetry/share/telemetry/package.bash'
[9.720s] INFO:colcon.colcon_core.shell:Creating package script '/home/toni/toni_umrt_ros/install/telemetry/share/telemetry/package.zsh'
[9.720s] Level 1:colcon.colcon_core.environment:create_file_with_runtime_dependencies(/home/toni/toni_umrt_ros/install/telemetry/share/colcon-core/packages/telemetry)
[9.721s] DEBUG:colcon.colcon_parallel_executor.executor.parallel:closing loop
[9.721s] DEBUG:colcon.colcon_parallel_executor.executor.parallel:loop closed
[9.721s] DEBUG:colcon.colcon_parallel_executor.executor.parallel:run_until_complete finished with '0'
[9.721s] DEBUG:colcon.colcon_core.event_reactor:joining thread
[9.727s] INFO:colcon.colcon_core.plugin_system:Skipping extension 'colcon_notification.desktop_notification.terminal_notifier': Not used on non-Darwin systems
[9.727s] INFO:colcon.colcon_core.plugin_system:Skipping extension 'colcon_notification.desktop_notification.win32': Not used on non-Windows systems
[9.727s] INFO:colcon.colcon_notification.desktop_notification:Sending desktop notification using 'notify2'
[9.742s] DEBUG:colcon.colcon_core.event_reactor:joined thread
[9.742s] INFO:colcon.colcon_core.shell:Creating prefix script '/home/toni/toni_umrt_ros/install/local_setup.ps1'
[9.743s] INFO:colcon.colcon_core.shell:Creating prefix util module '/home/toni/toni_umrt_ros/install/_local_setup_util_ps1.py'
[9.745s] INFO:colcon.colcon_core.shell:Creating prefix chain script '/home/toni/toni_umrt_ros/install/setup.ps1'
[9.746s] INFO:colcon.colcon_core.shell:Creating prefix script '/home/toni/toni_umrt_ros/install/local_setup.sh'
[9.746s] INFO:colcon.colcon_core.shell:Creating prefix util module '/home/toni/toni_umrt_ros/install/_local_setup_util_sh.py'
[9.747s] INFO:colcon.colcon_core.shell:Creating prefix chain script '/home/toni/toni_umrt_ros/install/setup.sh'
[9.747s] INFO:colcon.colcon_core.shell:Creating prefix script '/home/toni/toni_umrt_ros/install/local_setup.bash'
[9.748s] INFO:colcon.colcon_core.shell:Creating prefix chain script '/home/toni/toni_umrt_ros/install/setup.bash'
[9.749s] INFO:colcon.colcon_core.shell:Creating prefix script '/home/toni/toni_umrt_ros/install/local_setup.zsh'
[9.749s] INFO:colcon.colcon_core.shell:Creating prefix chain script '/home/toni/toni_umrt_ros/install/setup.zsh'
